Copyright 1986-2022 Xilinx, Inc. All Rights Reserved. Copyright 2022-2025 Advanced Micro Devices, Inc. All Rights Reserved.
--------------------------------------------------------------------------------------------------------------------------------------------------------------------------------
| Tool Version : Vivado v.2025.1 (lin64) Build 6140274 Wed May 21 22:58:25 MDT 2025
| Date         : Mon Dec  1 14:29:12 2025
| Host         : cenglab16 running 64-bit Ubuntu 24.04.3 LTS
| Command      : report_methodology -file system_wrapper_methodology_drc_routed.rpt -pb system_wrapper_methodology_drc_routed.pb -rpx system_wrapper_methodology_drc_routed.rpx
| Design       : system_wrapper
| Device       : xc7a100tcsg324-1
| Speed File   : -1
| Design State : Fully Routed
--------------------------------------------------------------------------------------------------------------------------------------------------------------------------------

Report Methodology

Table of Contents
-----------------
1. REPORT SUMMARY
2. REPORT DETAILS

1. REPORT SUMMARY
-----------------
            Netlist: netlist
          Floorplan: design_1
      Design limits: <entire design considered>
             Max checks: <unlimited>
             Checks found: 159
+-----------+----------+-----------------------+--------+
| Rule      | Severity | Description           | Checks |
+-----------+----------+-----------------------+--------+
| TIMING-16 | Warning  | Large setup violation | 159    |
+-----------+----------+-----------------------+--------+

2. REPORT DETAILS
-----------------
TIMING-16#1 Warning
Large setup violation  
There is a large setup violation of -1.000 ns between system_i/microprocessor_0/U0/fetch_unit/IRLatch/q_i_reg[6]/C (clocked by clk_out1_system_clk_wiz_0) and system_i/microprocessor_0/U0/datapath/register_file/regGen[1].regI/q_i_reg[3]/D (clocked by clk_out1_system_clk_wiz_0). Large setup violations at the end of those stages might be difficult to fix during the post-placement implementation flow and could be the result of non-optimal XDC constraints or non-optimal design architecture
Related violations: <none>

TIMING-16#2 Warning
Large setup violation  
There is a large setup violation of -1.000 ns between system_i/microprocessor_0/U0/fetch_unit/IRLatch/q_i_reg[6]/C (clocked by clk_out1_system_clk_wiz_0) and system_i/microprocessor_0/U0/datapath/register_file/regGen[30].regI/q_i_reg[15]/D (clocked by clk_out1_system_clk_wiz_0). Large setup violations at the end of those stages might be difficult to fix during the post-placement implementation flow and could be the result of non-optimal XDC constraints or non-optimal design architecture
Related violations: <none>

TIMING-16#3 Warning
Large setup violation  
There is a large setup violation of -1.002 ns between system_i/microprocessor_0/U0/fetch_unit/IRLatch/q_i_reg[0]/C (clocked by clk_out1_system_clk_wiz_0) and system_i/microprocessor_0/U0/datapath/register_file/regGen[18].regI/q_i_reg[10]/D (clocked by clk_out1_system_clk_wiz_0). Large setup violations at the end of those stages might be difficult to fix during the post-placement implementation flow and could be the result of non-optimal XDC constraints or non-optimal design architecture
Related violations: <none>

TIMING-16#4 Warning
Large setup violation  
There is a large setup violation of -1.003 ns between system_i/microprocessor_0/U0/fetch_unit/IRLatch/q_i_reg[6]/C (clocked by clk_out1_system_clk_wiz_0) and system_i/microprocessor_0/U0/datapath/register_file/regGen[18].regI/q_i_reg[15]/D (clocked by clk_out1_system_clk_wiz_0). Large setup violations at the end of those stages might be difficult to fix during the post-placement implementation flow and could be the result of non-optimal XDC constraints or non-optimal design architecture
Related violations: <none>

TIMING-16#5 Warning
Large setup violation  
There is a large setup violation of -1.005 ns between system_i/microprocessor_0/U0/fetch_unit/IRLatch/q_i_reg[6]/C (clocked by clk_out1_system_clk_wiz_0) and system_i/microprocessor_0/U0/datapath/register_file/regGen[7].regI/q_i_reg[3]/D (clocked by clk_out1_system_clk_wiz_0). Large setup violations at the end of those stages might be difficult to fix during the post-placement implementation flow and could be the result of non-optimal XDC constraints or non-optimal design architecture
Related violations: <none>

TIMING-16#6 Warning
Large setup violation  
There is a large setup violation of -1.008 ns between system_i/microprocessor_0/U0/fetch_unit/IRLatch/q_i_reg[0]/C (clocked by clk_out1_system_clk_wiz_0) and system_i/microprocessor_0/U0/datapath/register_file/regGen[23].regI/q_i_reg[10]/D (clocked by clk_out1_system_clk_wiz_0). Large setup violations at the end of those stages might be difficult to fix during the post-placement implementation flow and could be the result of non-optimal XDC constraints or non-optimal design architecture
Related violations: <none>

TIMING-16#7 Warning
Large setup violation  
There is a large setup violation of -1.008 ns between system_i/microprocessor_0/U0/fetch_unit/IRLatch/q_i_reg[4]_replica/C (clocked by clk_out1_system_clk_wiz_0) and system_i/microprocessor_0/U0/datapath/register_file/regGen[14].regI/q_i_reg[14]/D (clocked by clk_out1_system_clk_wiz_0). Large setup violations at the end of those stages might be difficult to fix during the post-placement implementation flow and could be the result of non-optimal XDC constraints or non-optimal design architecture
Related violations: <none>

TIMING-16#8 Warning
Large setup violation  
There is a large setup violation of -1.011 ns between system_i/microprocessor_0/U0/fetch_unit/IRLatch/q_i_reg[4]_replica/C (clocked by clk_out1_system_clk_wiz_0) and system_i/microprocessor_0/U0/datapath/register_file/regGen[19].regI/q_i_reg[14]/D (clocked by clk_out1_system_clk_wiz_0). Large setup violations at the end of those stages might be difficult to fix during the post-placement implementation flow and could be the result of non-optimal XDC constraints or non-optimal design architecture
Related violations: <none>

TIMING-16#9 Warning
Large setup violation  
There is a large setup violation of -1.012 ns between system_i/microprocessor_0/U0/fetch_unit/IRLatch/q_i_reg[0]/C (clocked by clk_out1_system_clk_wiz_0) and system_i/microprocessor_0/U0/datapath/register_file/regGen[25].regI/q_i_reg[10]/D (clocked by clk_out1_system_clk_wiz_0). Large setup violations at the end of those stages might be difficult to fix during the post-placement implementation flow and could be the result of non-optimal XDC constraints or non-optimal design architecture
Related violations: <none>

TIMING-16#10 Warning
Large setup violation  
There is a large setup violation of -1.012 ns between system_i/microprocessor_0/U0/fetch_unit/IRLatch/q_i_reg[0]/C (clocked by clk_out1_system_clk_wiz_0) and system_i/microprocessor_0/U0/datapath/register_file/regGen[28].regI/q_i_reg[18]/D (clocked by clk_out1_system_clk_wiz_0). Large setup violations at the end of those stages might be difficult to fix during the post-placement implementation flow and could be the result of non-optimal XDC constraints or non-optimal design architecture
Related violations: <none>

TIMING-16#11 Warning
Large setup violation  
There is a large setup violation of -1.012 ns between system_i/microprocessor_0/U0/fetch_unit/IRLatch/q_i_reg[6]/C (clocked by clk_out1_system_clk_wiz_0) and system_i/microprocessor_0/U0/datapath/register_file/regGen[9].regI/q_i_reg[17]/D (clocked by clk_out1_system_clk_wiz_0). Large setup violations at the end of those stages might be difficult to fix during the post-placement implementation flow and could be the result of non-optimal XDC constraints or non-optimal design architecture
Related violations: <none>

TIMING-16#12 Warning
Large setup violation  
There is a large setup violation of -1.015 ns between system_i/microprocessor_0/U0/fetch_unit/IRLatch/q_i_reg[6]/C (clocked by clk_out1_system_clk_wiz_0) and system_i/microprocessor_0/U0/datapath/register_file/regGen[23].regI/q_i_reg[31]/D (clocked by clk_out1_system_clk_wiz_0). Large setup violations at the end of those stages might be difficult to fix during the post-placement implementation flow and could be the result of non-optimal XDC constraints or non-optimal design architecture
Related violations: <none>

TIMING-16#13 Warning
Large setup violation  
There is a large setup violation of -1.019 ns between system_i/microprocessor_0/U0/fetch_unit/IRLatch/q_i_reg[0]/C (clocked by clk_out1_system_clk_wiz_0) and system_i/microprocessor_0/U0/datapath/register_file/regGen[10].regI/q_i_reg[10]/D (clocked by clk_out1_system_clk_wiz_0). Large setup violations at the end of those stages might be difficult to fix during the post-placement implementation flow and could be the result of non-optimal XDC constraints or non-optimal design architecture
Related violations: <none>

TIMING-16#14 Warning
Large setup violation  
There is a large setup violation of -1.019 ns between system_i/microprocessor_0/U0/fetch_unit/IRLatch/q_i_reg[0]/C (clocked by clk_out1_system_clk_wiz_0) and system_i/microprocessor_0/U0/datapath/register_file/regGen[4].regI/q_i_reg[10]/D (clocked by clk_out1_system_clk_wiz_0). Large setup violations at the end of those stages might be difficult to fix during the post-placement implementation flow and could be the result of non-optimal XDC constraints or non-optimal design architecture
Related violations: <none>

TIMING-16#15 Warning
Large setup violation  
There is a large setup violation of -1.024 ns between system_i/microprocessor_0/U0/fetch_unit/IRLatch/q_i_reg[6]/C (clocked by clk_out1_system_clk_wiz_0) and system_i/microprocessor_0/U0/datapath/register_file/regGen[20].regI/q_i_reg[19]/D (clocked by clk_out1_system_clk_wiz_0). Large setup violations at the end of those stages might be difficult to fix during the post-placement implementation flow and could be the result of non-optimal XDC constraints or non-optimal design architecture
Related violations: <none>

TIMING-16#16 Warning
Large setup violation  
There is a large setup violation of -1.026 ns between system_i/microprocessor_0/U0/fetch_unit/IRLatch/q_i_reg[0]/C (clocked by clk_out1_system_clk_wiz_0) and system_i/microprocessor_0/U0/datapath/register_file/regGen[7].regI/q_i_reg[9]/D (clocked by clk_out1_system_clk_wiz_0). Large setup violations at the end of those stages might be difficult to fix during the post-placement implementation flow and could be the result of non-optimal XDC constraints or non-optimal design architecture
Related violations: <none>

TIMING-16#17 Warning
Large setup violation  
There is a large setup violation of -1.028 ns between system_i/microprocessor_0/U0/fetch_unit/IRLatch/q_i_reg[0]/C (clocked by clk_out1_system_clk_wiz_0) and system_i/microprocessor_0/U0/datapath/register_file/regGen[12].regI/q_i_reg[18]/D (clocked by clk_out1_system_clk_wiz_0). Large setup violations at the end of those stages might be difficult to fix during the post-placement implementation flow and could be the result of non-optimal XDC constraints or non-optimal design architecture
Related violations: <none>

TIMING-16#18 Warning
Large setup violation  
There is a large setup violation of -1.030 ns between system_i/microprocessor_0/U0/fetch_unit/IRLatch/q_i_reg[6]/C (clocked by clk_out1_system_clk_wiz_0) and system_i/microprocessor_0/U0/datapath/register_file/regGen[6].regI/q_i_reg[3]/D (clocked by clk_out1_system_clk_wiz_0). Large setup violations at the end of those stages might be difficult to fix during the post-placement implementation flow and could be the result of non-optimal XDC constraints or non-optimal design architecture
Related violations: <none>

TIMING-16#19 Warning
Large setup violation  
There is a large setup violation of -1.034 ns between system_i/microprocessor_0/U0/fetch_unit/IRLatch/q_i_reg[0]/C (clocked by clk_out1_system_clk_wiz_0) and system_i/microprocessor_0/U0/datapath/register_file/regGen[14].regI/q_i_reg[10]/D (clocked by clk_out1_system_clk_wiz_0). Large setup violations at the end of those stages might be difficult to fix during the post-placement implementation flow and could be the result of non-optimal XDC constraints or non-optimal design architecture
Related violations: <none>

TIMING-16#20 Warning
Large setup violation  
There is a large setup violation of -1.034 ns between system_i/microprocessor_0/U0/fetch_unit/IRLatch/q_i_reg[4]_replica/C (clocked by clk_out1_system_clk_wiz_0) and system_i/microprocessor_0/U0/datapath/register_file/regGen[2].regI/q_i_reg[14]/D (clocked by clk_out1_system_clk_wiz_0). Large setup violations at the end of those stages might be difficult to fix during the post-placement implementation flow and could be the result of non-optimal XDC constraints or non-optimal design architecture
Related violations: <none>

TIMING-16#21 Warning
Large setup violation  
There is a large setup violation of -1.035 ns between system_i/microprocessor_0/U0/fetch_unit/IRLatch/q_i_reg[0]/C (clocked by clk_out1_system_clk_wiz_0) and system_i/microprocessor_0/U0/datapath/register_file/regGen[12].regI/q_i_reg[0]/D (clocked by clk_out1_system_clk_wiz_0). Large setup violations at the end of those stages might be difficult to fix during the post-placement implementation flow and could be the result of non-optimal XDC constraints or non-optimal design architecture
Related violations: <none>

TIMING-16#22 Warning
Large setup violation  
There is a large setup violation of -1.035 ns between system_i/microprocessor_0/U0/fetch_unit/IRLatch/q_i_reg[0]/C (clocked by clk_out1_system_clk_wiz_0) and system_i/microprocessor_0/U0/datapath/register_file/regGen[20].regI/q_i_reg[18]/D (clocked by clk_out1_system_clk_wiz_0). Large setup violations at the end of those stages might be difficult to fix during the post-placement implementation flow and could be the result of non-optimal XDC constraints or non-optimal design architecture
Related violations: <none>

TIMING-16#23 Warning
Large setup violation  
There is a large setup violation of -1.037 ns between system_i/microprocessor_0/U0/fetch_unit/IRLatch/q_i_reg[6]/C (clocked by clk_out1_system_clk_wiz_0) and system_i/microprocessor_0/U0/datapath/register_file/regGen[9].regI/q_i_reg[3]/D (clocked by clk_out1_system_clk_wiz_0). Large setup violations at the end of those stages might be difficult to fix during the post-placement implementation flow and could be the result of non-optimal XDC constraints or non-optimal design architecture
Related violations: <none>

TIMING-16#24 Warning
Large setup violation  
There is a large setup violation of -1.038 ns between system_i/microprocessor_0/U0/fetch_unit/IRLatch/q_i_reg[0]/C (clocked by clk_out1_system_clk_wiz_0) and system_i/microprocessor_0/U0/datapath/register_file/regGen[21].regI/q_i_reg[18]/D (clocked by clk_out1_system_clk_wiz_0). Large setup violations at the end of those stages might be difficult to fix during the post-placement implementation flow and could be the result of non-optimal XDC constraints or non-optimal design architecture
Related violations: <none>

TIMING-16#25 Warning
Large setup violation  
There is a large setup violation of -1.042 ns between system_i/microprocessor_0/U0/fetch_unit/IRLatch/q_i_reg[0]/C (clocked by clk_out1_system_clk_wiz_0) and system_i/microprocessor_0/U0/datapath/register_file/regGen[9].regI/q_i_reg[18]/D (clocked by clk_out1_system_clk_wiz_0). Large setup violations at the end of those stages might be difficult to fix during the post-placement implementation flow and could be the result of non-optimal XDC constraints or non-optimal design architecture
Related violations: <none>

TIMING-16#26 Warning
Large setup violation  
There is a large setup violation of -1.042 ns between system_i/microprocessor_0/U0/fetch_unit/IRLatch/q_i_reg[6]/C (clocked by clk_out1_system_clk_wiz_0) and system_i/microprocessor_0/U0/datapath/register_file/regGen[29].regI/q_i_reg[11]/D (clocked by clk_out1_system_clk_wiz_0). Large setup violations at the end of those stages might be difficult to fix during the post-placement implementation flow and could be the result of non-optimal XDC constraints or non-optimal design architecture
Related violations: <none>

TIMING-16#27 Warning
Large setup violation  
There is a large setup violation of -1.044 ns between system_i/microprocessor_0/U0/fetch_unit/IRLatch/q_i_reg[6]/C (clocked by clk_out1_system_clk_wiz_0) and system_i/microprocessor_0/U0/datapath/register_file/regGen[21].regI/q_i_reg[4]/D (clocked by clk_out1_system_clk_wiz_0). Large setup violations at the end of those stages might be difficult to fix during the post-placement implementation flow and could be the result of non-optimal XDC constraints or non-optimal design architecture
Related violations: <none>

TIMING-16#28 Warning
Large setup violation  
There is a large setup violation of -1.045 ns between system_i/microprocessor_0/U0/fetch_unit/IRLatch/q_i_reg[0]/C (clocked by clk_out1_system_clk_wiz_0) and system_i/microprocessor_0/U0/datapath/register_file/regGen[15].regI/q_i_reg[13]/D (clocked by clk_out1_system_clk_wiz_0). Large setup violations at the end of those stages might be difficult to fix during the post-placement implementation flow and could be the result of non-optimal XDC constraints or non-optimal design architecture
Related violations: <none>

TIMING-16#29 Warning
Large setup violation  
There is a large setup violation of -1.049 ns between system_i/microprocessor_0/U0/fetch_unit/IRLatch/q_i_reg[6]/C (clocked by clk_out1_system_clk_wiz_0) and system_i/microprocessor_0/U0/datapath/register_file/regGen[5].regI/q_i_reg[15]/D (clocked by clk_out1_system_clk_wiz_0). Large setup violations at the end of those stages might be difficult to fix during the post-placement implementation flow and could be the result of non-optimal XDC constraints or non-optimal design architecture
Related violations: <none>

TIMING-16#30 Warning
Large setup violation  
There is a large setup violation of -1.050 ns between system_i/microprocessor_0/U0/fetch_unit/IRLatch/q_i_reg[0]/C (clocked by clk_out1_system_clk_wiz_0) and system_i/microprocessor_0/U0/datapath/register_file/regGen[17].regI/q_i_reg[13]/D (clocked by clk_out1_system_clk_wiz_0). Large setup violations at the end of those stages might be difficult to fix during the post-placement implementation flow and could be the result of non-optimal XDC constraints or non-optimal design architecture
Related violations: <none>

TIMING-16#31 Warning
Large setup violation  
There is a large setup violation of -1.050 ns between system_i/microprocessor_0/U0/fetch_unit/IRLatch/q_i_reg[0]/C (clocked by clk_out1_system_clk_wiz_0) and system_i/microprocessor_0/U0/datapath/register_file/regGen[30].regI/q_i_reg[18]/D (clocked by clk_out1_system_clk_wiz_0). Large setup violations at the end of those stages might be difficult to fix during the post-placement implementation flow and could be the result of non-optimal XDC constraints or non-optimal design architecture
Related violations: <none>

TIMING-16#32 Warning
Large setup violation  
There is a large setup violation of -1.050 ns between system_i/microprocessor_0/U0/fetch_unit/IRLatch/q_i_reg[6]/C (clocked by clk_out1_system_clk_wiz_0) and system_i/microprocessor_0/U0/datapath/register_file/regGen[1].regI/q_i_reg[19]/D (clocked by clk_out1_system_clk_wiz_0). Large setup violations at the end of those stages might be difficult to fix during the post-placement implementation flow and could be the result of non-optimal XDC constraints or non-optimal design architecture
Related violations: <none>

TIMING-16#33 Warning
Large setup violation  
There is a large setup violation of -1.050 ns between system_i/microprocessor_0/U0/fetch_unit/IRLatch/q_i_reg[6]/C (clocked by clk_out1_system_clk_wiz_0) and system_i/microprocessor_0/U0/datapath/register_file/regGen[9].regI/q_i_reg[27]/D (clocked by clk_out1_system_clk_wiz_0). Large setup violations at the end of those stages might be difficult to fix during the post-placement implementation flow and could be the result of non-optimal XDC constraints or non-optimal design architecture
Related violations: <none>

TIMING-16#34 Warning
Large setup violation  
There is a large setup violation of -1.051 ns between system_i/microprocessor_0/U0/fetch_unit/IRLatch/q_i_reg[0]/C (clocked by clk_out1_system_clk_wiz_0) and system_i/microprocessor_0/U0/datapath/register_file/regGen[9].regI/q_i_reg[9]/D (clocked by clk_out1_system_clk_wiz_0). Large setup violations at the end of those stages might be difficult to fix during the post-placement implementation flow and could be the result of non-optimal XDC constraints or non-optimal design architecture
Related violations: <none>

TIMING-16#35 Warning
Large setup violation  
There is a large setup violation of -1.051 ns between system_i/microprocessor_0/U0/fetch_unit/IRLatch/q_i_reg[6]/C (clocked by clk_out1_system_clk_wiz_0) and system_i/microprocessor_0/U0/datapath/register_file/regGen[30].regI/q_i_reg[3]/D (clocked by clk_out1_system_clk_wiz_0). Large setup violations at the end of those stages might be difficult to fix during the post-placement implementation flow and could be the result of non-optimal XDC constraints or non-optimal design architecture
Related violations: <none>

TIMING-16#36 Warning
Large setup violation  
There is a large setup violation of -1.055 ns between system_i/microprocessor_0/U0/fetch_unit/IRLatch/q_i_reg[6]/C (clocked by clk_out1_system_clk_wiz_0) and system_i/microprocessor_0/U0/datapath/register_file/regGen[16].regI/q_i_reg[27]/D (clocked by clk_out1_system_clk_wiz_0). Large setup violations at the end of those stages might be difficult to fix during the post-placement implementation flow and could be the result of non-optimal XDC constraints or non-optimal design architecture
Related violations: <none>

TIMING-16#37 Warning
Large setup violation  
There is a large setup violation of -1.056 ns between system_i/microprocessor_0/U0/fetch_unit/IRLatch/q_i_reg[4]_replica/C (clocked by clk_out1_system_clk_wiz_0) and system_i/microprocessor_0/U0/datapath/register_file/regGen[1].regI/q_i_reg[14]/D (clocked by clk_out1_system_clk_wiz_0). Large setup violations at the end of those stages might be difficult to fix during the post-placement implementation flow and could be the result of non-optimal XDC constraints or non-optimal design architecture
Related violations: <none>

TIMING-16#38 Warning
Large setup violation  
There is a large setup violation of -1.057 ns between system_i/microprocessor_0/U0/fetch_unit/IRLatch/q_i_reg[6]/C (clocked by clk_out1_system_clk_wiz_0) and system_i/microprocessor_0/U0/datapath/register_file/regGen[4].regI/q_i_reg[31]/D (clocked by clk_out1_system_clk_wiz_0). Large setup violations at the end of those stages might be difficult to fix during the post-placement implementation flow and could be the result of non-optimal XDC constraints or non-optimal design architecture
Related violations: <none>

TIMING-16#39 Warning
Large setup violation  
There is a large setup violation of -1.059 ns between system_i/microprocessor_0/U0/fetch_unit/IRLatch/q_i_reg[6]/C (clocked by clk_out1_system_clk_wiz_0) and system_i/microprocessor_0/U0/datapath/PC/cur_addr_reg[12]/CE (clocked by clk_out1_system_clk_wiz_0). Large setup violations at the end of those stages might be difficult to fix during the post-placement implementation flow and could be the result of non-optimal XDC constraints or non-optimal design architecture
Related violations: <none>

TIMING-16#40 Warning
Large setup violation  
There is a large setup violation of -1.059 ns between system_i/microprocessor_0/U0/fetch_unit/IRLatch/q_i_reg[6]/C (clocked by clk_out1_system_clk_wiz_0) and system_i/microprocessor_0/U0/datapath/PC/cur_addr_reg[14]/CE (clocked by clk_out1_system_clk_wiz_0). Large setup violations at the end of those stages might be difficult to fix during the post-placement implementation flow and could be the result of non-optimal XDC constraints or non-optimal design architecture
Related violations: <none>

TIMING-16#41 Warning
Large setup violation  
There is a large setup violation of -1.059 ns between system_i/microprocessor_0/U0/fetch_unit/IRLatch/q_i_reg[6]/C (clocked by clk_out1_system_clk_wiz_0) and system_i/microprocessor_0/U0/datapath/PC/cur_addr_reg[7]/CE (clocked by clk_out1_system_clk_wiz_0). Large setup violations at the end of those stages might be difficult to fix during the post-placement implementation flow and could be the result of non-optimal XDC constraints or non-optimal design architecture
Related violations: <none>

TIMING-16#42 Warning
Large setup violation  
There is a large setup violation of -1.059 ns between system_i/microprocessor_0/U0/fetch_unit/IRLatch/q_i_reg[6]/C (clocked by clk_out1_system_clk_wiz_0) and system_i/microprocessor_0/U0/datapath/PC/cur_addr_reg[9]/CE (clocked by clk_out1_system_clk_wiz_0). Large setup violations at the end of those stages might be difficult to fix during the post-placement implementation flow and could be the result of non-optimal XDC constraints or non-optimal design architecture
Related violations: <none>

TIMING-16#43 Warning
Large setup violation  
There is a large setup violation of -1.064 ns between system_i/microprocessor_0/U0/fetch_unit/IRLatch/q_i_reg[6]/C (clocked by clk_out1_system_clk_wiz_0) and system_i/microprocessor_0/U0/datapath/register_file/regGen[23].regI/q_i_reg[19]/D (clocked by clk_out1_system_clk_wiz_0). Large setup violations at the end of those stages might be difficult to fix during the post-placement implementation flow and could be the result of non-optimal XDC constraints or non-optimal design architecture
Related violations: <none>

TIMING-16#44 Warning
Large setup violation  
There is a large setup violation of -1.067 ns between system_i/microprocessor_0/U0/fetch_unit/IRLatch/q_i_reg[6]/C (clocked by clk_out1_system_clk_wiz_0) and system_i/microprocessor_0/U0/datapath/register_file/regGen[16].regI/q_i_reg[31]/D (clocked by clk_out1_system_clk_wiz_0). Large setup violations at the end of those stages might be difficult to fix during the post-placement implementation flow and could be the result of non-optimal XDC constraints or non-optimal design architecture
Related violations: <none>

TIMING-16#45 Warning
Large setup violation  
There is a large setup violation of -1.068 ns between system_i/microprocessor_0/U0/fetch_unit/IRLatch/q_i_reg[0]/C (clocked by clk_out1_system_clk_wiz_0) and system_i/microprocessor_0/U0/datapath/register_file/regGen[30].regI/q_i_reg[30]/D (clocked by clk_out1_system_clk_wiz_0). Large setup violations at the end of those stages might be difficult to fix during the post-placement implementation flow and could be the result of non-optimal XDC constraints or non-optimal design architecture
Related violations: <none>

TIMING-16#46 Warning
Large setup violation  
There is a large setup violation of -1.068 ns between system_i/microprocessor_0/U0/fetch_unit/IRLatch/q_i_reg[0]/C (clocked by clk_out1_system_clk_wiz_0) and system_i/microprocessor_0/U0/datapath/register_file/regGen[8].regI/q_i_reg[18]/D (clocked by clk_out1_system_clk_wiz_0). Large setup violations at the end of those stages might be difficult to fix during the post-placement implementation flow and could be the result of non-optimal XDC constraints or non-optimal design architecture
Related violations: <none>

TIMING-16#47 Warning
Large setup violation  
There is a large setup violation of -1.075 ns between system_i/microprocessor_0/U0/fetch_unit/IRLatch/q_i_reg[6]/C (clocked by clk_out1_system_clk_wiz_0) and system_i/microprocessor_0/U0/datapath/register_file/regGen[22].regI/q_i_reg[11]/D (clocked by clk_out1_system_clk_wiz_0). Large setup violations at the end of those stages might be difficult to fix during the post-placement implementation flow and could be the result of non-optimal XDC constraints or non-optimal design architecture
Related violations: <none>

TIMING-16#48 Warning
Large setup violation  
There is a large setup violation of -1.075 ns between system_i/microprocessor_0/U0/fetch_unit/IRLatch/q_i_reg[6]/C (clocked by clk_out1_system_clk_wiz_0) and system_i/microprocessor_0/U0/datapath/register_file/regGen[3].regI/q_i_reg[27]/D (clocked by clk_out1_system_clk_wiz_0). Large setup violations at the end of those stages might be difficult to fix during the post-placement implementation flow and could be the result of non-optimal XDC constraints or non-optimal design architecture
Related violations: <none>

TIMING-16#49 Warning
Large setup violation  
There is a large setup violation of -1.076 ns between system_i/microprocessor_0/U0/fetch_unit/IRLatch/q_i_reg[0]/C (clocked by clk_out1_system_clk_wiz_0) and system_i/microprocessor_0/U0/datapath/register_file/regGen[18].regI/q_i_reg[18]/D (clocked by clk_out1_system_clk_wiz_0). Large setup violations at the end of those stages might be difficult to fix during the post-placement implementation flow and could be the result of non-optimal XDC constraints or non-optimal design architecture
Related violations: <none>

TIMING-16#50 Warning
Large setup violation  
There is a large setup violation of -1.076 ns between system_i/microprocessor_0/U0/fetch_unit/IRLatch/q_i_reg[6]/C (clocked by clk_out1_system_clk_wiz_0) and system_i/microprocessor_0/U0/datapath/register_file/regGen[18].regI/q_i_reg[20]/D (clocked by clk_out1_system_clk_wiz_0). Large setup violations at the end of those stages might be difficult to fix during the post-placement implementation flow and could be the result of non-optimal XDC constraints or non-optimal design architecture
Related violations: <none>

TIMING-16#51 Warning
Large setup violation  
There is a large setup violation of -1.076 ns between system_i/microprocessor_0/U0/fetch_unit/IRLatch/q_i_reg[6]/C (clocked by clk_out1_system_clk_wiz_0) and system_i/microprocessor_0/U0/datapath/register_file/regGen[4].regI/q_i_reg[11]/D (clocked by clk_out1_system_clk_wiz_0). Large setup violations at the end of those stages might be difficult to fix during the post-placement implementation flow and could be the result of non-optimal XDC constraints or non-optimal design architecture
Related violations: <none>

TIMING-16#52 Warning
Large setup violation  
There is a large setup violation of -1.076 ns between system_i/microprocessor_0/U0/fetch_unit/IRLatch/q_i_reg[6]/C (clocked by clk_out1_system_clk_wiz_0) and system_i/microprocessor_0/U0/datapath/register_file/regGen[4].regI/q_i_reg[3]/D (clocked by clk_out1_system_clk_wiz_0). Large setup violations at the end of those stages might be difficult to fix during the post-placement implementation flow and could be the result of non-optimal XDC constraints or non-optimal design architecture
Related violations: <none>

TIMING-16#53 Warning
Large setup violation  
There is a large setup violation of -1.079 ns between system_i/microprocessor_0/U0/fetch_unit/IRLatch/q_i_reg[6]/C (clocked by clk_out1_system_clk_wiz_0) and system_i/microprocessor_0/U0/datapath/register_file/regGen[11].regI/q_i_reg[1]/D (clocked by clk_out1_system_clk_wiz_0). Large setup violations at the end of those stages might be difficult to fix during the post-placement implementation flow and could be the result of non-optimal XDC constraints or non-optimal design architecture
Related violations: <none>

TIMING-16#54 Warning
Large setup violation  
There is a large setup violation of -1.079 ns between system_i/microprocessor_0/U0/fetch_unit/IRLatch/q_i_reg[6]/C (clocked by clk_out1_system_clk_wiz_0) and system_i/microprocessor_0/U0/datapath/register_file/regGen[13].regI/q_i_reg[27]/D (clocked by clk_out1_system_clk_wiz_0). Large setup violations at the end of those stages might be difficult to fix during the post-placement implementation flow and could be the result of non-optimal XDC constraints or non-optimal design architecture
Related violations: <none>

TIMING-16#55 Warning
Large setup violation  
There is a large setup violation of -1.081 ns between system_i/microprocessor_0/U0/fetch_unit/IRLatch/q_i_reg[6]/C (clocked by clk_out1_system_clk_wiz_0) and system_i/microprocessor_0/U0/datapath/register_file/regGen[21].regI/q_i_reg[31]/D (clocked by clk_out1_system_clk_wiz_0). Large setup violations at the end of those stages might be difficult to fix during the post-placement implementation flow and could be the result of non-optimal XDC constraints or non-optimal design architecture
Related violations: <none>

TIMING-16#56 Warning
Large setup violation  
There is a large setup violation of -1.081 ns between system_i/microprocessor_0/U0/fetch_unit/IRLatch/q_i_reg[6]/C (clocked by clk_out1_system_clk_wiz_0) and system_i/microprocessor_0/U0/datapath/register_file/regGen[27].regI/q_i_reg[11]/D (clocked by clk_out1_system_clk_wiz_0). Large setup violations at the end of those stages might be difficult to fix during the post-placement implementation flow and could be the result of non-optimal XDC constraints or non-optimal design architecture
Related violations: <none>

TIMING-16#57 Warning
Large setup violation  
There is a large setup violation of -1.084 ns between system_i/microprocessor_0/U0/fetch_unit/IRLatch/q_i_reg[6]/C (clocked by clk_out1_system_clk_wiz_0) and system_i/microprocessor_0/U0/datapath/register_file/regGen[25].regI/q_i_reg[27]/D (clocked by clk_out1_system_clk_wiz_0). Large setup violations at the end of those stages might be difficult to fix during the post-placement implementation flow and could be the result of non-optimal XDC constraints or non-optimal design architecture
Related violations: <none>

TIMING-16#58 Warning
Large setup violation  
There is a large setup violation of -1.085 ns between system_i/microprocessor_0/U0/fetch_unit/IRLatch/q_i_reg[6]/C (clocked by clk_out1_system_clk_wiz_0) and system_i/microprocessor_0/U0/datapath/register_file/regGen[3].regI/q_i_reg[15]/D (clocked by clk_out1_system_clk_wiz_0). Large setup violations at the end of those stages might be difficult to fix during the post-placement implementation flow and could be the result of non-optimal XDC constraints or non-optimal design architecture
Related violations: <none>

TIMING-16#59 Warning
Large setup violation  
There is a large setup violation of -1.085 ns between system_i/microprocessor_0/U0/fetch_unit/IRLatch/q_i_reg[6]/C (clocked by clk_out1_system_clk_wiz_0) and system_i/microprocessor_0/U0/datapath/register_file/regGen[4].regI/q_i_reg[1]/D (clocked by clk_out1_system_clk_wiz_0). Large setup violations at the end of those stages might be difficult to fix during the post-placement implementation flow and could be the result of non-optimal XDC constraints or non-optimal design architecture
Related violations: <none>

TIMING-16#60 Warning
Large setup violation  
There is a large setup violation of -1.086 ns between system_i/microprocessor_0/U0/fetch_unit/IRLatch/q_i_reg[6]/C (clocked by clk_out1_system_clk_wiz_0) and system_i/microprocessor_0/U0/datapath/register_file/regGen[30].regI/q_i_reg[31]/D (clocked by clk_out1_system_clk_wiz_0). Large setup violations at the end of those stages might be difficult to fix during the post-placement implementation flow and could be the result of non-optimal XDC constraints or non-optimal design architecture
Related violations: <none>

TIMING-16#61 Warning
Large setup violation  
There is a large setup violation of -1.088 ns between system_i/microprocessor_0/U0/fetch_unit/IRLatch/q_i_reg[0]/C (clocked by clk_out1_system_clk_wiz_0) and system_i/microprocessor_0/U0/datapath/register_file/regGen[26].regI/q_i_reg[18]/D (clocked by clk_out1_system_clk_wiz_0). Large setup violations at the end of those stages might be difficult to fix during the post-placement implementation flow and could be the result of non-optimal XDC constraints or non-optimal design architecture
Related violations: <none>

TIMING-16#62 Warning
Large setup violation  
There is a large setup violation of -1.088 ns between system_i/microprocessor_0/U0/fetch_unit/IRLatch/q_i_reg[4]_replica/C (clocked by clk_out1_system_clk_wiz_0) and system_i/microprocessor_0/U0/datapath/register_file/regGen[29].regI/q_i_reg[14]/D (clocked by clk_out1_system_clk_wiz_0). Large setup violations at the end of those stages might be difficult to fix during the post-placement implementation flow and could be the result of non-optimal XDC constraints or non-optimal design architecture
Related violations: <none>

TIMING-16#63 Warning
Large setup violation  
There is a large setup violation of -1.088 ns between system_i/microprocessor_0/U0/fetch_unit/IRLatch/q_i_reg[6]/C (clocked by clk_out1_system_clk_wiz_0) and system_i/microprocessor_0/U0/datapath/register_file/regGen[13].regI/q_i_reg[31]/D (clocked by clk_out1_system_clk_wiz_0). Large setup violations at the end of those stages might be difficult to fix during the post-placement implementation flow and could be the result of non-optimal XDC constraints or non-optimal design architecture
Related violations: <none>

TIMING-16#64 Warning
Large setup violation  
There is a large setup violation of -1.089 ns between system_i/microprocessor_0/U0/fetch_unit/IRLatch/q_i_reg[6]/C (clocked by clk_out1_system_clk_wiz_0) and system_i/microprocessor_0/U0/datapath/register_file/regGen[19].regI/q_i_reg[31]/D (clocked by clk_out1_system_clk_wiz_0). Large setup violations at the end of those stages might be difficult to fix during the post-placement implementation flow and could be the result of non-optimal XDC constraints or non-optimal design architecture
Related violations: <none>

TIMING-16#65 Warning
Large setup violation  
There is a large setup violation of -1.090 ns between system_i/microprocessor_0/U0/fetch_unit/IRLatch/q_i_reg[4]_replica/C (clocked by clk_out1_system_clk_wiz_0) and system_i/microprocessor_0/U0/datapath/register_file/regGen[17].regI/q_i_reg[14]/D (clocked by clk_out1_system_clk_wiz_0). Large setup violations at the end of those stages might be difficult to fix during the post-placement implementation flow and could be the result of non-optimal XDC constraints or non-optimal design architecture
Related violations: <none>

TIMING-16#66 Warning
Large setup violation  
There is a large setup violation of -1.092 ns between system_i/microprocessor_0/U0/fetch_unit/IRLatch/q_i_reg[0]/C (clocked by clk_out1_system_clk_wiz_0) and system_i/microprocessor_0/U0/datapath/register_file/regGen[24].regI/q_i_reg[9]/D (clocked by clk_out1_system_clk_wiz_0). Large setup violations at the end of those stages might be difficult to fix during the post-placement implementation flow and could be the result of non-optimal XDC constraints or non-optimal design architecture
Related violations: <none>

TIMING-16#67 Warning
Large setup violation  
There is a large setup violation of -1.094 ns between system_i/microprocessor_0/U0/fetch_unit/IRLatch/q_i_reg[6]/C (clocked by clk_out1_system_clk_wiz_0) and system_i/microprocessor_0/U0/datapath/register_file/regGen[14].regI/q_i_reg[6]/D (clocked by clk_out1_system_clk_wiz_0). Large setup violations at the end of those stages might be difficult to fix during the post-placement implementation flow and could be the result of non-optimal XDC constraints or non-optimal design architecture
Related violations: <none>

TIMING-16#68 Warning
Large setup violation  
There is a large setup violation of -1.094 ns between system_i/microprocessor_0/U0/fetch_unit/IRLatch/q_i_reg[6]/C (clocked by clk_out1_system_clk_wiz_0) and system_i/microprocessor_0/U0/datapath/register_file/regGen[29].regI/q_i_reg[31]/D (clocked by clk_out1_system_clk_wiz_0). Large setup violations at the end of those stages might be difficult to fix during the post-placement implementation flow and could be the result of non-optimal XDC constraints or non-optimal design architecture
Related violations: <none>

TIMING-16#69 Warning
Large setup violation  
There is a large setup violation of -1.095 ns between system_i/microprocessor_0/U0/fetch_unit/IRLatch/q_i_reg[6]/C (clocked by clk_out1_system_clk_wiz_0) and system_i/microprocessor_0/U0/datapath/register_file/regGen[14].regI/q_i_reg[3]/D (clocked by clk_out1_system_clk_wiz_0). Large setup violations at the end of those stages might be difficult to fix during the post-placement implementation flow and could be the result of non-optimal XDC constraints or non-optimal design architecture
Related violations: <none>

TIMING-16#70 Warning
Large setup violation  
There is a large setup violation of -1.095 ns between system_i/microprocessor_0/U0/fetch_unit/IRLatch/q_i_reg[6]/C (clocked by clk_out1_system_clk_wiz_0) and system_i/microprocessor_0/U0/datapath/register_file/regGen[15].regI/q_i_reg[27]/D (clocked by clk_out1_system_clk_wiz_0). Large setup violations at the end of those stages might be difficult to fix during the post-placement implementation flow and could be the result of non-optimal XDC constraints or non-optimal design architecture
Related violations: <none>

TIMING-16#71 Warning
Large setup violation  
There is a large setup violation of -1.095 ns between system_i/microprocessor_0/U0/fetch_unit/IRLatch/q_i_reg[6]/C (clocked by clk_out1_system_clk_wiz_0) and system_i/microprocessor_0/U0/datapath/register_file/regGen[16].regI/q_i_reg[15]/D (clocked by clk_out1_system_clk_wiz_0). Large setup violations at the end of those stages might be difficult to fix during the post-placement implementation flow and could be the result of non-optimal XDC constraints or non-optimal design architecture
Related violations: <none>

TIMING-16#72 Warning
Large setup violation  
There is a large setup violation of -1.097 ns between system_i/microprocessor_0/U0/fetch_unit/IRLatch/q_i_reg[6]/C (clocked by clk_out1_system_clk_wiz_0) and system_i/microprocessor_0/U0/datapath/register_file/regGen[18].regI/q_i_reg[27]/D (clocked by clk_out1_system_clk_wiz_0). Large setup violations at the end of those stages might be difficult to fix during the post-placement implementation flow and could be the result of non-optimal XDC constraints or non-optimal design architecture
Related violations: <none>

TIMING-16#73 Warning
Large setup violation  
There is a large setup violation of -1.097 ns between system_i/microprocessor_0/U0/fetch_unit/IRLatch/q_i_reg[6]/C (clocked by clk_out1_system_clk_wiz_0) and system_i/microprocessor_0/U0/datapath/register_file/regGen[22].regI/q_i_reg[27]/D (clocked by clk_out1_system_clk_wiz_0). Large setup violations at the end of those stages might be difficult to fix during the post-placement implementation flow and could be the result of non-optimal XDC constraints or non-optimal design architecture
Related violations: <none>

TIMING-16#74 Warning
Large setup violation  
There is a large setup violation of -1.099 ns between system_i/microprocessor_0/U0/fetch_unit/IRLatch/q_i_reg[4]_replica/C (clocked by clk_out1_system_clk_wiz_0) and system_i/microprocessor_0/U0/datapath/register_file/regGen[13].regI/q_i_reg[14]/D (clocked by clk_out1_system_clk_wiz_0). Large setup violations at the end of those stages might be difficult to fix during the post-placement implementation flow and could be the result of non-optimal XDC constraints or non-optimal design architecture
Related violations: <none>

TIMING-16#75 Warning
Large setup violation  
There is a large setup violation of -1.101 ns between system_i/microprocessor_0/U0/fetch_unit/IRLatch/q_i_reg[6]/C (clocked by clk_out1_system_clk_wiz_0) and system_i/microprocessor_0/U0/datapath/register_file/regGen[20].regI/q_i_reg[15]/D (clocked by clk_out1_system_clk_wiz_0). Large setup violations at the end of those stages might be difficult to fix during the post-placement implementation flow and could be the result of non-optimal XDC constraints or non-optimal design architecture
Related violations: <none>

TIMING-16#76 Warning
Large setup violation  
There is a large setup violation of -1.102 ns between system_i/microprocessor_0/U0/fetch_unit/IRLatch/q_i_reg[0]/C (clocked by clk_out1_system_clk_wiz_0) and system_i/microprocessor_0/U0/datapath/register_file/regGen[15].regI/q_i_reg[18]/D (clocked by clk_out1_system_clk_wiz_0). Large setup violations at the end of those stages might be difficult to fix during the post-placement implementation flow and could be the result of non-optimal XDC constraints or non-optimal design architecture
Related violations: <none>

TIMING-16#77 Warning
Large setup violation  
There is a large setup violation of -1.102 ns between system_i/microprocessor_0/U0/fetch_unit/IRLatch/q_i_reg[6]/C (clocked by clk_out1_system_clk_wiz_0) and system_i/microprocessor_0/U0/datapath/register_file/regGen[27].regI/q_i_reg[31]/D (clocked by clk_out1_system_clk_wiz_0). Large setup violations at the end of those stages might be difficult to fix during the post-placement implementation flow and could be the result of non-optimal XDC constraints or non-optimal design architecture
Related violations: <none>

TIMING-16#78 Warning
Large setup violation  
There is a large setup violation of -1.103 ns between system_i/microprocessor_0/U0/fetch_unit/IRLatch/q_i_reg[6]/C (clocked by clk_out1_system_clk_wiz_0) and system_i/microprocessor_0/U0/datapath/register_file/regGen[21].regI/q_i_reg[27]/D (clocked by clk_out1_system_clk_wiz_0). Large setup violations at the end of those stages might be difficult to fix during the post-placement implementation flow and could be the result of non-optimal XDC constraints or non-optimal design architecture
Related violations: <none>

TIMING-16#79 Warning
Large setup violation  
There is a large setup violation of -1.106 ns between system_i/microprocessor_0/U0/fetch_unit/IRLatch/q_i_reg[0]/C (clocked by clk_out1_system_clk_wiz_0) and system_i/microprocessor_0/U0/datapath/register_file/regGen[23].regI/q_i_reg[9]/D (clocked by clk_out1_system_clk_wiz_0). Large setup violations at the end of those stages might be difficult to fix during the post-placement implementation flow and could be the result of non-optimal XDC constraints or non-optimal design architecture
Related violations: <none>

TIMING-16#80 Warning
Large setup violation  
There is a large setup violation of -1.107 ns between system_i/microprocessor_0/U0/fetch_unit/IRLatch/q_i_reg[6]/C (clocked by clk_out1_system_clk_wiz_0) and system_i/microprocessor_0/U0/datapath/register_file/regGen[10].regI/q_i_reg[15]/D (clocked by clk_out1_system_clk_wiz_0). Large setup violations at the end of those stages might be difficult to fix during the post-placement implementation flow and could be the result of non-optimal XDC constraints or non-optimal design architecture
Related violations: <none>

TIMING-16#81 Warning
Large setup violation  
There is a large setup violation of -1.111 ns between system_i/microprocessor_0/U0/fetch_unit/IRLatch/q_i_reg[0]/C (clocked by clk_out1_system_clk_wiz_0) and system_i/microprocessor_0/U0/datapath/register_file/regGen[3].regI/q_i_reg[10]/D (clocked by clk_out1_system_clk_wiz_0). Large setup violations at the end of those stages might be difficult to fix during the post-placement implementation flow and could be the result of non-optimal XDC constraints or non-optimal design architecture
Related violations: <none>

TIMING-16#82 Warning
Large setup violation  
There is a large setup violation of -1.111 ns between system_i/microprocessor_0/U0/fetch_unit/IRLatch/q_i_reg[6]/C (clocked by clk_out1_system_clk_wiz_0) and system_i/microprocessor_0/U0/datapath/register_file/regGen[11].regI/q_i_reg[15]/D (clocked by clk_out1_system_clk_wiz_0). Large setup violations at the end of those stages might be difficult to fix during the post-placement implementation flow and could be the result of non-optimal XDC constraints or non-optimal design architecture
Related violations: <none>

TIMING-16#83 Warning
Large setup violation  
There is a large setup violation of -1.112 ns between system_i/microprocessor_0/U0/fetch_unit/IRLatch/q_i_reg[6]/C (clocked by clk_out1_system_clk_wiz_0) and system_i/microprocessor_0/U0/datapath/register_file/regGen[26].regI/q_i_reg[27]/D (clocked by clk_out1_system_clk_wiz_0). Large setup violations at the end of those stages might be difficult to fix during the post-placement implementation flow and could be the result of non-optimal XDC constraints or non-optimal design architecture
Related violations: <none>

TIMING-16#84 Warning
Large setup violation  
There is a large setup violation of -1.114 ns between system_i/microprocessor_0/U0/fetch_unit/IRLatch/q_i_reg[6]/C (clocked by clk_out1_system_clk_wiz_0) and system_i/microprocessor_0/U0/datapath/register_file/regGen[19].regI/q_i_reg[19]/D (clocked by clk_out1_system_clk_wiz_0). Large setup violations at the end of those stages might be difficult to fix during the post-placement implementation flow and could be the result of non-optimal XDC constraints or non-optimal design architecture
Related violations: <none>

TIMING-16#85 Warning
Large setup violation  
There is a large setup violation of -1.118 ns between system_i/microprocessor_0/U0/fetch_unit/IRLatch/q_i_reg[6]/C (clocked by clk_out1_system_clk_wiz_0) and system_i/microprocessor_0/U0/datapath/register_file/regGen[30].regI/q_i_reg[27]/D (clocked by clk_out1_system_clk_wiz_0). Large setup violations at the end of those stages might be difficult to fix during the post-placement implementation flow and could be the result of non-optimal XDC constraints or non-optimal design architecture
Related violations: <none>

TIMING-16#86 Warning
Large setup violation  
There is a large setup violation of -1.121 ns between system_i/microprocessor_0/U0/fetch_unit/IRLatch/q_i_reg[6]/C (clocked by clk_out1_system_clk_wiz_0) and system_i/microprocessor_0/U0/datapath/register_file/regGen[16].regI/q_i_reg[3]/D (clocked by clk_out1_system_clk_wiz_0). Large setup violations at the end of those stages might be difficult to fix during the post-placement implementation flow and could be the result of non-optimal XDC constraints or non-optimal design architecture
Related violations: <none>

TIMING-16#87 Warning
Large setup violation  
There is a large setup violation of -1.122 ns between system_i/microprocessor_0/U0/fetch_unit/IRLatch/q_i_reg[6]/C (clocked by clk_out1_system_clk_wiz_0) and system_i/microprocessor_0/U0/datapath/register_file/regGen[27].regI/q_i_reg[12]/D (clocked by clk_out1_system_clk_wiz_0). Large setup violations at the end of those stages might be difficult to fix during the post-placement implementation flow and could be the result of non-optimal XDC constraints or non-optimal design architecture
Related violations: <none>

TIMING-16#88 Warning
Large setup violation  
There is a large setup violation of -1.123 ns between system_i/microprocessor_0/U0/fetch_unit/IRLatch/q_i_reg[0]/C (clocked by clk_out1_system_clk_wiz_0) and system_i/microprocessor_0/U0/datapath/register_file/regGen[11].regI/q_i_reg[18]/D (clocked by clk_out1_system_clk_wiz_0). Large setup violations at the end of those stages might be difficult to fix during the post-placement implementation flow and could be the result of non-optimal XDC constraints or non-optimal design architecture
Related violations: <none>

TIMING-16#89 Warning
Large setup violation  
There is a large setup violation of -1.126 ns between system_i/microprocessor_0/U0/fetch_unit/IRLatch/q_i_reg[4]_replica/C (clocked by clk_out1_system_clk_wiz_0) and system_i/microprocessor_0/U0/datapath/register_file/regGen[27].regI/q_i_reg[14]/D (clocked by clk_out1_system_clk_wiz_0). Large setup violations at the end of those stages might be difficult to fix during the post-placement implementation flow and could be the result of non-optimal XDC constraints or non-optimal design architecture
Related violations: <none>

TIMING-16#90 Warning
Large setup violation  
There is a large setup violation of -1.126 ns between system_i/microprocessor_0/U0/fetch_unit/IRLatch/q_i_reg[4]_replica/C (clocked by clk_out1_system_clk_wiz_0) and system_i/microprocessor_0/U0/datapath/register_file/regGen[30].regI/q_i_reg[14]/D (clocked by clk_out1_system_clk_wiz_0). Large setup violations at the end of those stages might be difficult to fix during the post-placement implementation flow and could be the result of non-optimal XDC constraints or non-optimal design architecture
Related violations: <none>

TIMING-16#91 Warning
Large setup violation  
There is a large setup violation of -1.128 ns between system_i/microprocessor_0/U0/fetch_unit/IRLatch/q_i_reg[0]/C (clocked by clk_out1_system_clk_wiz_0) and system_i/microprocessor_0/U0/datapath/register_file/regGen[29].regI/q_i_reg[10]/D (clocked by clk_out1_system_clk_wiz_0). Large setup violations at the end of those stages might be difficult to fix during the post-placement implementation flow and could be the result of non-optimal XDC constraints or non-optimal design architecture
Related violations: <none>

TIMING-16#92 Warning
Large setup violation  
There is a large setup violation of -1.128 ns between system_i/microprocessor_0/U0/fetch_unit/IRLatch/q_i_reg[6]/C (clocked by clk_out1_system_clk_wiz_0) and system_i/microprocessor_0/U0/datapath/register_file/regGen[17].regI/q_i_reg[27]/D (clocked by clk_out1_system_clk_wiz_0). Large setup violations at the end of those stages might be difficult to fix during the post-placement implementation flow and could be the result of non-optimal XDC constraints or non-optimal design architecture
Related violations: <none>

TIMING-16#93 Warning
Large setup violation  
There is a large setup violation of -1.131 ns between system_i/microprocessor_0/U0/fetch_unit/IRLatch/q_i_reg[6]/C (clocked by clk_out1_system_clk_wiz_0) and system_i/microprocessor_0/U0/datapath/register_file/regGen[18].regI/q_i_reg[11]/D (clocked by clk_out1_system_clk_wiz_0). Large setup violations at the end of those stages might be difficult to fix during the post-placement implementation flow and could be the result of non-optimal XDC constraints or non-optimal design architecture
Related violations: <none>

TIMING-16#94 Warning
Large setup violation  
There is a large setup violation of -1.134 ns between system_i/microprocessor_0/U0/fetch_unit/IRLatch/q_i_reg[6]/C (clocked by clk_out1_system_clk_wiz_0) and system_i/microprocessor_0/U0/datapath/register_file/regGen[14].regI/q_i_reg[27]/D (clocked by clk_out1_system_clk_wiz_0). Large setup violations at the end of those stages might be difficult to fix during the post-placement implementation flow and could be the result of non-optimal XDC constraints or non-optimal design architecture
Related violations: <none>

TIMING-16#95 Warning
Large setup violation  
There is a large setup violation of -1.134 ns between system_i/microprocessor_0/U0/fetch_unit/IRLatch/q_i_reg[6]/C (clocked by clk_out1_system_clk_wiz_0) and system_i/microprocessor_0/U0/datapath/register_file/regGen[8].regI/q_i_reg[27]/D (clocked by clk_out1_system_clk_wiz_0). Large setup violations at the end of those stages might be difficult to fix during the post-placement implementation flow and could be the result of non-optimal XDC constraints or non-optimal design architecture
Related violations: <none>

TIMING-16#96 Warning
Large setup violation  
There is a large setup violation of -1.137 ns between system_i/microprocessor_0/U0/fetch_unit/IRLatch/q_i_reg[6]/C (clocked by clk_out1_system_clk_wiz_0) and system_i/microprocessor_0/U0/datapath/register_file/regGen[8].regI/q_i_reg[31]/D (clocked by clk_out1_system_clk_wiz_0). Large setup violations at the end of those stages might be difficult to fix during the post-placement implementation flow and could be the result of non-optimal XDC constraints or non-optimal design architecture
Related violations: <none>

TIMING-16#97 Warning
Large setup violation  
There is a large setup violation of -1.139 ns between system_i/microprocessor_0/U0/fetch_unit/IRLatch/q_i_reg[6]/C (clocked by clk_out1_system_clk_wiz_0) and system_i/microprocessor_0/U0/datapath/register_file/regGen[12].regI/q_i_reg[31]/D (clocked by clk_out1_system_clk_wiz_0). Large setup violations at the end of those stages might be difficult to fix during the post-placement implementation flow and could be the result of non-optimal XDC constraints or non-optimal design architecture
Related violations: <none>

TIMING-16#98 Warning
Large setup violation  
There is a large setup violation of -1.141 ns between system_i/microprocessor_0/U0/fetch_unit/IRLatch/q_i_reg[0]/C (clocked by clk_out1_system_clk_wiz_0) and system_i/microprocessor_0/U0/datapath/register_file/regGen[10].regI/q_i_reg[18]/D (clocked by clk_out1_system_clk_wiz_0). Large setup violations at the end of those stages might be difficult to fix during the post-placement implementation flow and could be the result of non-optimal XDC constraints or non-optimal design architecture
Related violations: <none>

TIMING-16#99 Warning
Large setup violation  
There is a large setup violation of -1.141 ns between system_i/microprocessor_0/U0/fetch_unit/IRLatch/q_i_reg[4]_replica/C (clocked by clk_out1_system_clk_wiz_0) and system_i/microprocessor_0/U0/datapath/register_file/regGen[10].regI/q_i_reg[14]/D (clocked by clk_out1_system_clk_wiz_0). Large setup violations at the end of those stages might be difficult to fix during the post-placement implementation flow and could be the result of non-optimal XDC constraints or non-optimal design architecture
Related violations: <none>

TIMING-16#100 Warning
Large setup violation  
There is a large setup violation of -1.141 ns between system_i/microprocessor_0/U0/fetch_unit/IRLatch/q_i_reg[6]/C (clocked by clk_out1_system_clk_wiz_0) and system_i/microprocessor_0/U0/datapath/register_file/regGen[18].regI/q_i_reg[19]/D (clocked by clk_out1_system_clk_wiz_0). Large setup violations at the end of those stages might be difficult to fix during the post-placement implementation flow and could be the result of non-optimal XDC constraints or non-optimal design architecture
Related violations: <none>

TIMING-16#101 Warning
Large setup violation  
There is a large setup violation of -1.141 ns between system_i/microprocessor_0/U0/fetch_unit/IRLatch/q_i_reg[6]/C (clocked by clk_out1_system_clk_wiz_0) and system_i/microprocessor_0/U0/datapath/register_file/regGen[31].regI/q_i_reg[27]/D (clocked by clk_out1_system_clk_wiz_0). Large setup violations at the end of those stages might be difficult to fix during the post-placement implementation flow and could be the result of non-optimal XDC constraints or non-optimal design architecture
Related violations: <none>

TIMING-16#102 Warning
Large setup violation  
There is a large setup violation of -1.143 ns between system_i/microprocessor_0/U0/fetch_unit/IRLatch/q_i_reg[6]/C (clocked by clk_out1_system_clk_wiz_0) and system_i/microprocessor_0/U0/datapath/register_file/regGen[20].regI/q_i_reg[31]/D (clocked by clk_out1_system_clk_wiz_0). Large setup violations at the end of those stages might be difficult to fix during the post-placement implementation flow and could be the result of non-optimal XDC constraints or non-optimal design architecture
Related violations: <none>

TIMING-16#103 Warning
Large setup violation  
There is a large setup violation of -1.144 ns between system_i/microprocessor_0/U0/fetch_unit/IRLatch/q_i_reg[6]/C (clocked by clk_out1_system_clk_wiz_0) and system_i/microprocessor_0/U0/datapath/register_file/regGen[10].regI/q_i_reg[3]/D (clocked by clk_out1_system_clk_wiz_0). Large setup violations at the end of those stages might be difficult to fix during the post-placement implementation flow and could be the result of non-optimal XDC constraints or non-optimal design architecture
Related violations: <none>

TIMING-16#104 Warning
Large setup violation  
There is a large setup violation of -1.146 ns between system_i/microprocessor_0/U0/fetch_unit/IRLatch/q_i_reg[6]/C (clocked by clk_out1_system_clk_wiz_0) and system_i/microprocessor_0/U0/datapath/register_file/regGen[10].regI/q_i_reg[31]/D (clocked by clk_out1_system_clk_wiz_0). Large setup violations at the end of those stages might be difficult to fix during the post-placement implementation flow and could be the result of non-optimal XDC constraints or non-optimal design architecture
Related violations: <none>

TIMING-16#105 Warning
Large setup violation  
There is a large setup violation of -1.147 ns between system_i/microprocessor_0/U0/fetch_unit/IRLatch/q_i_reg[6]/C (clocked by clk_out1_system_clk_wiz_0) and system_i/microprocessor_0/U0/datapath/register_file/regGen[13].regI/q_i_reg[19]/D (clocked by clk_out1_system_clk_wiz_0). Large setup violations at the end of those stages might be difficult to fix during the post-placement implementation flow and could be the result of non-optimal XDC constraints or non-optimal design architecture
Related violations: <none>

TIMING-16#106 Warning
Large setup violation  
There is a large setup violation of -1.149 ns between system_i/microprocessor_0/U0/fetch_unit/IRLatch/q_i_reg[6]/C (clocked by clk_out1_system_clk_wiz_0) and system_i/microprocessor_0/U0/datapath/register_file/regGen[27].regI/q_i_reg[3]/D (clocked by clk_out1_system_clk_wiz_0). Large setup violations at the end of those stages might be difficult to fix during the post-placement implementation flow and could be the result of non-optimal XDC constraints or non-optimal design architecture
Related violations: <none>

TIMING-16#107 Warning
Large setup violation  
There is a large setup violation of -1.151 ns between system_i/microprocessor_0/U0/fetch_unit/IRLatch/q_i_reg[6]/C (clocked by clk_out1_system_clk_wiz_0) and system_i/microprocessor_0/U0/datapath/register_file/regGen[23].regI/q_i_reg[6]/D (clocked by clk_out1_system_clk_wiz_0). Large setup violations at the end of those stages might be difficult to fix during the post-placement implementation flow and could be the result of non-optimal XDC constraints or non-optimal design architecture
Related violations: <none>

TIMING-16#108 Warning
Large setup violation  
There is a large setup violation of -1.154 ns between system_i/microprocessor_0/U0/fetch_unit/IRLatch/q_i_reg[4]_replica/C (clocked by clk_out1_system_clk_wiz_0) and system_i/microprocessor_0/U0/datapath/register_file/regGen[25].regI/q_i_reg[14]/D (clocked by clk_out1_system_clk_wiz_0). Large setup violations at the end of those stages might be difficult to fix during the post-placement implementation flow and could be the result of non-optimal XDC constraints or non-optimal design architecture
Related violations: <none>

TIMING-16#109 Warning
Large setup violation  
There is a large setup violation of -1.155 ns between system_i/microprocessor_0/U0/fetch_unit/IRLatch/q_i_reg[0]/C (clocked by clk_out1_system_clk_wiz_0) and system_i/microprocessor_0/U0/datapath/register_file/regGen[22].regI/q_i_reg[10]/D (clocked by clk_out1_system_clk_wiz_0). Large setup violations at the end of those stages might be difficult to fix during the post-placement implementation flow and could be the result of non-optimal XDC constraints or non-optimal design architecture
Related violations: <none>

TIMING-16#110 Warning
Large setup violation  
There is a large setup violation of -1.156 ns between system_i/microprocessor_0/U0/fetch_unit/IRLatch/q_i_reg[6]/C (clocked by clk_out1_system_clk_wiz_0) and system_i/microprocessor_0/U0/datapath/register_file/regGen[31].regI/q_i_reg[31]/D (clocked by clk_out1_system_clk_wiz_0). Large setup violations at the end of those stages might be difficult to fix during the post-placement implementation flow and could be the result of non-optimal XDC constraints or non-optimal design architecture
Related violations: <none>

TIMING-16#111 Warning
Large setup violation  
There is a large setup violation of -1.156 ns between system_i/microprocessor_0/U0/fetch_unit/IRLatch/q_i_reg[6]/C (clocked by clk_out1_system_clk_wiz_0) and system_i/microprocessor_0/U0/datapath/register_file/regGen[5].regI/q_i_reg[31]/D (clocked by clk_out1_system_clk_wiz_0). Large setup violations at the end of those stages might be difficult to fix during the post-placement implementation flow and could be the result of non-optimal XDC constraints or non-optimal design architecture
Related violations: <none>

TIMING-16#112 Warning
Large setup violation  
There is a large setup violation of -1.160 ns between system_i/microprocessor_0/U0/fetch_unit/IRLatch/q_i_reg[6]/C (clocked by clk_out1_system_clk_wiz_0) and system_i/microprocessor_0/U0/datapath/register_file/regGen[1].regI/q_i_reg[25]/D (clocked by clk_out1_system_clk_wiz_0). Large setup violations at the end of those stages might be difficult to fix during the post-placement implementation flow and could be the result of non-optimal XDC constraints or non-optimal design architecture
Related violations: <none>

TIMING-16#113 Warning
Large setup violation  
There is a large setup violation of -1.162 ns between system_i/microprocessor_0/U0/fetch_unit/IRLatch/q_i_reg[0]/C (clocked by clk_out1_system_clk_wiz_0) and system_i/microprocessor_0/U0/datapath/register_file/regGen[1].regI/q_i_reg[18]/D (clocked by clk_out1_system_clk_wiz_0). Large setup violations at the end of those stages might be difficult to fix during the post-placement implementation flow and could be the result of non-optimal XDC constraints or non-optimal design architecture
Related violations: <none>

TIMING-16#114 Warning
Large setup violation  
There is a large setup violation of -1.163 ns between system_i/microprocessor_0/U0/fetch_unit/IRLatch/q_i_reg[0]/C (clocked by clk_out1_system_clk_wiz_0) and system_i/microprocessor_0/U0/datapath/register_file/regGen[2].regI/q_i_reg[10]/D (clocked by clk_out1_system_clk_wiz_0). Large setup violations at the end of those stages might be difficult to fix during the post-placement implementation flow and could be the result of non-optimal XDC constraints or non-optimal design architecture
Related violations: <none>

TIMING-16#115 Warning
Large setup violation  
There is a large setup violation of -1.169 ns between system_i/microprocessor_0/U0/fetch_unit/IRLatch/q_i_reg[0]/C (clocked by clk_out1_system_clk_wiz_0) and system_i/microprocessor_0/U0/datapath/register_file/regGen[6].regI/q_i_reg[10]/D (clocked by clk_out1_system_clk_wiz_0). Large setup violations at the end of those stages might be difficult to fix during the post-placement implementation flow and could be the result of non-optimal XDC constraints or non-optimal design architecture
Related violations: <none>

TIMING-16#116 Warning
Large setup violation  
There is a large setup violation of -1.171 ns between system_i/microprocessor_0/U0/fetch_unit/IRLatch/q_i_reg[0]/C (clocked by clk_out1_system_clk_wiz_0) and system_i/microprocessor_0/U0/datapath/register_file/regGen[24].regI/q_i_reg[18]/D (clocked by clk_out1_system_clk_wiz_0). Large setup violations at the end of those stages might be difficult to fix during the post-placement implementation flow and could be the result of non-optimal XDC constraints or non-optimal design architecture
Related violations: <none>

TIMING-16#117 Warning
Large setup violation  
There is a large setup violation of -1.178 ns between system_i/microprocessor_0/U0/fetch_unit/IRLatch/q_i_reg[0]/C (clocked by clk_out1_system_clk_wiz_0) and system_i/microprocessor_0/U0/datapath/register_file/regGen[6].regI/q_i_reg[9]/D (clocked by clk_out1_system_clk_wiz_0). Large setup violations at the end of those stages might be difficult to fix during the post-placement implementation flow and could be the result of non-optimal XDC constraints or non-optimal design architecture
Related violations: <none>

TIMING-16#118 Warning
Large setup violation  
There is a large setup violation of -1.178 ns between system_i/microprocessor_0/U0/fetch_unit/IRLatch/q_i_reg[6]/C (clocked by clk_out1_system_clk_wiz_0) and system_i/microprocessor_0/U0/datapath/register_file/regGen[18].regI/q_i_reg[3]/D (clocked by clk_out1_system_clk_wiz_0). Large setup violations at the end of those stages might be difficult to fix during the post-placement implementation flow and could be the result of non-optimal XDC constraints or non-optimal design architecture
Related violations: <none>

TIMING-16#119 Warning
Large setup violation  
There is a large setup violation of -1.179 ns between system_i/microprocessor_0/U0/fetch_unit/IRLatch/q_i_reg[4]_replica/C (clocked by clk_out1_system_clk_wiz_0) and system_i/microprocessor_0/U0/datapath/register_file/regGen[26].regI/q_i_reg[14]/D (clocked by clk_out1_system_clk_wiz_0). Large setup violations at the end of those stages might be difficult to fix during the post-placement implementation flow and could be the result of non-optimal XDC constraints or non-optimal design architecture
Related violations: <none>

TIMING-16#120 Warning
Large setup violation  
There is a large setup violation of -1.180 ns between system_i/microprocessor_0/U0/fetch_unit/IRLatch/q_i_reg[6]/C (clocked by clk_out1_system_clk_wiz_0) and system_i/microprocessor_0/U0/datapath/register_file/regGen[17].regI/q_i_reg[31]/D (clocked by clk_out1_system_clk_wiz_0). Large setup violations at the end of those stages might be difficult to fix during the post-placement implementation flow and could be the result of non-optimal XDC constraints or non-optimal design architecture
Related violations: <none>

TIMING-16#121 Warning
Large setup violation  
There is a large setup violation of -1.187 ns between system_i/microprocessor_0/U0/fetch_unit/IRLatch/q_i_reg[6]/C (clocked by clk_out1_system_clk_wiz_0) and system_i/microprocessor_0/U0/datapath/register_file/regGen[24].regI/q_i_reg[27]/D (clocked by clk_out1_system_clk_wiz_0). Large setup violations at the end of those stages might be difficult to fix during the post-placement implementation flow and could be the result of non-optimal XDC constraints or non-optimal design architecture
Related violations: <none>

TIMING-16#122 Warning
Large setup violation  
There is a large setup violation of -1.195 ns between system_i/microprocessor_0/U0/fetch_unit/IRLatch/q_i_reg[4]_replica/C (clocked by clk_out1_system_clk_wiz_0) and system_i/microprocessor_0/U0/datapath/register_file/regGen[20].regI/q_i_reg[14]/D (clocked by clk_out1_system_clk_wiz_0). Large setup violations at the end of those stages might be difficult to fix during the post-placement implementation flow and could be the result of non-optimal XDC constraints or non-optimal design architecture
Related violations: <none>

TIMING-16#123 Warning
Large setup violation  
There is a large setup violation of -1.195 ns between system_i/microprocessor_0/U0/fetch_unit/IRLatch/q_i_reg[4]_replica/C (clocked by clk_out1_system_clk_wiz_0) and system_i/microprocessor_0/U0/datapath/register_file/regGen[8].regI/q_i_reg[14]/D (clocked by clk_out1_system_clk_wiz_0). Large setup violations at the end of those stages might be difficult to fix during the post-placement implementation flow and could be the result of non-optimal XDC constraints or non-optimal design architecture
Related violations: <none>

TIMING-16#124 Warning
Large setup violation  
There is a large setup violation of -1.198 ns between system_i/microprocessor_0/U0/fetch_unit/IRLatch/q_i_reg[6]/C (clocked by clk_out1_system_clk_wiz_0) and system_i/microprocessor_0/U0/datapath/register_file/regGen[1].regI/q_i_reg[31]/D (clocked by clk_out1_system_clk_wiz_0). Large setup violations at the end of those stages might be difficult to fix during the post-placement implementation flow and could be the result of non-optimal XDC constraints or non-optimal design architecture
Related violations: <none>

TIMING-16#125 Warning
Large setup violation  
There is a large setup violation of -1.204 ns between system_i/microprocessor_0/U0/fetch_unit/IRLatch/q_i_reg[0]/C (clocked by clk_out1_system_clk_wiz_0) and system_i/microprocessor_0/U0/datapath/register_file/regGen[5].regI/q_i_reg[10]/D (clocked by clk_out1_system_clk_wiz_0). Large setup violations at the end of those stages might be difficult to fix during the post-placement implementation flow and could be the result of non-optimal XDC constraints or non-optimal design architecture
Related violations: <none>

TIMING-16#126 Warning
Large setup violation  
There is a large setup violation of -1.205 ns between system_i/microprocessor_0/U0/fetch_unit/IRLatch/q_i_reg[0]/C (clocked by clk_out1_system_clk_wiz_0) and system_i/microprocessor_0/U0/datapath/register_file/regGen[18].regI/q_i_reg[13]/D (clocked by clk_out1_system_clk_wiz_0). Large setup violations at the end of those stages might be difficult to fix during the post-placement implementation flow and could be the result of non-optimal XDC constraints or non-optimal design architecture
Related violations: <none>

TIMING-16#127 Warning
Large setup violation  
There is a large setup violation of -1.206 ns between system_i/microprocessor_0/U0/fetch_unit/IRLatch/q_i_reg[6]/C (clocked by clk_out1_system_clk_wiz_0) and system_i/microprocessor_0/U0/datapath/register_file/regGen[14].regI/q_i_reg[31]/D (clocked by clk_out1_system_clk_wiz_0). Large setup violations at the end of those stages might be difficult to fix during the post-placement implementation flow and could be the result of non-optimal XDC constraints or non-optimal design architecture
Related violations: <none>

TIMING-16#128 Warning
Large setup violation  
There is a large setup violation of -1.207 ns between system_i/microprocessor_0/U0/fetch_unit/IRLatch/q_i_reg[6]/C (clocked by clk_out1_system_clk_wiz_0) and system_i/microprocessor_0/U0/datapath/register_file/regGen[11].regI/q_i_reg[27]/D (clocked by clk_out1_system_clk_wiz_0). Large setup violations at the end of those stages might be difficult to fix during the post-placement implementation flow and could be the result of non-optimal XDC constraints or non-optimal design architecture
Related violations: <none>

TIMING-16#129 Warning
Large setup violation  
There is a large setup violation of -1.210 ns between system_i/microprocessor_0/U0/fetch_unit/IRLatch/q_i_reg[4]_replica/C (clocked by clk_out1_system_clk_wiz_0) and system_i/microprocessor_0/U0/datapath/register_file/regGen[24].regI/q_i_reg[14]/D (clocked by clk_out1_system_clk_wiz_0). Large setup violations at the end of those stages might be difficult to fix during the post-placement implementation flow and could be the result of non-optimal XDC constraints or non-optimal design architecture
Related violations: <none>

TIMING-16#130 Warning
Large setup violation  
There is a large setup violation of -1.213 ns between system_i/microprocessor_0/U0/fetch_unit/IRLatch/q_i_reg[6]/C (clocked by clk_out1_system_clk_wiz_0) and system_i/microprocessor_0/U0/datapath/register_file/regGen[14].regI/q_i_reg[1]/D (clocked by clk_out1_system_clk_wiz_0). Large setup violations at the end of those stages might be difficult to fix during the post-placement implementation flow and could be the result of non-optimal XDC constraints or non-optimal design architecture
Related violations: <none>

TIMING-16#131 Warning
Large setup violation  
There is a large setup violation of -1.220 ns between system_i/microprocessor_0/U0/fetch_unit/IRLatch/q_i_reg[6]/C (clocked by clk_out1_system_clk_wiz_0) and system_i/microprocessor_0/U0/datapath/register_file/regGen[7].regI/q_i_reg[31]/D (clocked by clk_out1_system_clk_wiz_0). Large setup violations at the end of those stages might be difficult to fix during the post-placement implementation flow and could be the result of non-optimal XDC constraints or non-optimal design architecture
Related violations: <none>

TIMING-16#132 Warning
Large setup violation  
There is a large setup violation of -1.222 ns between system_i/microprocessor_0/U0/fetch_unit/IRLatch/q_i_reg[6]/C (clocked by clk_out1_system_clk_wiz_0) and system_i/microprocessor_0/U0/datapath/register_file/regGen[28].regI/q_i_reg[31]/D (clocked by clk_out1_system_clk_wiz_0). Large setup violations at the end of those stages might be difficult to fix during the post-placement implementation flow and could be the result of non-optimal XDC constraints or non-optimal design architecture
Related violations: <none>

TIMING-16#133 Warning
Large setup violation  
There is a large setup violation of -1.235 ns between system_i/microprocessor_0/U0/fetch_unit/IRLatch/q_i_reg[6]/C (clocked by clk_out1_system_clk_wiz_0) and system_i/microprocessor_0/U0/datapath/register_file/regGen[22].regI/q_i_reg[31]/D (clocked by clk_out1_system_clk_wiz_0). Large setup violations at the end of those stages might be difficult to fix during the post-placement implementation flow and could be the result of non-optimal XDC constraints or non-optimal design architecture
Related violations: <none>

TIMING-16#134 Warning
Large setup violation  
There is a large setup violation of -1.238 ns between system_i/microprocessor_0/U0/fetch_unit/IRLatch/q_i_reg[6]/C (clocked by clk_out1_system_clk_wiz_0) and system_i/microprocessor_0/U0/datapath/register_file/regGen[3].regI/q_i_reg[11]/D (clocked by clk_out1_system_clk_wiz_0). Large setup violations at the end of those stages might be difficult to fix during the post-placement implementation flow and could be the result of non-optimal XDC constraints or non-optimal design architecture
Related violations: <none>

TIMING-16#135 Warning
Large setup violation  
There is a large setup violation of -1.240 ns between system_i/microprocessor_0/U0/fetch_unit/IRLatch/q_i_reg[6]/C (clocked by clk_out1_system_clk_wiz_0) and system_i/microprocessor_0/U0/datapath/register_file/regGen[25].regI/q_i_reg[31]/D (clocked by clk_out1_system_clk_wiz_0). Large setup violations at the end of those stages might be difficult to fix during the post-placement implementation flow and could be the result of non-optimal XDC constraints or non-optimal design architecture
Related violations: <none>

TIMING-16#136 Warning
Large setup violation  
There is a large setup violation of -1.244 ns between system_i/microprocessor_0/U0/fetch_unit/IRLatch/q_i_reg[6]/C (clocked by clk_out1_system_clk_wiz_0) and system_i/microprocessor_0/U0/datapath/register_file/regGen[11].regI/q_i_reg[31]/D (clocked by clk_out1_system_clk_wiz_0). Large setup violations at the end of those stages might be difficult to fix during the post-placement implementation flow and could be the result of non-optimal XDC constraints or non-optimal design architecture
Related violations: <none>

TIMING-16#137 Warning
Large setup violation  
There is a large setup violation of -1.244 ns between system_i/microprocessor_0/U0/fetch_unit/IRLatch/q_i_reg[6]/C (clocked by clk_out1_system_clk_wiz_0) and system_i/microprocessor_0/U0/datapath/register_file/regGen[6].regI/q_i_reg[31]/D (clocked by clk_out1_system_clk_wiz_0). Large setup violations at the end of those stages might be difficult to fix during the post-placement implementation flow and could be the result of non-optimal XDC constraints or non-optimal design architecture
Related violations: <none>

TIMING-16#138 Warning
Large setup violation  
There is a large setup violation of -1.247 ns between system_i/microprocessor_0/U0/fetch_unit/IRLatch/q_i_reg[6]/C (clocked by clk_out1_system_clk_wiz_0) and system_i/microprocessor_0/U0/datapath/register_file/regGen[5].regI/q_i_reg[3]/D (clocked by clk_out1_system_clk_wiz_0). Large setup violations at the end of those stages might be difficult to fix during the post-placement implementation flow and could be the result of non-optimal XDC constraints or non-optimal design architecture
Related violations: <none>

TIMING-16#139 Warning
Large setup violation  
There is a large setup violation of -1.249 ns between system_i/microprocessor_0/U0/fetch_unit/IRLatch/q_i_reg[4]_replica/C (clocked by clk_out1_system_clk_wiz_0) and system_i/microprocessor_0/U0/datapath/register_file/regGen[16].regI/q_i_reg[14]/D (clocked by clk_out1_system_clk_wiz_0). Large setup violations at the end of those stages might be difficult to fix during the post-placement implementation flow and could be the result of non-optimal XDC constraints or non-optimal design architecture
Related violations: <none>

TIMING-16#140 Warning
Large setup violation  
There is a large setup violation of -1.252 ns between system_i/microprocessor_0/U0/fetch_unit/IRLatch/q_i_reg[6]/C (clocked by clk_out1_system_clk_wiz_0) and system_i/microprocessor_0/U0/datapath/register_file/regGen[24].regI/q_i_reg[31]/D (clocked by clk_out1_system_clk_wiz_0). Large setup violations at the end of those stages might be difficult to fix during the post-placement implementation flow and could be the result of non-optimal XDC constraints or non-optimal design architecture
Related violations: <none>

TIMING-16#141 Warning
Large setup violation  
There is a large setup violation of -1.253 ns between system_i/microprocessor_0/U0/fetch_unit/IRLatch/q_i_reg[6]/C (clocked by clk_out1_system_clk_wiz_0) and system_i/microprocessor_0/U0/datapath/register_file/regGen[6].regI/q_i_reg[19]/D (clocked by clk_out1_system_clk_wiz_0). Large setup violations at the end of those stages might be difficult to fix during the post-placement implementation flow and could be the result of non-optimal XDC constraints or non-optimal design architecture
Related violations: <none>

TIMING-16#142 Warning
Large setup violation  
There is a large setup violation of -1.259 ns between system_i/microprocessor_0/U0/fetch_unit/IRLatch/q_i_reg[4]_replica/C (clocked by clk_out1_system_clk_wiz_0) and system_i/microprocessor_0/U0/datapath/register_file/regGen[12].regI/q_i_reg[14]/D (clocked by clk_out1_system_clk_wiz_0). Large setup violations at the end of those stages might be difficult to fix during the post-placement implementation flow and could be the result of non-optimal XDC constraints or non-optimal design architecture
Related violations: <none>

TIMING-16#143 Warning
Large setup violation  
There is a large setup violation of -1.259 ns between system_i/microprocessor_0/U0/fetch_unit/IRLatch/q_i_reg[6]/C (clocked by clk_out1_system_clk_wiz_0) and system_i/microprocessor_0/U0/datapath/register_file/regGen[30].regI/q_i_reg[11]/D (clocked by clk_out1_system_clk_wiz_0). Large setup violations at the end of those stages might be difficult to fix during the post-placement implementation flow and could be the result of non-optimal XDC constraints or non-optimal design architecture
Related violations: <none>

TIMING-16#144 Warning
Large setup violation  
There is a large setup violation of -1.263 ns between system_i/microprocessor_0/U0/fetch_unit/IRLatch/q_i_reg[0]/C (clocked by clk_out1_system_clk_wiz_0) and system_i/microprocessor_0/U0/datapath/register_file/regGen[4].regI/q_i_reg[18]/D (clocked by clk_out1_system_clk_wiz_0). Large setup violations at the end of those stages might be difficult to fix during the post-placement implementation flow and could be the result of non-optimal XDC constraints or non-optimal design architecture
Related violations: <none>

TIMING-16#145 Warning
Large setup violation  
There is a large setup violation of -1.279 ns between system_i/microprocessor_0/U0/fetch_unit/IRLatch/q_i_reg[4]_replica/C (clocked by clk_out1_system_clk_wiz_0) and system_i/microprocessor_0/U0/datapath/register_file/regGen[31].regI/q_i_reg[14]/D (clocked by clk_out1_system_clk_wiz_0). Large setup violations at the end of those stages might be difficult to fix during the post-placement implementation flow and could be the result of non-optimal XDC constraints or non-optimal design architecture
Related violations: <none>

TIMING-16#146 Warning
Large setup violation  
There is a large setup violation of -1.279 ns between system_i/microprocessor_0/U0/fetch_unit/IRLatch/q_i_reg[6]/C (clocked by clk_out1_system_clk_wiz_0) and system_i/microprocessor_0/U0/datapath/register_file/regGen[3].regI/q_i_reg[31]/D (clocked by clk_out1_system_clk_wiz_0). Large setup violations at the end of those stages might be difficult to fix during the post-placement implementation flow and could be the result of non-optimal XDC constraints or non-optimal design architecture
Related violations: <none>

TIMING-16#147 Warning
Large setup violation  
There is a large setup violation of -1.279 ns between system_i/microprocessor_0/U0/fetch_unit/IRLatch/q_i_reg[6]/C (clocked by clk_out1_system_clk_wiz_0) and system_i/microprocessor_0/U0/datapath/register_file/regGen[9].regI/q_i_reg[31]/D (clocked by clk_out1_system_clk_wiz_0). Large setup violations at the end of those stages might be difficult to fix during the post-placement implementation flow and could be the result of non-optimal XDC constraints or non-optimal design architecture
Related violations: <none>

TIMING-16#148 Warning
Large setup violation  
There is a large setup violation of -1.287 ns between system_i/microprocessor_0/U0/fetch_unit/IRLatch/q_i_reg[6]/C (clocked by clk_out1_system_clk_wiz_0) and system_i/microprocessor_0/U0/datapath/register_file/regGen[4].regI/q_i_reg[27]/D (clocked by clk_out1_system_clk_wiz_0). Large setup violations at the end of those stages might be difficult to fix during the post-placement implementation flow and could be the result of non-optimal XDC constraints or non-optimal design architecture
Related violations: <none>

TIMING-16#149 Warning
Large setup violation  
There is a large setup violation of -1.289 ns between system_i/microprocessor_0/U0/fetch_unit/IRLatch/q_i_reg[4]_replica/C (clocked by clk_out1_system_clk_wiz_0) and system_i/microprocessor_0/U0/datapath/register_file/regGen[18].regI/q_i_reg[14]/D (clocked by clk_out1_system_clk_wiz_0). Large setup violations at the end of those stages might be difficult to fix during the post-placement implementation flow and could be the result of non-optimal XDC constraints or non-optimal design architecture
Related violations: <none>

TIMING-16#150 Warning
Large setup violation  
There is a large setup violation of -1.313 ns between system_i/microprocessor_0/U0/fetch_unit/IRLatch/q_i_reg[6]/C (clocked by clk_out1_system_clk_wiz_0) and system_i/microprocessor_0/U0/datapath/register_file/regGen[18].regI/q_i_reg[31]/D (clocked by clk_out1_system_clk_wiz_0). Large setup violations at the end of those stages might be difficult to fix during the post-placement implementation flow and could be the result of non-optimal XDC constraints or non-optimal design architecture
Related violations: <none>

TIMING-16#151 Warning
Large setup violation  
There is a large setup violation of -1.319 ns between system_i/microprocessor_0/U0/fetch_unit/IRLatch/q_i_reg[0]/C (clocked by clk_out1_system_clk_wiz_0) and system_i/microprocessor_0/U0/datapath/register_file/regGen[1].regI/q_i_reg[10]/D (clocked by clk_out1_system_clk_wiz_0). Large setup violations at the end of those stages might be difficult to fix during the post-placement implementation flow and could be the result of non-optimal XDC constraints or non-optimal design architecture
Related violations: <none>

TIMING-16#152 Warning
Large setup violation  
There is a large setup violation of -1.322 ns between system_i/microprocessor_0/U0/fetch_unit/IRLatch/q_i_reg[6]/C (clocked by clk_out1_system_clk_wiz_0) and system_i/microprocessor_0/U0/datapath/register_file/regGen[6].regI/q_i_reg[27]/D (clocked by clk_out1_system_clk_wiz_0). Large setup violations at the end of those stages might be difficult to fix during the post-placement implementation flow and could be the result of non-optimal XDC constraints or non-optimal design architecture
Related violations: <none>

TIMING-16#153 Warning
Large setup violation  
There is a large setup violation of -1.323 ns between system_i/microprocessor_0/U0/fetch_unit/IRLatch/q_i_reg[6]/C (clocked by clk_out1_system_clk_wiz_0) and system_i/microprocessor_0/U0/datapath/register_file/regGen[1].regI/q_i_reg[27]/D (clocked by clk_out1_system_clk_wiz_0). Large setup violations at the end of those stages might be difficult to fix during the post-placement implementation flow and could be the result of non-optimal XDC constraints or non-optimal design architecture
Related violations: <none>

TIMING-16#154 Warning
Large setup violation  
There is a large setup violation of -1.331 ns between system_i/microprocessor_0/U0/fetch_unit/IRLatch/q_i_reg[4]_replica/C (clocked by clk_out1_system_clk_wiz_0) and system_i/microprocessor_0/U0/datapath/register_file/regGen[5].regI/q_i_reg[14]/D (clocked by clk_out1_system_clk_wiz_0). Large setup violations at the end of those stages might be difficult to fix during the post-placement implementation flow and could be the result of non-optimal XDC constraints or non-optimal design architecture
Related violations: <none>

TIMING-16#155 Warning
Large setup violation  
There is a large setup violation of -1.345 ns between system_i/microprocessor_0/U0/fetch_unit/IRLatch/q_i_reg[6]/C (clocked by clk_out1_system_clk_wiz_0) and system_i/microprocessor_0/U0/datapath/register_file/regGen[2].regI/q_i_reg[31]/D (clocked by clk_out1_system_clk_wiz_0). Large setup violations at the end of those stages might be difficult to fix during the post-placement implementation flow and could be the result of non-optimal XDC constraints or non-optimal design architecture
Related violations: <none>

TIMING-16#156 Warning
Large setup violation  
There is a large setup violation of -1.356 ns between system_i/microprocessor_0/U0/fetch_unit/IRLatch/q_i_reg[6]/C (clocked by clk_out1_system_clk_wiz_0) and system_i/microprocessor_0/U0/datapath/register_file/regGen[26].regI/q_i_reg[31]/D (clocked by clk_out1_system_clk_wiz_0). Large setup violations at the end of those stages might be difficult to fix during the post-placement implementation flow and could be the result of non-optimal XDC constraints or non-optimal design architecture
Related violations: <none>

TIMING-16#157 Warning
Large setup violation  
There is a large setup violation of -1.357 ns between system_i/microprocessor_0/U0/fetch_unit/IRLatch/q_i_reg[4]_replica/C (clocked by clk_out1_system_clk_wiz_0) and system_i/microprocessor_0/U0/datapath/register_file/regGen[6].regI/q_i_reg[14]/D (clocked by clk_out1_system_clk_wiz_0). Large setup violations at the end of those stages might be difficult to fix during the post-placement implementation flow and could be the result of non-optimal XDC constraints or non-optimal design architecture
Related violations: <none>

TIMING-16#158 Warning
Large setup violation  
There is a large setup violation of -1.397 ns between system_i/microprocessor_0/U0/fetch_unit/IRLatch/q_i_reg[4]_replica/C (clocked by clk_out1_system_clk_wiz_0) and system_i/microprocessor_0/U0/datapath/register_file/regGen[4].regI/q_i_reg[14]/D (clocked by clk_out1_system_clk_wiz_0). Large setup violations at the end of those stages might be difficult to fix during the post-placement implementation flow and could be the result of non-optimal XDC constraints or non-optimal design architecture
Related violations: <none>

TIMING-16#159 Warning
Large setup violation  
There is a large setup violation of -1.429 ns between system_i/microprocessor_0/U0/fetch_unit/IRLatch/q_i_reg[6]/C (clocked by clk_out1_system_clk_wiz_0) and system_i/microprocessor_0/U0/datapath/register_file/regGen[6].regI/q_i_reg[2]/D (clocked by clk_out1_system_clk_wiz_0). Large setup violations at the end of those stages might be difficult to fix during the post-placement implementation flow and could be the result of non-optimal XDC constraints or non-optimal design architecture
Related violations: <none>


