INFO: [VRFC 10-163] Analyzing VHDL file "/home/student/s101153258/riscv_microprocessor/riscv_microprocessor.sim/sim_1/impl/func/xsim/microprocessor_testbench_func_impl.vhd" into library xil_defaultlib
INFO: [VRFC 10-3107] analyzing entity '\GPIO_Core__parameterized0\'
INFO: [VRFC 10-3107] analyzing entity 'alu'
INFO: [VRFC 10-3107] analyzing entity 'branch_test_unit'
INFO: [VRFC 10-3107] analyzing entity 'generic_register'
INFO: [VRFC 10-3107] analyzing entity 'generic_register_0'
INFO: [VRFC 10-3107] analyzing entity 'generic_register_1'
INFO: [VRFC 10-3107] analyzing entity 'generic_register_10'
INFO: [VRFC 10-3107] analyzing entity 'generic_register_11'
INFO: [VRFC 10-3107] analyzing entity 'generic_register_12'
INFO: [VRFC 10-3107] analyzing entity 'generic_register_13'
INFO: [VRFC 10-3107] analyzing entity 'generic_register_14'
INFO: [VRFC 10-3107] analyzing entity 'generic_register_15'
INFO: [VRFC 10-3107] analyzing entity 'generic_register_16'
INFO: [VRFC 10-3107] analyzing entity 'generic_register_17'
INFO: [VRFC 10-3107] analyzing entity 'generic_register_18'
INFO: [VRFC 10-3107] analyzing entity 'generic_register_19'
INFO: [VRFC 10-3107] analyzing entity 'generic_register_2'
INFO: [VRFC 10-3107] analyzing entity 'generic_register_20'
INFO: [VRFC 10-3107] analyzing entity 'generic_register_21'
INFO: [VRFC 10-3107] analyzing entity 'generic_register_22'
INFO: [VRFC 10-3107] analyzing entity 'generic_register_23'
INFO: [VRFC 10-3107] analyzing entity 'generic_register_24'
INFO: [VRFC 10-3107] analyzing entity 'generic_register_25'
INFO: [VRFC 10-3107] analyzing entity 'generic_register_26'
INFO: [VRFC 10-3107] analyzing entity 'generic_register_27'
INFO: [VRFC 10-3107] analyzing entity 'generic_register_28'
INFO: [VRFC 10-3107] analyzing entity 'generic_register_29'
INFO: [VRFC 10-3107] analyzing entity 'generic_register_3'
INFO: [VRFC 10-3107] analyzing entity 'generic_register_30'
INFO: [VRFC 10-3107] analyzing entity 'generic_register_31'
INFO: [VRFC 10-3107] analyzing entity 'generic_register_32'
INFO: [VRFC 10-3107] analyzing entity 'generic_register_33'
INFO: [VRFC 10-3107] analyzing entity 'generic_register_4'
INFO: [VRFC 10-3107] analyzing entity 'generic_register_5'
INFO: [VRFC 10-3107] analyzing entity 'generic_register_6'
INFO: [VRFC 10-3107] analyzing entity 'generic_register_7'
INFO: [VRFC 10-3107] analyzing entity 'generic_register_8'
INFO: [VRFC 10-3107] analyzing entity 'generic_register_9'
INFO: [VRFC 10-3107] analyzing entity 'program_counter'
INFO: [VRFC 10-3107] analyzing entity 'pselect_f'
INFO: [VRFC 10-3107] analyzing entity 'pselect_f_37'
INFO: [VRFC 10-3107] analyzing entity '\pselect_f__parameterized1\'
INFO: [VRFC 10-3107] analyzing entity '\pselect_f__parameterized1_38\'
INFO: [VRFC 10-3107] analyzing entity 'rd_chnl'
INFO: [VRFC 10-3107] analyzing entity 'rd_chnl_43'
INFO: [VRFC 10-3107] analyzing entity 'sequencer'
INFO: [VRFC 10-3107] analyzing entity 'sng_port_arb'
INFO: [VRFC 10-3107] analyzing entity 'sng_port_arb_42'
INFO: [VRFC 10-3107] analyzing entity 'system_clk_wiz_0_clk_wiz'
INFO: [VRFC 10-3107] analyzing entity 'upcnt_n'
INFO: [VRFC 10-3107] analyzing entity 'upcnt_n_602'
INFO: [VRFC 10-3107] analyzing entity 'wr_chnl'
INFO: [VRFC 10-3107] analyzing entity 'wr_chnl_44'
INFO: [VRFC 10-3107] analyzing entity 'xpm_cdc_array_single'
INFO: [VRFC 10-3107] analyzing entity '\xpm_cdc_async_rst__25\'
INFO: [VRFC 10-3107] analyzing entity '\xpm_cdc_async_rst__26\'
INFO: [VRFC 10-3107] analyzing entity '\xpm_cdc_async_rst__27\'
INFO: [VRFC 10-3107] analyzing entity '\xpm_cdc_async_rst__28\'
INFO: [VRFC 10-3107] analyzing entity '\xpm_cdc_async_rst__29\'
INFO: [VRFC 10-3107] analyzing entity '\xpm_cdc_async_rst__30\'
INFO: [VRFC 10-3107] analyzing entity '\xpm_cdc_async_rst__31\'
INFO: [VRFC 10-3107] analyzing entity '\xpm_cdc_async_rst__32\'
INFO: [VRFC 10-3107] analyzing entity '\xpm_cdc_async_rst__33\'
INFO: [VRFC 10-3107] analyzing entity '\xpm_cdc_async_rst__34\'
INFO: [VRFC 10-3107] analyzing entity '\xpm_cdc_async_rst__35\'
INFO: [VRFC 10-3107] analyzing entity '\xpm_cdc_async_rst__37\'
INFO: [VRFC 10-3107] analyzing entity '\xpm_cdc_async_rst__39\'
INFO: [VRFC 10-3107] analyzing entity '\xpm_cdc_async_rst__41\'
INFO: [VRFC 10-3107] analyzing entity '\xpm_cdc_async_rst__43\'
INFO: [VRFC 10-3107] analyzing entity '\xpm_cdc_async_rst__45\'
INFO: [VRFC 10-3107] analyzing entity '\xpm_cdc_async_rst__47\'
INFO: [VRFC 10-3107] analyzing entity '\xpm_cdc_async_rst__49\'
INFO: [VRFC 10-3107] analyzing entity '\xpm_cdc_async_rst__51\'
INFO: [VRFC 10-3107] analyzing entity '\xpm_cdc_async_rst__53\'
INFO: [VRFC 10-3107] analyzing entity '\xpm_cdc_async_rst__55\'
INFO: [VRFC 10-3107] analyzing entity '\xpm_cdc_async_rst__57\'
INFO: [VRFC 10-3107] analyzing entity '\xpm_cdc_async_rst__59\'
INFO: [VRFC 10-3107] analyzing entity '\xpm_cdc_async_rst__61\'
INFO: [VRFC 10-3107] analyzing entity '\xpm_cdc_async_rst__63\'
INFO: [VRFC 10-3107] analyzing entity '\xpm_cdc_async_rst__65\'
INFO: [VRFC 10-3107] analyzing entity '\xpm_cdc_async_rst__67\'
INFO: [VRFC 10-3107] analyzing entity '\xpm_cdc_async_rst__69\'
INFO: [VRFC 10-3107] analyzing entity '\xpm_cdc_async_rst__71\'
INFO: [VRFC 10-3107] analyzing entity '\xpm_cdc_async_rst__73\'
INFO: [VRFC 10-3107] analyzing entity '\xpm_cdc_async_rst__75\'
INFO: [VRFC 10-3107] analyzing entity '\xpm_cdc_async_rst__77\'
INFO: [VRFC 10-3107] analyzing entity '\xpm_cdc_async_rst__79\'
INFO: [VRFC 10-3107] analyzing entity '\xpm_cdc_async_rst__81\'
INFO: [VRFC 10-3107] analyzing entity '\xpm_cdc_async_rst__83\'
INFO: [VRFC 10-3107] analyzing entity '\xpm_cdc_async_rst__85\'
INFO: [VRFC 10-3107] analyzing entity '\xpm_cdc_async_rst__87\'
INFO: [VRFC 10-3107] analyzing entity '\xpm_cdc_async_rst__89\'
INFO: [VRFC 10-3107] analyzing entity '\xpm_cdc_async_rst__91\'
INFO: [VRFC 10-3107] analyzing entity '\xpm_cdc_async_rst__93\'
INFO: [VRFC 10-3107] analyzing entity 'xpm_cdc_single'
INFO: [VRFC 10-3107] analyzing entity '\xpm_cdc_single__1\'
INFO: [VRFC 10-3107] analyzing entity '\xpm_cdc_single__2\'
INFO: [VRFC 10-3107] analyzing entity '\xpm_cdc_single__3\'
INFO: [VRFC 10-3107] analyzing entity '\xpm_memory_base__parameterized0\'
INFO: [VRFC 10-3107] analyzing entity '\xpm_memory_base__parameterized0__10\'
INFO: [VRFC 10-3107] analyzing entity '\xpm_memory_base__parameterized0__11\'
INFO: [VRFC 10-3107] analyzing entity '\xpm_memory_base__parameterized0__12\'
INFO: [VRFC 10-3107] analyzing entity '\xpm_memory_base__parameterized0__13\'
INFO: [VRFC 10-3107] analyzing entity '\xpm_memory_base__parameterized0__14\'
INFO: [VRFC 10-3107] analyzing entity '\xpm_memory_base__parameterized0__8\'
INFO: [VRFC 10-3107] analyzing entity '\xpm_memory_base__parameterized0__9\'
INFO: [VRFC 10-3107] analyzing entity '\xpm_memory_base__parameterized1\'
INFO: [VRFC 10-3107] analyzing entity '\xpm_memory_base__parameterized10\'
INFO: [VRFC 10-3107] analyzing entity '\xpm_memory_base__parameterized10__2\'
INFO: [VRFC 10-3107] analyzing entity '\xpm_memory_base__parameterized1__10\'
INFO: [VRFC 10-3107] analyzing entity '\xpm_memory_base__parameterized1__11\'
INFO: [VRFC 10-3107] analyzing entity '\xpm_memory_base__parameterized1__12\'
INFO: [VRFC 10-3107] analyzing entity '\xpm_memory_base__parameterized1__13\'
INFO: [VRFC 10-3107] analyzing entity '\xpm_memory_base__parameterized1__14\'
INFO: [VRFC 10-3107] analyzing entity '\xpm_memory_base__parameterized1__8\'
INFO: [VRFC 10-3107] analyzing entity '\xpm_memory_base__parameterized1__9\'
INFO: [VRFC 10-3107] analyzing entity '\xpm_memory_base__parameterized3\'
INFO: [VRFC 10-3107] analyzing entity '\xpm_memory_base__parameterized3__4\'
INFO: [VRFC 10-3107] analyzing entity '\xpm_memory_base__parameterized3__5\'
INFO: [VRFC 10-3107] analyzing entity '\xpm_memory_base__parameterized3__6\'
INFO: [VRFC 10-3107] analyzing entity '\xpm_memory_base__parameterized4\'
INFO: [VRFC 10-3107] analyzing entity '\xpm_memory_base__parameterized4__10\'
INFO: [VRFC 10-3107] analyzing entity '\xpm_memory_base__parameterized4__11\'
INFO: [VRFC 10-3107] analyzing entity '\xpm_memory_base__parameterized4__12\'
INFO: [VRFC 10-3107] analyzing entity '\xpm_memory_base__parameterized4__13\'
INFO: [VRFC 10-3107] analyzing entity '\xpm_memory_base__parameterized4__14\'
INFO: [VRFC 10-3107] analyzing entity '\xpm_memory_base__parameterized4__8\'
INFO: [VRFC 10-3107] analyzing entity '\xpm_memory_base__parameterized4__9\'
INFO: [VRFC 10-3107] analyzing entity '\xpm_memory_base__parameterized5\'
INFO: [VRFC 10-3107] analyzing entity '\xpm_memory_base__parameterized5__4\'
INFO: [VRFC 10-3107] analyzing entity '\xpm_memory_base__parameterized5__5\'
INFO: [VRFC 10-3107] analyzing entity '\xpm_memory_base__parameterized5__6\'
INFO: [VRFC 10-3107] analyzing entity '\xpm_memory_base__parameterized6\'
INFO: [VRFC 10-3107] analyzing entity '\xpm_memory_base__parameterized6__10\'
INFO: [VRFC 10-3107] analyzing entity '\xpm_memory_base__parameterized6__6\'
INFO: [VRFC 10-3107] analyzing entity '\xpm_memory_base__parameterized6__7\'
INFO: [VRFC 10-3107] analyzing entity '\xpm_memory_base__parameterized6__8\'
INFO: [VRFC 10-3107] analyzing entity '\xpm_memory_base__parameterized6__9\'
INFO: [VRFC 10-3107] analyzing entity '\xpm_memory_base__parameterized7\'
INFO: [VRFC 10-3107] analyzing entity '\xpm_memory_base__parameterized7__4\'
INFO: [VRFC 10-3107] analyzing entity '\xpm_memory_base__parameterized7__5\'
INFO: [VRFC 10-3107] analyzing entity '\xpm_memory_base__parameterized7__6\'
INFO: [VRFC 10-3107] analyzing entity '\xpm_memory_base__parameterized9\'
INFO: [VRFC 10-3107] analyzing entity '\xpm_memory_base__parameterized9__2\'
INFO: [VRFC 10-3107] analyzing entity 'sc_axi2sc_v1_0_10_top'
INFO: [VRFC 10-3107] analyzing entity '\sc_axi2sc_v1_0_10_top__1\'
INFO: [VRFC 10-3107] analyzing entity 'sc_exit_v1_0_17_axilite_conv'
INFO: [VRFC 10-3107] analyzing entity 'sc_exit_v1_0_17_axilite_conv_450'
INFO: [VRFC 10-3107] analyzing entity 'sc_mmu_v1_0_15_decerr_slave'
INFO: [VRFC 10-3107] analyzing entity 'sc_mmu_v1_0_15_decerr_slave_319'
INFO: [VRFC 10-3107] analyzing entity 'sc_node_v1_0_18_arb_alg_rr'
INFO: [VRFC 10-3107] analyzing entity 'sc_node_v1_0_18_arb_alg_rr_365'
INFO: [VRFC 10-3107] analyzing entity 'sc_node_v1_0_18_arb_alg_rr_418'
INFO: [VRFC 10-3107] analyzing entity 'sc_node_v1_0_18_arb_alg_rr_432'
INFO: [VRFC 10-3107] analyzing entity 'sc_node_v1_0_18_arb_alg_rr_491'
INFO: [VRFC 10-3107] analyzing entity 'sc_node_v1_0_18_arb_alg_rr_505'
INFO: [VRFC 10-3107] analyzing entity 'sc_node_v1_0_18_arb_alg_rr_562'
INFO: [VRFC 10-3107] analyzing entity 'sc_node_v1_0_18_arb_alg_rr_576'
INFO: [VRFC 10-3107] analyzing entity '\sc_node_v1_0_18_arb_alg_rr__parameterized0\'
INFO: [VRFC 10-3107] analyzing entity '\sc_node_v1_0_18_arb_alg_rr__parameterized0_173\'
INFO: [VRFC 10-3107] analyzing entity '\sc_node_v1_0_18_arb_alg_rr__parameterized0_187\'
INFO: [VRFC 10-3107] analyzing entity '\sc_node_v1_0_18_arb_alg_rr__parameterized0_79\'
INFO: [VRFC 10-3107] analyzing entity '\sc_node_v1_0_18_reg_slice3__parameterized0\'
INFO: [VRFC 10-3107] analyzing entity '\sc_node_v1_0_18_reg_slice3__parameterized0_346\'
INFO: [VRFC 10-3107] analyzing entity '\sc_node_v1_0_18_reg_slice3__parameterized0_401\'
INFO: [VRFC 10-3107] analyzing entity '\sc_node_v1_0_18_reg_slice3__parameterized0_409\'
INFO: [VRFC 10-3107] analyzing entity '\sc_node_v1_0_18_reg_slice3__parameterized0_474\'
INFO: [VRFC 10-3107] analyzing entity '\sc_node_v1_0_18_reg_slice3__parameterized0_482\'
INFO: [VRFC 10-3107] analyzing entity '\sc_node_v1_0_18_reg_slice3__parameterized0_545\'
INFO: [VRFC 10-3107] analyzing entity '\sc_node_v1_0_18_reg_slice3__parameterized0_553\'
INFO: [VRFC 10-3107] analyzing entity '\sc_node_v1_0_18_reg_slice3__parameterized1\'
INFO: [VRFC 10-3107] analyzing entity '\sc_node_v1_0_18_reg_slice3__parameterized1_165\'
INFO: [VRFC 10-3107] analyzing entity '\sc_node_v1_0_18_reg_slice3__parameterized1_201\'
INFO: [VRFC 10-3107] analyzing entity '\sc_node_v1_0_18_reg_slice3__parameterized1_209\'
INFO: [VRFC 10-3107] analyzing entity '\sc_node_v1_0_18_reg_slice3__parameterized1_91\'
INFO: [VRFC 10-3107] analyzing entity '\sc_node_v1_0_18_reg_slice3__parameterized1_98\'
INFO: [VRFC 10-3107] analyzing entity '\sc_node_v1_0_18_si_handler__parameterized1\'
INFO: [VRFC 10-3107] analyzing entity '\sc_node_v1_0_18_si_handler__parameterized1_408\'
INFO: [VRFC 10-3107] analyzing entity '\sc_node_v1_0_18_si_handler__parameterized1_481\'
INFO: [VRFC 10-3107] analyzing entity '\sc_node_v1_0_18_si_handler__parameterized1_552\'
INFO: [VRFC 10-3107] analyzing entity '\sc_node_v1_0_18_si_handler__parameterized2\'
INFO: [VRFC 10-3107] analyzing entity '\sc_node_v1_0_18_si_handler__parameterized2_400\'
INFO: [VRFC 10-3107] analyzing entity '\sc_node_v1_0_18_si_handler__parameterized2_473\'
INFO: [VRFC 10-3107] analyzing entity '\sc_node_v1_0_18_si_handler__parameterized2_544\'
INFO: [VRFC 10-3107] analyzing entity '\sc_node_v1_0_18_si_handler__parameterized4\'
INFO: [VRFC 10-3107] analyzing entity '\sc_node_v1_0_18_si_handler__parameterized4_208\'
INFO: [VRFC 10-3107] analyzing entity '\sc_node_v1_0_18_si_handler__parameterized5\'
INFO: [VRFC 10-3107] analyzing entity '\sc_node_v1_0_18_si_handler__parameterized5_200\'
INFO: [VRFC 10-3107] analyzing entity '\sc_node_v1_0_18_si_handler__parameterized8\'
INFO: [VRFC 10-3107] analyzing entity '\sc_node_v1_0_18_si_handler__parameterized8_164\'
INFO: [VRFC 10-3107] analyzing entity 'sc_sc2axi_v1_0_10_top'
INFO: [VRFC 10-3107] analyzing entity '\sc_sc2axi_v1_0_10_top__1\'
INFO: [VRFC 10-3107] analyzing entity '\sc_sc2axi_v1_0_10_top__parameterized0\'
INFO: [VRFC 10-3107] analyzing entity '\sc_sc2axi_v1_0_10_top__parameterized0__1\'
INFO: [VRFC 10-3107] analyzing entity '\sc_switchboard_v1_0_8_top__parameterized0\'
INFO: [VRFC 10-3107] analyzing entity 'sc_util_v1_0_4_axi_reg_stall'
INFO: [VRFC 10-3107] analyzing entity 'sc_util_v1_0_4_axi_reg_stall_106'
INFO: [VRFC 10-3107] analyzing entity 'sc_util_v1_0_4_axi_reg_stall_115'
INFO: [VRFC 10-3107] analyzing entity 'sc_util_v1_0_4_axi_reg_stall_116'
INFO: [VRFC 10-3107] analyzing entity 'sc_util_v1_0_4_axi_reg_stall_157'
INFO: [VRFC 10-3107] analyzing entity 'sc_util_v1_0_4_axi_reg_stall_158'
INFO: [VRFC 10-3107] analyzing entity 'sc_util_v1_0_4_axi_reg_stall_159'
INFO: [VRFC 10-3107] analyzing entity 'sc_util_v1_0_4_axi_reg_stall_160'
INFO: [VRFC 10-3107] analyzing entity 'sc_util_v1_0_4_axi_reg_stall_161'
INFO: [VRFC 10-3107] analyzing entity 'sc_util_v1_0_4_axi_reg_stall_162'
INFO: [VRFC 10-3107] analyzing entity 'sc_util_v1_0_4_axi_reg_stall_163'
INFO: [VRFC 10-3107] analyzing entity 'sc_util_v1_0_4_axi_reg_stall_218'
INFO: [VRFC 10-3107] analyzing entity 'sc_util_v1_0_4_axi_reg_stall_220'
INFO: [VRFC 10-3107] analyzing entity 'sc_util_v1_0_4_axi_reg_stall_233'
INFO: [VRFC 10-3107] analyzing entity 'sc_util_v1_0_4_axi_reg_stall_234'
INFO: [VRFC 10-3107] analyzing entity 'sc_util_v1_0_4_axi_reg_stall_314'
INFO: [VRFC 10-3107] analyzing entity 'sc_util_v1_0_4_axi_reg_stall_315'
INFO: [VRFC 10-3107] analyzing entity 'sc_util_v1_0_4_axi_reg_stall_316'
INFO: [VRFC 10-3107] analyzing entity 'sc_util_v1_0_4_axi_reg_stall_317'
INFO: [VRFC 10-3107] analyzing entity 'sc_util_v1_0_4_axi_reg_stall_318'
INFO: [VRFC 10-3107] analyzing entity 'sc_util_v1_0_4_axi_reg_stall_322'
INFO: [VRFC 10-3107] analyzing entity 'sc_util_v1_0_4_axi_reg_stall_323'
INFO: [VRFC 10-3107] analyzing entity 'sc_util_v1_0_4_axi_reg_stall_375'
INFO: [VRFC 10-3107] analyzing entity 'sc_util_v1_0_4_axi_reg_stall_376'
INFO: [VRFC 10-3107] analyzing entity 'sc_util_v1_0_4_axi_reg_stall_377'
INFO: [VRFC 10-3107] analyzing entity 'sc_util_v1_0_4_axi_reg_stall_378'
INFO: [VRFC 10-3107] analyzing entity 'sc_util_v1_0_4_axi_reg_stall_379'
INFO: [VRFC 10-3107] analyzing entity 'sc_util_v1_0_4_axi_reg_stall_443'
INFO: [VRFC 10-3107] analyzing entity 'sc_util_v1_0_4_axi_reg_stall_444'
INFO: [VRFC 10-3107] analyzing entity 'sc_util_v1_0_4_axi_reg_stall_445'
INFO: [VRFC 10-3107] analyzing entity 'sc_util_v1_0_4_axi_reg_stall_447'
INFO: [VRFC 10-3107] analyzing entity 'sc_util_v1_0_4_axi_reg_stall_449'
INFO: [VRFC 10-3107] analyzing entity 'sc_util_v1_0_4_axi_reg_stall_516'
INFO: [VRFC 10-3107] analyzing entity 'sc_util_v1_0_4_axi_reg_stall_517'
INFO: [VRFC 10-3107] analyzing entity 'sc_util_v1_0_4_axi_reg_stall_518'
INFO: [VRFC 10-3107] analyzing entity 'sc_util_v1_0_4_axi_reg_stall_519'
INFO: [VRFC 10-3107] analyzing entity 'sc_util_v1_0_4_axi_reg_stall_520'
INFO: [VRFC 10-3107] analyzing entity 'sc_util_v1_0_4_axi_reg_stall_587'
INFO: [VRFC 10-3107] analyzing entity 'sc_util_v1_0_4_axi_reg_stall_588'
INFO: [VRFC 10-3107] analyzing entity 'sc_util_v1_0_4_axi_reg_stall_589'
INFO: [VRFC 10-3107] analyzing entity 'sc_util_v1_0_4_axi_reg_stall_591'
INFO: [VRFC 10-3107] analyzing entity 'sc_util_v1_0_4_axi_reg_stall_592'
INFO: [VRFC 10-3107] analyzing entity 'sc_util_v1_0_4_axi_splitter'
INFO: [VRFC 10-3107] analyzing entity 'sc_util_v1_0_4_axi_splitter_321'
INFO: [VRFC 10-3107] analyzing entity '\sc_util_v1_0_4_axic_reg_srl_fifo__parameterized1\'
INFO: [VRFC 10-3107] analyzing entity '\sc_util_v1_0_4_axic_reg_srl_fifo__parameterized2\'
INFO: [VRFC 10-3107] analyzing entity '\sc_util_v1_0_4_axic_reg_srl_fifo__parameterized4\'
INFO: [VRFC 10-3107] analyzing entity '\sc_util_v1_0_4_axic_reg_srl_fifo__parameterized4_235\'
INFO: [VRFC 10-3107] analyzing entity '\sc_util_v1_0_4_axic_reg_srl_fifo__parameterized5\'
INFO: [VRFC 10-3107] analyzing entity '\sc_util_v1_0_4_axic_reg_srl_fifo__parameterized5_124\'
INFO: [VRFC 10-3107] analyzing entity '\sc_util_v1_0_4_axic_reg_srl_fifo__parameterized5_239\'
INFO: [VRFC 10-3107] analyzing entity '\sc_util_v1_0_4_axic_reg_srl_fifo__parameterized5_281\'
INFO: [VRFC 10-3107] analyzing entity '\sc_util_v1_0_4_axic_reg_srl_fifo__parameterized6\'
INFO: [VRFC 10-3107] analyzing entity '\sc_util_v1_0_4_axic_reg_srl_fifo__parameterized6_107\'
INFO: [VRFC 10-3107] analyzing entity '\sc_util_v1_0_4_axic_reg_srl_fifo__parameterized6_219\'
INFO: [VRFC 10-3107] analyzing entity '\sc_util_v1_0_4_axic_reg_srl_fifo__parameterized6_221\'
INFO: [VRFC 10-3107] analyzing entity 'sc_util_v1_0_4_counter'
INFO: [VRFC 10-3107] analyzing entity 'sc_util_v1_0_4_counter_174'
INFO: [VRFC 10-3107] analyzing entity 'sc_util_v1_0_4_counter_175'
INFO: [VRFC 10-3107] analyzing entity 'sc_util_v1_0_4_counter_176'
INFO: [VRFC 10-3107] analyzing entity 'sc_util_v1_0_4_counter_177'
INFO: [VRFC 10-3107] analyzing entity 'sc_util_v1_0_4_counter_188'
INFO: [VRFC 10-3107] analyzing entity 'sc_util_v1_0_4_counter_189'
INFO: [VRFC 10-3107] analyzing entity 'sc_util_v1_0_4_counter_190'
INFO: [VRFC 10-3107] analyzing entity 'sc_util_v1_0_4_counter_191'
INFO: [VRFC 10-3107] analyzing entity 'sc_util_v1_0_4_counter_354'
INFO: [VRFC 10-3107] analyzing entity 'sc_util_v1_0_4_counter_355'
INFO: [VRFC 10-3107] analyzing entity 'sc_util_v1_0_4_counter_366'
INFO: [VRFC 10-3107] analyzing entity 'sc_util_v1_0_4_counter_367'
INFO: [VRFC 10-3107] analyzing entity 'sc_util_v1_0_4_counter_419'
INFO: [VRFC 10-3107] analyzing entity 'sc_util_v1_0_4_counter_420'
INFO: [VRFC 10-3107] analyzing entity 'sc_util_v1_0_4_counter_433'
INFO: [VRFC 10-3107] analyzing entity 'sc_util_v1_0_4_counter_434'
INFO: [VRFC 10-3107] analyzing entity 'sc_util_v1_0_4_counter_492'
INFO: [VRFC 10-3107] analyzing entity 'sc_util_v1_0_4_counter_493'
INFO: [VRFC 10-3107] analyzing entity 'sc_util_v1_0_4_counter_506'
INFO: [VRFC 10-3107] analyzing entity 'sc_util_v1_0_4_counter_507'
INFO: [VRFC 10-3107] analyzing entity 'sc_util_v1_0_4_counter_563'
INFO: [VRFC 10-3107] analyzing entity 'sc_util_v1_0_4_counter_564'
INFO: [VRFC 10-3107] analyzing entity 'sc_util_v1_0_4_counter_577'
INFO: [VRFC 10-3107] analyzing entity 'sc_util_v1_0_4_counter_578'
INFO: [VRFC 10-3107] analyzing entity 'sc_util_v1_0_4_counter_70'
INFO: [VRFC 10-3107] analyzing entity 'sc_util_v1_0_4_counter_71'
INFO: [VRFC 10-3107] analyzing entity 'sc_util_v1_0_4_counter_72'
INFO: [VRFC 10-3107] analyzing entity 'sc_util_v1_0_4_counter_80'
INFO: [VRFC 10-3107] analyzing entity 'sc_util_v1_0_4_counter_81'
INFO: [VRFC 10-3107] analyzing entity 'sc_util_v1_0_4_counter_82'
INFO: [VRFC 10-3107] analyzing entity 'sc_util_v1_0_4_counter_83'
INFO: [VRFC 10-3107] analyzing entity '\sc_util_v1_0_4_counter__parameterized0\'
INFO: [VRFC 10-3107] analyzing entity '\sc_util_v1_0_4_counter__parameterized0_100\'
INFO: [VRFC 10-3107] analyzing entity '\sc_util_v1_0_4_counter__parameterized0_102\'
INFO: [VRFC 10-3107] analyzing entity '\sc_util_v1_0_4_counter__parameterized0_103\'
INFO: [VRFC 10-3107] analyzing entity '\sc_util_v1_0_4_counter__parameterized0_166\'
INFO: [VRFC 10-3107] analyzing entity '\sc_util_v1_0_4_counter__parameterized0_167\'
INFO: [VRFC 10-3107] analyzing entity '\sc_util_v1_0_4_counter__parameterized0_169\'
INFO: [VRFC 10-3107] analyzing entity '\sc_util_v1_0_4_counter__parameterized0_170\'
INFO: [VRFC 10-3107] analyzing entity '\sc_util_v1_0_4_counter__parameterized0_180\'
INFO: [VRFC 10-3107] analyzing entity '\sc_util_v1_0_4_counter__parameterized0_181\'
INFO: [VRFC 10-3107] analyzing entity '\sc_util_v1_0_4_counter__parameterized0_183\'
INFO: [VRFC 10-3107] analyzing entity '\sc_util_v1_0_4_counter__parameterized0_184\'
INFO: [VRFC 10-3107] analyzing entity '\sc_util_v1_0_4_counter__parameterized0_194\'
INFO: [VRFC 10-3107] analyzing entity '\sc_util_v1_0_4_counter__parameterized0_195\'
INFO: [VRFC 10-3107] analyzing entity '\sc_util_v1_0_4_counter__parameterized0_197\'
INFO: [VRFC 10-3107] analyzing entity '\sc_util_v1_0_4_counter__parameterized0_198\'
INFO: [VRFC 10-3107] analyzing entity '\sc_util_v1_0_4_counter__parameterized0_202\'
INFO: [VRFC 10-3107] analyzing entity '\sc_util_v1_0_4_counter__parameterized0_203\'
INFO: [VRFC 10-3107] analyzing entity '\sc_util_v1_0_4_counter__parameterized0_205\'
INFO: [VRFC 10-3107] analyzing entity '\sc_util_v1_0_4_counter__parameterized0_206\'
INFO: [VRFC 10-3107] analyzing entity '\sc_util_v1_0_4_counter__parameterized0_210\'
INFO: [VRFC 10-3107] analyzing entity '\sc_util_v1_0_4_counter__parameterized0_211\'
INFO: [VRFC 10-3107] analyzing entity '\sc_util_v1_0_4_counter__parameterized0_213\'
INFO: [VRFC 10-3107] analyzing entity '\sc_util_v1_0_4_counter__parameterized0_214\'
INFO: [VRFC 10-3107] analyzing entity '\sc_util_v1_0_4_counter__parameterized0_334\'
INFO: [VRFC 10-3107] analyzing entity '\sc_util_v1_0_4_counter__parameterized0_335\'
INFO: [VRFC 10-3107] analyzing entity '\sc_util_v1_0_4_counter__parameterized0_337\'
INFO: [VRFC 10-3107] analyzing entity '\sc_util_v1_0_4_counter__parameterized0_338\'
INFO: [VRFC 10-3107] analyzing entity '\sc_util_v1_0_4_counter__parameterized0_340\'
INFO: [VRFC 10-3107] analyzing entity '\sc_util_v1_0_4_counter__parameterized0_341\'
INFO: [VRFC 10-3107] analyzing entity '\sc_util_v1_0_4_counter__parameterized0_343\'
INFO: [VRFC 10-3107] analyzing entity '\sc_util_v1_0_4_counter__parameterized0_344\'
INFO: [VRFC 10-3107] analyzing entity '\sc_util_v1_0_4_counter__parameterized0_347\'
INFO: [VRFC 10-3107] analyzing entity '\sc_util_v1_0_4_counter__parameterized0_348\'
INFO: [VRFC 10-3107] analyzing entity '\sc_util_v1_0_4_counter__parameterized0_350\'
INFO: [VRFC 10-3107] analyzing entity '\sc_util_v1_0_4_counter__parameterized0_351\'
INFO: [VRFC 10-3107] analyzing entity '\sc_util_v1_0_4_counter__parameterized0_359\'
INFO: [VRFC 10-3107] analyzing entity '\sc_util_v1_0_4_counter__parameterized0_360\'
INFO: [VRFC 10-3107] analyzing entity '\sc_util_v1_0_4_counter__parameterized0_362\'
INFO: [VRFC 10-3107] analyzing entity '\sc_util_v1_0_4_counter__parameterized0_363\'
INFO: [VRFC 10-3107] analyzing entity '\sc_util_v1_0_4_counter__parameterized0_369\'
INFO: [VRFC 10-3107] analyzing entity '\sc_util_v1_0_4_counter__parameterized0_370\'
INFO: [VRFC 10-3107] analyzing entity '\sc_util_v1_0_4_counter__parameterized0_372\'
INFO: [VRFC 10-3107] analyzing entity '\sc_util_v1_0_4_counter__parameterized0_373\'
INFO: [VRFC 10-3107] analyzing entity '\sc_util_v1_0_4_counter__parameterized0_394\'
INFO: [VRFC 10-3107] analyzing entity '\sc_util_v1_0_4_counter__parameterized0_395\'
INFO: [VRFC 10-3107] analyzing entity '\sc_util_v1_0_4_counter__parameterized0_397\'
INFO: [VRFC 10-3107] analyzing entity '\sc_util_v1_0_4_counter__parameterized0_398\'
INFO: [VRFC 10-3107] analyzing entity '\sc_util_v1_0_4_counter__parameterized0_402\'
INFO: [VRFC 10-3107] analyzing entity '\sc_util_v1_0_4_counter__parameterized0_403\'
INFO: [VRFC 10-3107] analyzing entity '\sc_util_v1_0_4_counter__parameterized0_405\'
INFO: [VRFC 10-3107] analyzing entity '\sc_util_v1_0_4_counter__parameterized0_406\'
INFO: [VRFC 10-3107] analyzing entity '\sc_util_v1_0_4_counter__parameterized0_410\'
INFO: [VRFC 10-3107] analyzing entity '\sc_util_v1_0_4_counter__parameterized0_411\'
INFO: [VRFC 10-3107] analyzing entity '\sc_util_v1_0_4_counter__parameterized0_413\'
INFO: [VRFC 10-3107] analyzing entity '\sc_util_v1_0_4_counter__parameterized0_414\'
INFO: [VRFC 10-3107] analyzing entity '\sc_util_v1_0_4_counter__parameterized0_425\'
INFO: [VRFC 10-3107] analyzing entity '\sc_util_v1_0_4_counter__parameterized0_426\'
INFO: [VRFC 10-3107] analyzing entity '\sc_util_v1_0_4_counter__parameterized0_428\'
INFO: [VRFC 10-3107] analyzing entity '\sc_util_v1_0_4_counter__parameterized0_429\'
INFO: [VRFC 10-3107] analyzing entity '\sc_util_v1_0_4_counter__parameterized0_437\'
INFO: [VRFC 10-3107] analyzing entity '\sc_util_v1_0_4_counter__parameterized0_438\'
INFO: [VRFC 10-3107] analyzing entity '\sc_util_v1_0_4_counter__parameterized0_440\'
INFO: [VRFC 10-3107] analyzing entity '\sc_util_v1_0_4_counter__parameterized0_441\'
INFO: [VRFC 10-3107] analyzing entity '\sc_util_v1_0_4_counter__parameterized0_467\'
INFO: [VRFC 10-3107] analyzing entity '\sc_util_v1_0_4_counter__parameterized0_468\'
INFO: [VRFC 10-3107] analyzing entity '\sc_util_v1_0_4_counter__parameterized0_470\'
INFO: [VRFC 10-3107] analyzing entity '\sc_util_v1_0_4_counter__parameterized0_471\'
INFO: [VRFC 10-3107] analyzing entity '\sc_util_v1_0_4_counter__parameterized0_475\'
INFO: [VRFC 10-3107] analyzing entity '\sc_util_v1_0_4_counter__parameterized0_476\'
INFO: [VRFC 10-3107] analyzing entity '\sc_util_v1_0_4_counter__parameterized0_478\'
INFO: [VRFC 10-3107] analyzing entity '\sc_util_v1_0_4_counter__parameterized0_479\'
INFO: [VRFC 10-3107] analyzing entity '\sc_util_v1_0_4_counter__parameterized0_483\'
INFO: [VRFC 10-3107] analyzing entity '\sc_util_v1_0_4_counter__parameterized0_484\'
INFO: [VRFC 10-3107] analyzing entity '\sc_util_v1_0_4_counter__parameterized0_486\'
INFO: [VRFC 10-3107] analyzing entity '\sc_util_v1_0_4_counter__parameterized0_487\'
INFO: [VRFC 10-3107] analyzing entity '\sc_util_v1_0_4_counter__parameterized0_498\'
INFO: [VRFC 10-3107] analyzing entity '\sc_util_v1_0_4_counter__parameterized0_499\'
INFO: [VRFC 10-3107] analyzing entity '\sc_util_v1_0_4_counter__parameterized0_501\'
INFO: [VRFC 10-3107] analyzing entity '\sc_util_v1_0_4_counter__parameterized0_502\'
INFO: [VRFC 10-3107] analyzing entity '\sc_util_v1_0_4_counter__parameterized0_510\'
INFO: [VRFC 10-3107] analyzing entity '\sc_util_v1_0_4_counter__parameterized0_511\'
INFO: [VRFC 10-3107] analyzing entity '\sc_util_v1_0_4_counter__parameterized0_513\'
INFO: [VRFC 10-3107] analyzing entity '\sc_util_v1_0_4_counter__parameterized0_514\'
INFO: [VRFC 10-3107] analyzing entity '\sc_util_v1_0_4_counter__parameterized0_538\'
INFO: [VRFC 10-3107] analyzing entity '\sc_util_v1_0_4_counter__parameterized0_539\'
INFO: [VRFC 10-3107] analyzing entity '\sc_util_v1_0_4_counter__parameterized0_541\'
INFO: [VRFC 10-3107] analyzing entity '\sc_util_v1_0_4_counter__parameterized0_542\'
INFO: [VRFC 10-3107] analyzing entity '\sc_util_v1_0_4_counter__parameterized0_546\'
INFO: [VRFC 10-3107] analyzing entity '\sc_util_v1_0_4_counter__parameterized0_547\'
INFO: [VRFC 10-3107] analyzing entity '\sc_util_v1_0_4_counter__parameterized0_549\'
INFO: [VRFC 10-3107] analyzing entity '\sc_util_v1_0_4_counter__parameterized0_550\'
INFO: [VRFC 10-3107] analyzing entity '\sc_util_v1_0_4_counter__parameterized0_554\'
INFO: [VRFC 10-3107] analyzing entity '\sc_util_v1_0_4_counter__parameterized0_555\'
INFO: [VRFC 10-3107] analyzing entity '\sc_util_v1_0_4_counter__parameterized0_557\'
INFO: [VRFC 10-3107] analyzing entity '\sc_util_v1_0_4_counter__parameterized0_558\'
INFO: [VRFC 10-3107] analyzing entity '\sc_util_v1_0_4_counter__parameterized0_569\'
INFO: [VRFC 10-3107] analyzing entity '\sc_util_v1_0_4_counter__parameterized0_570\'
INFO: [VRFC 10-3107] analyzing entity '\sc_util_v1_0_4_counter__parameterized0_572\'
INFO: [VRFC 10-3107] analyzing entity '\sc_util_v1_0_4_counter__parameterized0_573\'
INFO: [VRFC 10-3107] analyzing entity '\sc_util_v1_0_4_counter__parameterized0_581\'
INFO: [VRFC 10-3107] analyzing entity '\sc_util_v1_0_4_counter__parameterized0_582\'
INFO: [VRFC 10-3107] analyzing entity '\sc_util_v1_0_4_counter__parameterized0_584\'
INFO: [VRFC 10-3107] analyzing entity '\sc_util_v1_0_4_counter__parameterized0_585\'
INFO: [VRFC 10-3107] analyzing entity '\sc_util_v1_0_4_counter__parameterized0_66\'
INFO: [VRFC 10-3107] analyzing entity '\sc_util_v1_0_4_counter__parameterized0_67\'
INFO: [VRFC 10-3107] analyzing entity '\sc_util_v1_0_4_counter__parameterized0_68\'
INFO: [VRFC 10-3107] analyzing entity '\sc_util_v1_0_4_counter__parameterized0_73\'
INFO: [VRFC 10-3107] analyzing entity '\sc_util_v1_0_4_counter__parameterized0_74\'
INFO: [VRFC 10-3107] analyzing entity '\sc_util_v1_0_4_counter__parameterized0_76\'
INFO: [VRFC 10-3107] analyzing entity '\sc_util_v1_0_4_counter__parameterized0_77\'
INFO: [VRFC 10-3107] analyzing entity '\sc_util_v1_0_4_counter__parameterized0_85\'
INFO: [VRFC 10-3107] analyzing entity '\sc_util_v1_0_4_counter__parameterized0_86\'
INFO: [VRFC 10-3107] analyzing entity '\sc_util_v1_0_4_counter__parameterized0_88\'
INFO: [VRFC 10-3107] analyzing entity '\sc_util_v1_0_4_counter__parameterized0_89\'
INFO: [VRFC 10-3107] analyzing entity '\sc_util_v1_0_4_counter__parameterized0_92\'
INFO: [VRFC 10-3107] analyzing entity '\sc_util_v1_0_4_counter__parameterized0_93\'
INFO: [VRFC 10-3107] analyzing entity '\sc_util_v1_0_4_counter__parameterized0_95\'
INFO: [VRFC 10-3107] analyzing entity '\sc_util_v1_0_4_counter__parameterized0_96\'
INFO: [VRFC 10-3107] analyzing entity '\sc_util_v1_0_4_counter__parameterized0_99\'
INFO: [VRFC 10-3107] analyzing entity '\sc_util_v1_0_4_counter__parameterized1\'
INFO: [VRFC 10-3107] analyzing entity '\sc_util_v1_0_4_counter__parameterized1_101\'
INFO: [VRFC 10-3107] analyzing entity '\sc_util_v1_0_4_counter__parameterized1_104\'
INFO: [VRFC 10-3107] analyzing entity '\sc_util_v1_0_4_counter__parameterized1_168\'
INFO: [VRFC 10-3107] analyzing entity '\sc_util_v1_0_4_counter__parameterized1_171\'
INFO: [VRFC 10-3107] analyzing entity '\sc_util_v1_0_4_counter__parameterized1_182\'
INFO: [VRFC 10-3107] analyzing entity '\sc_util_v1_0_4_counter__parameterized1_185\'
INFO: [VRFC 10-3107] analyzing entity '\sc_util_v1_0_4_counter__parameterized1_196\'
INFO: [VRFC 10-3107] analyzing entity '\sc_util_v1_0_4_counter__parameterized1_199\'
INFO: [VRFC 10-3107] analyzing entity '\sc_util_v1_0_4_counter__parameterized1_204\'
INFO: [VRFC 10-3107] analyzing entity '\sc_util_v1_0_4_counter__parameterized1_207\'
INFO: [VRFC 10-3107] analyzing entity '\sc_util_v1_0_4_counter__parameterized1_212\'
INFO: [VRFC 10-3107] analyzing entity '\sc_util_v1_0_4_counter__parameterized1_215\'
INFO: [VRFC 10-3107] analyzing entity '\sc_util_v1_0_4_counter__parameterized1_336\'
INFO: [VRFC 10-3107] analyzing entity '\sc_util_v1_0_4_counter__parameterized1_339\'
INFO: [VRFC 10-3107] analyzing entity '\sc_util_v1_0_4_counter__parameterized1_342\'
INFO: [VRFC 10-3107] analyzing entity '\sc_util_v1_0_4_counter__parameterized1_345\'
INFO: [VRFC 10-3107] analyzing entity '\sc_util_v1_0_4_counter__parameterized1_349\'
INFO: [VRFC 10-3107] analyzing entity '\sc_util_v1_0_4_counter__parameterized1_352\'
INFO: [VRFC 10-3107] analyzing entity '\sc_util_v1_0_4_counter__parameterized1_361\'
INFO: [VRFC 10-3107] analyzing entity '\sc_util_v1_0_4_counter__parameterized1_364\'
INFO: [VRFC 10-3107] analyzing entity '\sc_util_v1_0_4_counter__parameterized1_371\'
INFO: [VRFC 10-3107] analyzing entity '\sc_util_v1_0_4_counter__parameterized1_374\'
INFO: [VRFC 10-3107] analyzing entity '\sc_util_v1_0_4_counter__parameterized1_396\'
INFO: [VRFC 10-3107] analyzing entity '\sc_util_v1_0_4_counter__parameterized1_399\'
INFO: [VRFC 10-3107] analyzing entity '\sc_util_v1_0_4_counter__parameterized1_404\'
INFO: [VRFC 10-3107] analyzing entity '\sc_util_v1_0_4_counter__parameterized1_407\'
INFO: [VRFC 10-3107] analyzing entity '\sc_util_v1_0_4_counter__parameterized1_412\'
INFO: [VRFC 10-3107] analyzing entity '\sc_util_v1_0_4_counter__parameterized1_415\'
INFO: [VRFC 10-3107] analyzing entity '\sc_util_v1_0_4_counter__parameterized1_427\'
INFO: [VRFC 10-3107] analyzing entity '\sc_util_v1_0_4_counter__parameterized1_430\'
INFO: [VRFC 10-3107] analyzing entity '\sc_util_v1_0_4_counter__parameterized1_439\'
INFO: [VRFC 10-3107] analyzing entity '\sc_util_v1_0_4_counter__parameterized1_442\'
INFO: [VRFC 10-3107] analyzing entity '\sc_util_v1_0_4_counter__parameterized1_469\'
INFO: [VRFC 10-3107] analyzing entity '\sc_util_v1_0_4_counter__parameterized1_472\'
INFO: [VRFC 10-3107] analyzing entity '\sc_util_v1_0_4_counter__parameterized1_477\'
INFO: [VRFC 10-3107] analyzing entity '\sc_util_v1_0_4_counter__parameterized1_480\'
INFO: [VRFC 10-3107] analyzing entity '\sc_util_v1_0_4_counter__parameterized1_485\'
INFO: [VRFC 10-3107] analyzing entity '\sc_util_v1_0_4_counter__parameterized1_488\'
INFO: [VRFC 10-3107] analyzing entity '\sc_util_v1_0_4_counter__parameterized1_500\'
INFO: [VRFC 10-3107] analyzing entity '\sc_util_v1_0_4_counter__parameterized1_503\'
INFO: [VRFC 10-3107] analyzing entity '\sc_util_v1_0_4_counter__parameterized1_512\'
INFO: [VRFC 10-3107] analyzing entity '\sc_util_v1_0_4_counter__parameterized1_515\'
INFO: [VRFC 10-3107] analyzing entity '\sc_util_v1_0_4_counter__parameterized1_540\'
INFO: [VRFC 10-3107] analyzing entity '\sc_util_v1_0_4_counter__parameterized1_543\'
INFO: [VRFC 10-3107] analyzing entity '\sc_util_v1_0_4_counter__parameterized1_548\'
INFO: [VRFC 10-3107] analyzing entity '\sc_util_v1_0_4_counter__parameterized1_551\'
INFO: [VRFC 10-3107] analyzing entity '\sc_util_v1_0_4_counter__parameterized1_556\'
INFO: [VRFC 10-3107] analyzing entity '\sc_util_v1_0_4_counter__parameterized1_559\'
INFO: [VRFC 10-3107] analyzing entity '\sc_util_v1_0_4_counter__parameterized1_571\'
INFO: [VRFC 10-3107] analyzing entity '\sc_util_v1_0_4_counter__parameterized1_574\'
INFO: [VRFC 10-3107] analyzing entity '\sc_util_v1_0_4_counter__parameterized1_583\'
INFO: [VRFC 10-3107] analyzing entity '\sc_util_v1_0_4_counter__parameterized1_586\'
INFO: [VRFC 10-3107] analyzing entity '\sc_util_v1_0_4_counter__parameterized1_69\'
INFO: [VRFC 10-3107] analyzing entity '\sc_util_v1_0_4_counter__parameterized1_75\'
INFO: [VRFC 10-3107] analyzing entity '\sc_util_v1_0_4_counter__parameterized1_78\'
INFO: [VRFC 10-3107] analyzing entity '\sc_util_v1_0_4_counter__parameterized1_87\'
INFO: [VRFC 10-3107] analyzing entity '\sc_util_v1_0_4_counter__parameterized1_90\'
INFO: [VRFC 10-3107] analyzing entity '\sc_util_v1_0_4_counter__parameterized1_94\'
INFO: [VRFC 10-3107] analyzing entity '\sc_util_v1_0_4_counter__parameterized1_97\'
INFO: [VRFC 10-3107] analyzing entity '\sc_util_v1_0_4_counter__parameterized3\'
INFO: [VRFC 10-3107] analyzing entity '\sc_util_v1_0_4_counter__parameterized3_329\'
INFO: [VRFC 10-3107] analyzing entity '\sc_util_v1_0_4_counter__parameterized3_330\'
INFO: [VRFC 10-3107] analyzing entity '\sc_util_v1_0_4_counter__parameterized3_331\'
INFO: [VRFC 10-3107] analyzing entity '\sc_util_v1_0_4_counter__parameterized3_385\'
INFO: [VRFC 10-3107] analyzing entity '\sc_util_v1_0_4_counter__parameterized3_386\'
INFO: [VRFC 10-3107] analyzing entity '\sc_util_v1_0_4_counter__parameterized3_388\'
INFO: [VRFC 10-3107] analyzing entity '\sc_util_v1_0_4_counter__parameterized3_389\'
INFO: [VRFC 10-3107] analyzing entity '\sc_util_v1_0_4_counter__parameterized3_458\'
INFO: [VRFC 10-3107] analyzing entity '\sc_util_v1_0_4_counter__parameterized3_459\'
INFO: [VRFC 10-3107] analyzing entity '\sc_util_v1_0_4_counter__parameterized3_461\'
INFO: [VRFC 10-3107] analyzing entity '\sc_util_v1_0_4_counter__parameterized3_462\'
INFO: [VRFC 10-3107] analyzing entity '\sc_util_v1_0_4_counter__parameterized3_530\'
INFO: [VRFC 10-3107] analyzing entity '\sc_util_v1_0_4_counter__parameterized3_531\'
INFO: [VRFC 10-3107] analyzing entity '\sc_util_v1_0_4_counter__parameterized3_533\'
INFO: [VRFC 10-3107] analyzing entity '\sc_util_v1_0_4_counter__parameterized3_534\'
INFO: [VRFC 10-3107] analyzing entity '\sc_util_v1_0_4_counter__parameterized4\'
INFO: [VRFC 10-3107] analyzing entity '\sc_util_v1_0_4_counter__parameterized4_332\'
INFO: [VRFC 10-3107] analyzing entity '\sc_util_v1_0_4_counter__parameterized4_387\'
INFO: [VRFC 10-3107] analyzing entity '\sc_util_v1_0_4_counter__parameterized4_390\'
INFO: [VRFC 10-3107] analyzing entity '\sc_util_v1_0_4_counter__parameterized4_460\'
INFO: [VRFC 10-3107] analyzing entity '\sc_util_v1_0_4_counter__parameterized4_463\'
INFO: [VRFC 10-3107] analyzing entity '\sc_util_v1_0_4_counter__parameterized4_532\'
INFO: [VRFC 10-3107] analyzing entity '\sc_util_v1_0_4_counter__parameterized4_535\'
INFO: [VRFC 10-3107] analyzing entity 'sc_util_v1_0_4_mux'
INFO: [VRFC 10-3107] analyzing entity 'sc_util_v1_0_4_mux_52'
INFO: [VRFC 10-3107] analyzing entity 'sc_util_v1_0_4_mux_54'
INFO: [VRFC 10-3107] analyzing entity 'sc_util_v1_0_4_mux_56'
INFO: [VRFC 10-3107] analyzing entity 'sc_util_v1_0_4_mux_58'
INFO: [VRFC 10-3107] analyzing entity 'sc_util_v1_0_4_mux_60'
INFO: [VRFC 10-3107] analyzing entity 'sc_util_v1_0_4_mux_62'
INFO: [VRFC 10-3107] analyzing entity 'sc_util_v1_0_4_mux_64'
INFO: [VRFC 10-3107] analyzing entity '\sc_util_v1_0_4_mux__parameterized2\'
INFO: [VRFC 10-3107] analyzing entity '\sc_util_v1_0_4_mux__parameterized2_45\'
INFO: [VRFC 10-3107] analyzing entity '\sc_util_v1_0_4_mux__parameterized2_47\'
INFO: [VRFC 10-3107] analyzing entity '\sc_util_v1_0_4_mux__parameterized2_49\'
INFO: [VRFC 10-3107] analyzing entity '\sc_util_v1_0_4_pipeline__parameterized10\'
INFO: [VRFC 10-3107] analyzing entity '\sc_util_v1_0_4_pipeline__parameterized10_53\'
INFO: [VRFC 10-3107] analyzing entity '\sc_util_v1_0_4_pipeline__parameterized10_55\'
INFO: [VRFC 10-3107] analyzing entity '\sc_util_v1_0_4_pipeline__parameterized10_57\'
INFO: [VRFC 10-3107] analyzing entity '\sc_util_v1_0_4_pipeline__parameterized10_59\'
INFO: [VRFC 10-3107] analyzing entity '\sc_util_v1_0_4_pipeline__parameterized10_61\'
INFO: [VRFC 10-3107] analyzing entity '\sc_util_v1_0_4_pipeline__parameterized10_63\'
INFO: [VRFC 10-3107] analyzing entity '\sc_util_v1_0_4_pipeline__parameterized10_65\'
INFO: [VRFC 10-3107] analyzing entity '\sc_util_v1_0_4_pipeline__parameterized12\'
INFO: [VRFC 10-3107] analyzing entity '\sc_util_v1_0_4_pipeline__parameterized12_51\'
INFO: [VRFC 10-3107] analyzing entity '\sc_util_v1_0_4_pipeline__parameterized13\'
INFO: [VRFC 10-3107] analyzing entity '\sc_util_v1_0_4_pipeline__parameterized13_46\'
INFO: [VRFC 10-3107] analyzing entity '\sc_util_v1_0_4_pipeline__parameterized13_48\'
INFO: [VRFC 10-3107] analyzing entity '\sc_util_v1_0_4_pipeline__parameterized13_50\'
INFO: [VRFC 10-3107] analyzing entity '\sc_util_v1_0_4_pipeline__parameterized3\'
INFO: [VRFC 10-3107] analyzing entity '\sc_util_v1_0_4_pipeline__parameterized3_179\'
INFO: [VRFC 10-3107] analyzing entity '\sc_util_v1_0_4_pipeline__parameterized3_193\'
INFO: [VRFC 10-3107] analyzing entity '\sc_util_v1_0_4_pipeline__parameterized3_328\'
INFO: [VRFC 10-3107] analyzing entity '\sc_util_v1_0_4_pipeline__parameterized3_333\'
INFO: [VRFC 10-3107] analyzing entity '\sc_util_v1_0_4_pipeline__parameterized3_358\'
INFO: [VRFC 10-3107] analyzing entity '\sc_util_v1_0_4_pipeline__parameterized3_368\'
INFO: [VRFC 10-3107] analyzing entity '\sc_util_v1_0_4_pipeline__parameterized3_384\'
INFO: [VRFC 10-3107] analyzing entity '\sc_util_v1_0_4_pipeline__parameterized3_393\'
INFO: [VRFC 10-3107] analyzing entity '\sc_util_v1_0_4_pipeline__parameterized3_424\'
INFO: [VRFC 10-3107] analyzing entity '\sc_util_v1_0_4_pipeline__parameterized3_436\'
INFO: [VRFC 10-3107] analyzing entity '\sc_util_v1_0_4_pipeline__parameterized3_457\'
INFO: [VRFC 10-3107] analyzing entity '\sc_util_v1_0_4_pipeline__parameterized3_466\'
INFO: [VRFC 10-3107] analyzing entity '\sc_util_v1_0_4_pipeline__parameterized3_497\'
INFO: [VRFC 10-3107] analyzing entity '\sc_util_v1_0_4_pipeline__parameterized3_509\'
INFO: [VRFC 10-3107] analyzing entity '\sc_util_v1_0_4_pipeline__parameterized3_529\'
INFO: [VRFC 10-3107] analyzing entity '\sc_util_v1_0_4_pipeline__parameterized3_537\'
INFO: [VRFC 10-3107] analyzing entity '\sc_util_v1_0_4_pipeline__parameterized3_568\'
INFO: [VRFC 10-3107] analyzing entity '\sc_util_v1_0_4_pipeline__parameterized3_580\'
INFO: [VRFC 10-3107] analyzing entity '\sc_util_v1_0_4_pipeline__parameterized3_84\'
INFO: [VRFC 10-3107] analyzing entity '\sc_util_v1_0_4_pipeline__parameterized4\'
INFO: [VRFC 10-3107] analyzing entity '\sc_util_v1_0_4_pipeline__parameterized4_392\'
INFO: [VRFC 10-3107] analyzing entity '\sc_util_v1_0_4_pipeline__parameterized4_465\'
INFO: [VRFC 10-3107] analyzing entity 'sc_util_v1_0_4_srl_rtl'
INFO: [VRFC 10-3107] analyzing entity 'sc_util_v1_0_4_srl_rtl_111'
INFO: [VRFC 10-3107] analyzing entity 'sc_util_v1_0_4_srl_rtl_225'
INFO: [VRFC 10-3107] analyzing entity 'sc_util_v1_0_4_srl_rtl_226'
INFO: [VRFC 10-3107] analyzing entity 'sc_util_v1_0_4_srl_rtl_227'
INFO: [VRFC 10-3107] analyzing entity 'sc_util_v1_0_4_srl_rtl_228'
INFO: [VRFC 10-3107] analyzing entity 'sc_util_v1_0_4_srl_rtl_229'
INFO: [VRFC 10-3107] analyzing entity 'sc_util_v1_0_4_srl_rtl_230'
INFO: [VRFC 10-3107] analyzing entity 'sc_util_v1_0_4_srl_rtl_231'
INFO: [VRFC 10-3107] analyzing entity 'sc_util_v1_0_4_srl_rtl_232'
INFO: [VRFC 10-3107] analyzing entity 'sc_util_v1_0_4_srl_rtl_280'
INFO: [VRFC 10-3107] analyzing entity 'sc_util_v1_0_4_srl_rtl_324'
INFO: [VRFC 10-3107] analyzing entity 'sc_util_v1_0_4_srl_rtl_325'
INFO: [VRFC 10-3107] analyzing entity 'sc_util_v1_0_4_srl_rtl_326'
INFO: [VRFC 10-3107] analyzing entity 'sc_util_v1_0_4_srl_rtl_327'
INFO: [VRFC 10-3107] analyzing entity 'sc_util_v1_0_4_srl_rtl_356'
INFO: [VRFC 10-3107] analyzing entity 'sc_util_v1_0_4_srl_rtl_357'
INFO: [VRFC 10-3107] analyzing entity 'sc_util_v1_0_4_srl_rtl_380'
INFO: [VRFC 10-3107] analyzing entity 'sc_util_v1_0_4_srl_rtl_381'
INFO: [VRFC 10-3107] analyzing entity 'sc_util_v1_0_4_srl_rtl_382'
INFO: [VRFC 10-3107] analyzing entity 'sc_util_v1_0_4_srl_rtl_383'
INFO: [VRFC 10-3107] analyzing entity 'sc_util_v1_0_4_srl_rtl_421'
INFO: [VRFC 10-3107] analyzing entity 'sc_util_v1_0_4_srl_rtl_422'
INFO: [VRFC 10-3107] analyzing entity 'sc_util_v1_0_4_srl_rtl_453'
INFO: [VRFC 10-3107] analyzing entity 'sc_util_v1_0_4_srl_rtl_454'
INFO: [VRFC 10-3107] analyzing entity 'sc_util_v1_0_4_srl_rtl_455'
INFO: [VRFC 10-3107] analyzing entity 'sc_util_v1_0_4_srl_rtl_456'
INFO: [VRFC 10-3107] analyzing entity 'sc_util_v1_0_4_srl_rtl_494'
INFO: [VRFC 10-3107] analyzing entity 'sc_util_v1_0_4_srl_rtl_495'
INFO: [VRFC 10-3107] analyzing entity 'sc_util_v1_0_4_srl_rtl_523'
INFO: [VRFC 10-3107] analyzing entity 'sc_util_v1_0_4_srl_rtl_524'
INFO: [VRFC 10-3107] analyzing entity 'sc_util_v1_0_4_srl_rtl_525'
INFO: [VRFC 10-3107] analyzing entity 'sc_util_v1_0_4_srl_rtl_526'
INFO: [VRFC 10-3107] analyzing entity 'sc_util_v1_0_4_srl_rtl_527'
INFO: [VRFC 10-3107] analyzing entity 'sc_util_v1_0_4_srl_rtl_528'
INFO: [VRFC 10-3107] analyzing entity 'sc_util_v1_0_4_srl_rtl_565'
INFO: [VRFC 10-3107] analyzing entity 'sc_util_v1_0_4_srl_rtl_566'
INFO: [VRFC 10-3107] analyzing entity 'sc_util_v1_0_4_srl_rtl_595'
INFO: [VRFC 10-3107] analyzing entity 'sc_util_v1_0_4_srl_rtl_596'
INFO: [VRFC 10-3107] analyzing entity 'sc_util_v1_0_4_srl_rtl_597'
INFO: [VRFC 10-3107] analyzing entity 'sc_util_v1_0_4_srl_rtl_598'
INFO: [VRFC 10-3107] analyzing entity 'sc_util_v1_0_4_srl_rtl_599'
INFO: [VRFC 10-3107] analyzing entity 'sc_util_v1_0_4_srl_rtl_600'
INFO: [VRFC 10-3107] analyzing entity '\sc_util_v1_0_4_srl_rtl__parameterized0\'
INFO: [VRFC 10-3107] analyzing entity '\sc_util_v1_0_4_srl_rtl__parameterized0_123\'
INFO: [VRFC 10-3107] analyzing entity '\sc_util_v1_0_4_srl_rtl__parameterized0_125\'
INFO: [VRFC 10-3107] analyzing entity '\sc_util_v1_0_4_srl_rtl__parameterized0_126\'
INFO: [VRFC 10-3107] analyzing entity '\sc_util_v1_0_4_srl_rtl__parameterized0_127\'
INFO: [VRFC 10-3107] analyzing entity '\sc_util_v1_0_4_srl_rtl__parameterized0_128\'
INFO: [VRFC 10-3107] analyzing entity '\sc_util_v1_0_4_srl_rtl__parameterized0_129\'
INFO: [VRFC 10-3107] analyzing entity '\sc_util_v1_0_4_srl_rtl__parameterized0_130\'
INFO: [VRFC 10-3107] analyzing entity '\sc_util_v1_0_4_srl_rtl__parameterized0_131\'
INFO: [VRFC 10-3107] analyzing entity '\sc_util_v1_0_4_srl_rtl__parameterized0_132\'
INFO: [VRFC 10-3107] analyzing entity '\sc_util_v1_0_4_srl_rtl__parameterized0_133\'
INFO: [VRFC 10-3107] analyzing entity '\sc_util_v1_0_4_srl_rtl__parameterized0_134\'
INFO: [VRFC 10-3107] analyzing entity '\sc_util_v1_0_4_srl_rtl__parameterized0_135\'
INFO: [VRFC 10-3107] analyzing entity '\sc_util_v1_0_4_srl_rtl__parameterized0_136\'
INFO: [VRFC 10-3107] analyzing entity '\sc_util_v1_0_4_srl_rtl__parameterized0_137\'
INFO: [VRFC 10-3107] analyzing entity '\sc_util_v1_0_4_srl_rtl__parameterized0_138\'
INFO: [VRFC 10-3107] analyzing entity '\sc_util_v1_0_4_srl_rtl__parameterized0_139\'
INFO: [VRFC 10-3107] analyzing entity '\sc_util_v1_0_4_srl_rtl__parameterized0_140\'
INFO: [VRFC 10-3107] analyzing entity '\sc_util_v1_0_4_srl_rtl__parameterized0_141\'
INFO: [VRFC 10-3107] analyzing entity '\sc_util_v1_0_4_srl_rtl__parameterized0_142\'
INFO: [VRFC 10-3107] analyzing entity '\sc_util_v1_0_4_srl_rtl__parameterized0_143\'
INFO: [VRFC 10-3107] analyzing entity '\sc_util_v1_0_4_srl_rtl__parameterized0_144\'
INFO: [VRFC 10-3107] analyzing entity '\sc_util_v1_0_4_srl_rtl__parameterized0_145\'
INFO: [VRFC 10-3107] analyzing entity '\sc_util_v1_0_4_srl_rtl__parameterized0_146\'
INFO: [VRFC 10-3107] analyzing entity '\sc_util_v1_0_4_srl_rtl__parameterized0_147\'
INFO: [VRFC 10-3107] analyzing entity '\sc_util_v1_0_4_srl_rtl__parameterized0_148\'
INFO: [VRFC 10-3107] analyzing entity '\sc_util_v1_0_4_srl_rtl__parameterized0_149\'
INFO: [VRFC 10-3107] analyzing entity '\sc_util_v1_0_4_srl_rtl__parameterized0_150\'
INFO: [VRFC 10-3107] analyzing entity '\sc_util_v1_0_4_srl_rtl__parameterized0_151\'
INFO: [VRFC 10-3107] analyzing entity '\sc_util_v1_0_4_srl_rtl__parameterized0_152\'
INFO: [VRFC 10-3107] analyzing entity '\sc_util_v1_0_4_srl_rtl__parameterized0_153\'
INFO: [VRFC 10-3107] analyzing entity '\sc_util_v1_0_4_srl_rtl__parameterized0_154\'
INFO: [VRFC 10-3107] analyzing entity '\sc_util_v1_0_4_srl_rtl__parameterized0_155\'
INFO: [VRFC 10-3107] analyzing entity '\sc_util_v1_0_4_srl_rtl__parameterized0_156\'
INFO: [VRFC 10-3107] analyzing entity '\sc_util_v1_0_4_srl_rtl__parameterized0_240\'
INFO: [VRFC 10-3107] analyzing entity '\sc_util_v1_0_4_srl_rtl__parameterized0_241\'
INFO: [VRFC 10-3107] analyzing entity '\sc_util_v1_0_4_srl_rtl__parameterized0_242\'
INFO: [VRFC 10-3107] analyzing entity '\sc_util_v1_0_4_srl_rtl__parameterized0_243\'
INFO: [VRFC 10-3107] analyzing entity '\sc_util_v1_0_4_srl_rtl__parameterized0_244\'
INFO: [VRFC 10-3107] analyzing entity '\sc_util_v1_0_4_srl_rtl__parameterized0_245\'
INFO: [VRFC 10-3107] analyzing entity '\sc_util_v1_0_4_srl_rtl__parameterized0_246\'
INFO: [VRFC 10-3107] analyzing entity '\sc_util_v1_0_4_srl_rtl__parameterized0_247\'
INFO: [VRFC 10-3107] analyzing entity '\sc_util_v1_0_4_srl_rtl__parameterized0_248\'
INFO: [VRFC 10-3107] analyzing entity '\sc_util_v1_0_4_srl_rtl__parameterized0_249\'
INFO: [VRFC 10-3107] analyzing entity '\sc_util_v1_0_4_srl_rtl__parameterized0_250\'
INFO: [VRFC 10-3107] analyzing entity '\sc_util_v1_0_4_srl_rtl__parameterized0_251\'
INFO: [VRFC 10-3107] analyzing entity '\sc_util_v1_0_4_srl_rtl__parameterized0_252\'
INFO: [VRFC 10-3107] analyzing entity '\sc_util_v1_0_4_srl_rtl__parameterized0_253\'
INFO: [VRFC 10-3107] analyzing entity '\sc_util_v1_0_4_srl_rtl__parameterized0_254\'
INFO: [VRFC 10-3107] analyzing entity '\sc_util_v1_0_4_srl_rtl__parameterized0_255\'
INFO: [VRFC 10-3107] analyzing entity '\sc_util_v1_0_4_srl_rtl__parameterized0_256\'
INFO: [VRFC 10-3107] analyzing entity '\sc_util_v1_0_4_srl_rtl__parameterized0_257\'
INFO: [VRFC 10-3107] analyzing entity '\sc_util_v1_0_4_srl_rtl__parameterized0_258\'
INFO: [VRFC 10-3107] analyzing entity '\sc_util_v1_0_4_srl_rtl__parameterized0_259\'
INFO: [VRFC 10-3107] analyzing entity '\sc_util_v1_0_4_srl_rtl__parameterized0_260\'
INFO: [VRFC 10-3107] analyzing entity '\sc_util_v1_0_4_srl_rtl__parameterized0_261\'
INFO: [VRFC 10-3107] analyzing entity '\sc_util_v1_0_4_srl_rtl__parameterized0_262\'
INFO: [VRFC 10-3107] analyzing entity '\sc_util_v1_0_4_srl_rtl__parameterized0_263\'
INFO: [VRFC 10-3107] analyzing entity '\sc_util_v1_0_4_srl_rtl__parameterized0_264\'
INFO: [VRFC 10-3107] analyzing entity '\sc_util_v1_0_4_srl_rtl__parameterized0_265\'
INFO: [VRFC 10-3107] analyzing entity '\sc_util_v1_0_4_srl_rtl__parameterized0_266\'
INFO: [VRFC 10-3107] analyzing entity '\sc_util_v1_0_4_srl_rtl__parameterized0_267\'
INFO: [VRFC 10-3107] analyzing entity '\sc_util_v1_0_4_srl_rtl__parameterized0_268\'
INFO: [VRFC 10-3107] analyzing entity '\sc_util_v1_0_4_srl_rtl__parameterized0_269\'
INFO: [VRFC 10-3107] analyzing entity '\sc_util_v1_0_4_srl_rtl__parameterized0_270\'
INFO: [VRFC 10-3107] analyzing entity '\sc_util_v1_0_4_srl_rtl__parameterized0_271\'
INFO: [VRFC 10-3107] analyzing entity '\sc_util_v1_0_4_srl_rtl__parameterized0_272\'
INFO: [VRFC 10-3107] analyzing entity '\sc_util_v1_0_4_srl_rtl__parameterized0_273\'
INFO: [VRFC 10-3107] analyzing entity '\sc_util_v1_0_4_srl_rtl__parameterized0_274\'
INFO: [VRFC 10-3107] analyzing entity '\sc_util_v1_0_4_srl_rtl__parameterized0_275\'
INFO: [VRFC 10-3107] analyzing entity '\sc_util_v1_0_4_srl_rtl__parameterized0_276\'
INFO: [VRFC 10-3107] analyzing entity '\sc_util_v1_0_4_srl_rtl__parameterized0_277\'
INFO: [VRFC 10-3107] analyzing entity '\sc_util_v1_0_4_srl_rtl__parameterized0_278\'
INFO: [VRFC 10-3107] analyzing entity '\sc_util_v1_0_4_srl_rtl__parameterized0_279\'
INFO: [VRFC 10-3107] analyzing entity '\sc_util_v1_0_4_srl_rtl__parameterized0_282\'
INFO: [VRFC 10-3107] analyzing entity '\sc_util_v1_0_4_srl_rtl__parameterized0_283\'
INFO: [VRFC 10-3107] analyzing entity '\sc_util_v1_0_4_srl_rtl__parameterized0_284\'
INFO: [VRFC 10-3107] analyzing entity '\sc_util_v1_0_4_srl_rtl__parameterized0_285\'
INFO: [VRFC 10-3107] analyzing entity '\sc_util_v1_0_4_srl_rtl__parameterized0_286\'
INFO: [VRFC 10-3107] analyzing entity '\sc_util_v1_0_4_srl_rtl__parameterized0_287\'
INFO: [VRFC 10-3107] analyzing entity '\sc_util_v1_0_4_srl_rtl__parameterized0_288\'
INFO: [VRFC 10-3107] analyzing entity '\sc_util_v1_0_4_srl_rtl__parameterized0_289\'
INFO: [VRFC 10-3107] analyzing entity '\sc_util_v1_0_4_srl_rtl__parameterized0_290\'
INFO: [VRFC 10-3107] analyzing entity '\sc_util_v1_0_4_srl_rtl__parameterized0_291\'
INFO: [VRFC 10-3107] analyzing entity '\sc_util_v1_0_4_srl_rtl__parameterized0_292\'
INFO: [VRFC 10-3107] analyzing entity '\sc_util_v1_0_4_srl_rtl__parameterized0_293\'
INFO: [VRFC 10-3107] analyzing entity '\sc_util_v1_0_4_srl_rtl__parameterized0_294\'
INFO: [VRFC 10-3107] analyzing entity '\sc_util_v1_0_4_srl_rtl__parameterized0_295\'
INFO: [VRFC 10-3107] analyzing entity '\sc_util_v1_0_4_srl_rtl__parameterized0_296\'
INFO: [VRFC 10-3107] analyzing entity '\sc_util_v1_0_4_srl_rtl__parameterized0_297\'
INFO: [VRFC 10-3107] analyzing entity '\sc_util_v1_0_4_srl_rtl__parameterized0_298\'
INFO: [VRFC 10-3107] analyzing entity '\sc_util_v1_0_4_srl_rtl__parameterized0_299\'
INFO: [VRFC 10-3107] analyzing entity '\sc_util_v1_0_4_srl_rtl__parameterized0_300\'
INFO: [VRFC 10-3107] analyzing entity '\sc_util_v1_0_4_srl_rtl__parameterized0_301\'
INFO: [VRFC 10-3107] analyzing entity '\sc_util_v1_0_4_srl_rtl__parameterized0_302\'
INFO: [VRFC 10-3107] analyzing entity '\sc_util_v1_0_4_srl_rtl__parameterized0_303\'
INFO: [VRFC 10-3107] analyzing entity '\sc_util_v1_0_4_srl_rtl__parameterized0_304\'
INFO: [VRFC 10-3107] analyzing entity '\sc_util_v1_0_4_srl_rtl__parameterized0_305\'
INFO: [VRFC 10-3107] analyzing entity '\sc_util_v1_0_4_srl_rtl__parameterized0_306\'
INFO: [VRFC 10-3107] analyzing entity '\sc_util_v1_0_4_srl_rtl__parameterized0_307\'
INFO: [VRFC 10-3107] analyzing entity '\sc_util_v1_0_4_srl_rtl__parameterized0_308\'
INFO: [VRFC 10-3107] analyzing entity '\sc_util_v1_0_4_srl_rtl__parameterized0_309\'
INFO: [VRFC 10-3107] analyzing entity '\sc_util_v1_0_4_srl_rtl__parameterized0_310\'
INFO: [VRFC 10-3107] analyzing entity '\sc_util_v1_0_4_srl_rtl__parameterized0_311\'
INFO: [VRFC 10-3107] analyzing entity '\sc_util_v1_0_4_srl_rtl__parameterized0_312\'
INFO: [VRFC 10-3107] analyzing entity '\sc_util_v1_0_4_srl_rtl__parameterized0_313\'
INFO: [VRFC 10-3107] analyzing entity 'blk_mem_gen_mux'
INFO: [VRFC 10-3107] analyzing entity 'blk_mem_gen_prim_wrapper'
INFO: [VRFC 10-3107] analyzing entity '\blk_mem_gen_prim_wrapper__parameterized0\'
INFO: [VRFC 10-3107] analyzing entity '\blk_mem_gen_prim_wrapper__parameterized1\'
INFO: [VRFC 10-3107] analyzing entity '\blk_mem_gen_prim_wrapper__parameterized10\'
INFO: [VRFC 10-3107] analyzing entity '\blk_mem_gen_prim_wrapper__parameterized11\'
INFO: [VRFC 10-3107] analyzing entity '\blk_mem_gen_prim_wrapper__parameterized12\'
INFO: [VRFC 10-3107] analyzing entity '\blk_mem_gen_prim_wrapper__parameterized13\'
INFO: [VRFC 10-3107] analyzing entity '\blk_mem_gen_prim_wrapper__parameterized14\'
INFO: [VRFC 10-3107] analyzing entity '\blk_mem_gen_prim_wrapper__parameterized15\'
INFO: [VRFC 10-3107] analyzing entity '\blk_mem_gen_prim_wrapper__parameterized16\'
INFO: [VRFC 10-3107] analyzing entity '\blk_mem_gen_prim_wrapper__parameterized17\'
INFO: [VRFC 10-3107] analyzing entity '\blk_mem_gen_prim_wrapper__parameterized18\'
INFO: [VRFC 10-3107] analyzing entity '\blk_mem_gen_prim_wrapper__parameterized19\'
INFO: [VRFC 10-3107] analyzing entity '\blk_mem_gen_prim_wrapper__parameterized2\'
INFO: [VRFC 10-3107] analyzing entity '\blk_mem_gen_prim_wrapper__parameterized20\'
INFO: [VRFC 10-3107] analyzing entity '\blk_mem_gen_prim_wrapper__parameterized21\'
INFO: [VRFC 10-3107] analyzing entity '\blk_mem_gen_prim_wrapper__parameterized22\'
INFO: [VRFC 10-3107] analyzing entity '\blk_mem_gen_prim_wrapper__parameterized23\'
INFO: [VRFC 10-3107] analyzing entity '\blk_mem_gen_prim_wrapper__parameterized24\'
INFO: [VRFC 10-3107] analyzing entity '\blk_mem_gen_prim_wrapper__parameterized25\'
INFO: [VRFC 10-3107] analyzing entity '\blk_mem_gen_prim_wrapper__parameterized26\'
INFO: [VRFC 10-3107] analyzing entity '\blk_mem_gen_prim_wrapper__parameterized27\'
INFO: [VRFC 10-3107] analyzing entity '\blk_mem_gen_prim_wrapper__parameterized28\'
INFO: [VRFC 10-3107] analyzing entity '\blk_mem_gen_prim_wrapper__parameterized29\'
INFO: [VRFC 10-3107] analyzing entity '\blk_mem_gen_prim_wrapper__parameterized3\'
INFO: [VRFC 10-3107] analyzing entity '\blk_mem_gen_prim_wrapper__parameterized30\'
INFO: [VRFC 10-3107] analyzing entity '\blk_mem_gen_prim_wrapper__parameterized4\'
INFO: [VRFC 10-3107] analyzing entity '\blk_mem_gen_prim_wrapper__parameterized5\'
INFO: [VRFC 10-3107] analyzing entity '\blk_mem_gen_prim_wrapper__parameterized6\'
INFO: [VRFC 10-3107] analyzing entity '\blk_mem_gen_prim_wrapper__parameterized7\'
INFO: [VRFC 10-3107] analyzing entity '\blk_mem_gen_prim_wrapper__parameterized8\'
INFO: [VRFC 10-3107] analyzing entity '\blk_mem_gen_prim_wrapper__parameterized9\'
INFO: [VRFC 10-3107] analyzing entity 'blk_mem_gen_prim_wrapper_init'
INFO: [VRFC 10-3107] analyzing entity '\blk_mem_gen_prim_wrapper_init__parameterized0\'
INFO: [VRFC 10-3107] analyzing entity '\blk_mem_gen_prim_wrapper_init__parameterized1\'
INFO: [VRFC 10-3107] analyzing entity '\blk_mem_gen_prim_wrapper_init__parameterized10\'
INFO: [VRFC 10-3107] analyzing entity '\blk_mem_gen_prim_wrapper_init__parameterized11\'
INFO: [VRFC 10-3107] analyzing entity '\blk_mem_gen_prim_wrapper_init__parameterized12\'
INFO: [VRFC 10-3107] analyzing entity '\blk_mem_gen_prim_wrapper_init__parameterized13\'
INFO: [VRFC 10-3107] analyzing entity '\blk_mem_gen_prim_wrapper_init__parameterized14\'
INFO: [VRFC 10-3107] analyzing entity '\blk_mem_gen_prim_wrapper_init__parameterized15\'
INFO: [VRFC 10-3107] analyzing entity '\blk_mem_gen_prim_wrapper_init__parameterized16\'
INFO: [VRFC 10-3107] analyzing entity '\blk_mem_gen_prim_wrapper_init__parameterized17\'
INFO: [VRFC 10-3107] analyzing entity '\blk_mem_gen_prim_wrapper_init__parameterized18\'
INFO: [VRFC 10-3107] analyzing entity '\blk_mem_gen_prim_wrapper_init__parameterized19\'
INFO: [VRFC 10-3107] analyzing entity '\blk_mem_gen_prim_wrapper_init__parameterized2\'
INFO: [VRFC 10-3107] analyzing entity '\blk_mem_gen_prim_wrapper_init__parameterized20\'
INFO: [VRFC 10-3107] analyzing entity '\blk_mem_gen_prim_wrapper_init__parameterized21\'
INFO: [VRFC 10-3107] analyzing entity '\blk_mem_gen_prim_wrapper_init__parameterized22\'
INFO: [VRFC 10-3107] analyzing entity '\blk_mem_gen_prim_wrapper_init__parameterized23\'
INFO: [VRFC 10-3107] analyzing entity '\blk_mem_gen_prim_wrapper_init__parameterized24\'
INFO: [VRFC 10-3107] analyzing entity '\blk_mem_gen_prim_wrapper_init__parameterized25\'
INFO: [VRFC 10-3107] analyzing entity '\blk_mem_gen_prim_wrapper_init__parameterized26\'
INFO: [VRFC 10-3107] analyzing entity '\blk_mem_gen_prim_wrapper_init__parameterized27\'
INFO: [VRFC 10-3107] analyzing entity '\blk_mem_gen_prim_wrapper_init__parameterized3\'
INFO: [VRFC 10-3107] analyzing entity '\blk_mem_gen_prim_wrapper_init__parameterized4\'
INFO: [VRFC 10-3107] analyzing entity '\blk_mem_gen_prim_wrapper_init__parameterized5\'
INFO: [VRFC 10-3107] analyzing entity '\blk_mem_gen_prim_wrapper_init__parameterized6\'
INFO: [VRFC 10-3107] analyzing entity '\blk_mem_gen_prim_wrapper_init__parameterized7\'
INFO: [VRFC 10-3107] analyzing entity '\blk_mem_gen_prim_wrapper_init__parameterized8\'
INFO: [VRFC 10-3107] analyzing entity '\blk_mem_gen_prim_wrapper_init__parameterized9\'
INFO: [VRFC 10-3107] analyzing entity 'GPIO_Core'
INFO: [VRFC 10-3107] analyzing entity 'address_decoder'
INFO: [VRFC 10-3107] analyzing entity 'address_decoder_36'
INFO: [VRFC 10-3107] analyzing entity 'bd_919a_bsw_0'
INFO: [VRFC 10-3107] analyzing entity 'bd_919a_m00s2a_0'
INFO: [VRFC 10-3107] analyzing entity 'bd_919a_m01s2a_0'
INFO: [VRFC 10-3107] analyzing entity 'bd_919a_m02s2a_0'
INFO: [VRFC 10-3107] analyzing entity 'bd_919a_m03s2a_0'
INFO: [VRFC 10-3107] analyzing entity 'bd_919a_s00a2s_0'
INFO: [VRFC 10-3107] analyzing entity 'bd_919a_s01a2s_0'
INFO: [VRFC 10-3107] analyzing entity 'fetch_unit'
INFO: [VRFC 10-3107] analyzing entity 'full_axi'
INFO: [VRFC 10-3107] analyzing entity 'full_axi_41'
INFO: [VRFC 10-3107] analyzing entity 'load_store_unit'
INFO: [VRFC 10-3107] analyzing entity 'lpf'
INFO: [VRFC 10-3107] analyzing entity '\lpf__parameterized0\'
INFO: [VRFC 10-3107] analyzing entity 'register_file'
INFO: [VRFC 10-3107] analyzing entity 'sequence_psr'
INFO: [VRFC 10-3107] analyzing entity 'sequence_psr_601'
INFO: [VRFC 10-3107] analyzing entity 'system_clk_wiz_0'
INFO: [VRFC 10-3107] analyzing entity '\xpm_memory_sdpram__parameterized0\'
INFO: [VRFC 10-3107] analyzing entity '\xpm_memory_sdpram__parameterized0__10\'
INFO: [VRFC 10-3107] analyzing entity '\xpm_memory_sdpram__parameterized0__11\'
INFO: [VRFC 10-3107] analyzing entity '\xpm_memory_sdpram__parameterized0__12\'
INFO: [VRFC 10-3107] analyzing entity '\xpm_memory_sdpram__parameterized0__13\'
INFO: [VRFC 10-3107] analyzing entity '\xpm_memory_sdpram__parameterized0__14\'
INFO: [VRFC 10-3107] analyzing entity '\xpm_memory_sdpram__parameterized0__8\'
INFO: [VRFC 10-3107] analyzing entity '\xpm_memory_sdpram__parameterized0__9\'
INFO: [VRFC 10-3107] analyzing entity '\xpm_memory_sdpram__parameterized1\'
INFO: [VRFC 10-3107] analyzing entity '\xpm_memory_sdpram__parameterized10\'
INFO: [VRFC 10-3107] analyzing entity '\xpm_memory_sdpram__parameterized10__2\'
INFO: [VRFC 10-3107] analyzing entity '\xpm_memory_sdpram__parameterized1__10\'
INFO: [VRFC 10-3107] analyzing entity '\xpm_memory_sdpram__parameterized1__11\'
INFO: [VRFC 10-3107] analyzing entity '\xpm_memory_sdpram__parameterized1__12\'
INFO: [VRFC 10-3107] analyzing entity '\xpm_memory_sdpram__parameterized1__13\'
INFO: [VRFC 10-3107] analyzing entity '\xpm_memory_sdpram__parameterized1__14\'
INFO: [VRFC 10-3107] analyzing entity '\xpm_memory_sdpram__parameterized1__8\'
INFO: [VRFC 10-3107] analyzing entity '\xpm_memory_sdpram__parameterized1__9\'
INFO: [VRFC 10-3107] analyzing entity '\xpm_memory_sdpram__parameterized3\'
INFO: [VRFC 10-3107] analyzing entity '\xpm_memory_sdpram__parameterized3__4\'
INFO: [VRFC 10-3107] analyzing entity '\xpm_memory_sdpram__parameterized3__5\'
INFO: [VRFC 10-3107] analyzing entity '\xpm_memory_sdpram__parameterized3__6\'
INFO: [VRFC 10-3107] analyzing entity '\xpm_memory_sdpram__parameterized4\'
INFO: [VRFC 10-3107] analyzing entity '\xpm_memory_sdpram__parameterized4__10\'
INFO: [VRFC 10-3107] analyzing entity '\xpm_memory_sdpram__parameterized4__11\'
INFO: [VRFC 10-3107] analyzing entity '\xpm_memory_sdpram__parameterized4__12\'
INFO: [VRFC 10-3107] analyzing entity '\xpm_memory_sdpram__parameterized4__13\'
INFO: [VRFC 10-3107] analyzing entity '\xpm_memory_sdpram__parameterized4__14\'
INFO: [VRFC 10-3107] analyzing entity '\xpm_memory_sdpram__parameterized4__8\'
INFO: [VRFC 10-3107] analyzing entity '\xpm_memory_sdpram__parameterized4__9\'
INFO: [VRFC 10-3107] analyzing entity '\xpm_memory_sdpram__parameterized5\'
INFO: [VRFC 10-3107] analyzing entity '\xpm_memory_sdpram__parameterized5__4\'
INFO: [VRFC 10-3107] analyzing entity '\xpm_memory_sdpram__parameterized5__5\'
INFO: [VRFC 10-3107] analyzing entity '\xpm_memory_sdpram__parameterized5__6\'
INFO: [VRFC 10-3107] analyzing entity '\xpm_memory_sdpram__parameterized6\'
INFO: [VRFC 10-3107] analyzing entity '\xpm_memory_sdpram__parameterized6__10\'
INFO: [VRFC 10-3107] analyzing entity '\xpm_memory_sdpram__parameterized6__6\'
INFO: [VRFC 10-3107] analyzing entity '\xpm_memory_sdpram__parameterized6__7\'
INFO: [VRFC 10-3107] analyzing entity '\xpm_memory_sdpram__parameterized6__8\'
INFO: [VRFC 10-3107] analyzing entity '\xpm_memory_sdpram__parameterized6__9\'
INFO: [VRFC 10-3107] analyzing entity '\xpm_memory_sdpram__parameterized7\'
INFO: [VRFC 10-3107] analyzing entity '\xpm_memory_sdpram__parameterized7__4\'
INFO: [VRFC 10-3107] analyzing entity '\xpm_memory_sdpram__parameterized7__5\'
INFO: [VRFC 10-3107] analyzing entity '\xpm_memory_sdpram__parameterized7__6\'
INFO: [VRFC 10-3107] analyzing entity '\xpm_memory_sdpram__parameterized9\'
INFO: [VRFC 10-3107] analyzing entity '\xpm_memory_sdpram__parameterized9__2\'
INFO: [VRFC 10-3107] analyzing entity '\sc_exit_v1_0_17_splitter__parameterized0\'
INFO: [VRFC 10-3107] analyzing entity '\sc_exit_v1_0_17_splitter__parameterized0_448\'
INFO: [VRFC 10-3107] analyzing entity 'sc_mmu_v1_0_15_top'
INFO: [VRFC 10-3107] analyzing entity 'sc_node_v1_0_18_ingress'
INFO: [VRFC 10-3107] analyzing entity 'sc_node_v1_0_18_ingress_435'
INFO: [VRFC 10-3107] analyzing entity 'sc_node_v1_0_18_ingress_508'
INFO: [VRFC 10-3107] analyzing entity 'sc_node_v1_0_18_ingress_579'
INFO: [VRFC 10-3107] analyzing entity '\sc_node_v1_0_18_ingress__parameterized0\'
INFO: [VRFC 10-3107] analyzing entity '\sc_node_v1_0_18_ingress__parameterized0_423\'
INFO: [VRFC 10-3107] analyzing entity '\sc_node_v1_0_18_ingress__parameterized0_496\'
INFO: [VRFC 10-3107] analyzing entity '\sc_node_v1_0_18_ingress__parameterized0_567\'
INFO: [VRFC 10-3107] analyzing entity '\sc_node_v1_0_18_ingress__parameterized3\'
INFO: [VRFC 10-3107] analyzing entity '\sc_node_v1_0_18_ingress__parameterized3_391\'
INFO: [VRFC 10-3107] analyzing entity '\sc_node_v1_0_18_ingress__parameterized3_464\'
INFO: [VRFC 10-3107] analyzing entity '\sc_node_v1_0_18_ingress__parameterized3_536\'
INFO: [VRFC 10-3107] analyzing entity '\sc_node_v1_0_18_ingress__parameterized6\'
INFO: [VRFC 10-3107] analyzing entity '\sc_node_v1_0_18_ingress__parameterized6_192\'
INFO: [VRFC 10-3107] analyzing entity '\sc_node_v1_0_18_ingress__parameterized7\'
INFO: [VRFC 10-3107] analyzing entity '\sc_node_v1_0_18_ingress__parameterized7_178\'
INFO: [VRFC 10-3107] analyzing entity 'sc_node_v1_0_18_si_handler'
INFO: [VRFC 10-3107] analyzing entity 'sc_node_v1_0_18_si_handler_431'
INFO: [VRFC 10-3107] analyzing entity 'sc_node_v1_0_18_si_handler_504'
INFO: [VRFC 10-3107] analyzing entity 'sc_node_v1_0_18_si_handler_575'
INFO: [VRFC 10-3107] analyzing entity '\sc_node_v1_0_18_si_handler__parameterized6\'
INFO: [VRFC 10-3107] analyzing entity '\sc_node_v1_0_18_si_handler__parameterized6_186\'
INFO: [VRFC 10-3107] analyzing entity '\sc_node_v1_0_18_si_handler__parameterized7\'
INFO: [VRFC 10-3107] analyzing entity '\sc_node_v1_0_18_si_handler__parameterized7_172\'
INFO: [VRFC 10-3107] analyzing entity 'sc_si_converter_v1_0_15_offset_fifo'
INFO: [VRFC 10-3107] analyzing entity 'sc_si_converter_v1_0_15_offset_fifo_236'
INFO: [VRFC 10-3107] analyzing entity '\sc_si_converter_v1_0_15_offset_fifo__parameterized0\'
INFO: [VRFC 10-3107] analyzing entity '\sc_si_converter_v1_0_15_offset_fifo__parameterized0_238\'
INFO: [VRFC 10-3107] analyzing entity 'sc_switchboard_v1_0_8_top'
INFO: [VRFC 10-3107] analyzing entity '\sc_switchboard_v1_0_8_top__1\'
INFO: [VRFC 10-3107] analyzing entity '\sc_switchboard_v1_0_8_top__parameterized1\'
INFO: [VRFC 10-3107] analyzing entity '\sc_switchboard_v1_0_8_top__parameterized2\'
INFO: [VRFC 10-3107] analyzing entity 'sc_transaction_regulator_v1_0_11_singleorder'
INFO: [VRFC 10-3107] analyzing entity 'sc_transaction_regulator_v1_0_11_singleorder_105'
INFO: [VRFC 10-3107] analyzing entity 'sc_transaction_regulator_v1_0_11_singleorder_216'
INFO: [VRFC 10-3107] analyzing entity 'sc_transaction_regulator_v1_0_11_singleorder_217'
INFO: [VRFC 10-3107] analyzing entity 'sc_util_v1_0_4_axic_reg_srl_fifo'
INFO: [VRFC 10-3107] analyzing entity 'sc_util_v1_0_4_axic_reg_srl_fifo_451'
INFO: [VRFC 10-3107] analyzing entity 'sc_util_v1_0_4_axic_reg_srl_fifo_521'
INFO: [VRFC 10-3107] analyzing entity 'sc_util_v1_0_4_axic_reg_srl_fifo_593'
INFO: [VRFC 10-3107] analyzing entity '\sc_util_v1_0_4_axic_reg_srl_fifo__parameterized0\'
INFO: [VRFC 10-3107] analyzing entity '\sc_util_v1_0_4_axic_reg_srl_fifo__parameterized0_452\'
INFO: [VRFC 10-3107] analyzing entity '\sc_util_v1_0_4_axic_reg_srl_fifo__parameterized0_522\'
INFO: [VRFC 10-3107] analyzing entity '\sc_util_v1_0_4_axic_reg_srl_fifo__parameterized0_594\'
INFO: [VRFC 10-3107] analyzing entity '\sc_util_v1_0_4_axic_reg_srl_fifo__parameterized1_237\'
INFO: [VRFC 10-3107] analyzing entity '\sc_util_v1_0_4_axic_reg_srl_fifo__parameterized1_353\'
INFO: [VRFC 10-3107] analyzing entity '\sc_util_v1_0_4_axic_reg_srl_fifo__parameterized1_417\'
INFO: [VRFC 10-3107] analyzing entity '\sc_util_v1_0_4_axic_reg_srl_fifo__parameterized1_490\'
INFO: [VRFC 10-3107] analyzing entity '\sc_util_v1_0_4_axic_reg_srl_fifo__parameterized1_561\'
INFO: [VRFC 10-3107] analyzing entity '\sc_util_v1_0_4_axic_reg_srl_fifo__parameterized2_320\'
INFO: [VRFC 10-3107] analyzing entity '\sc_util_v1_0_4_axic_reg_srl_fifo__parameterized3\'
INFO: [VRFC 10-3107] analyzing entity '\sc_util_v1_0_4_axic_reg_srl_fifo__parameterized3_224\'
INFO: [VRFC 10-3107] analyzing entity 'sc_util_v1_0_4_xpm_memory_fifo'
INFO: [VRFC 10-3107] analyzing entity '\sc_util_v1_0_4_xpm_memory_fifo__parameterized2\'
INFO: [VRFC 10-3107] analyzing entity '\sc_util_v1_0_4_xpm_memory_fifo__parameterized2__xdcDup__1\'
INFO: [VRFC 10-3107] analyzing entity '\sc_util_v1_0_4_xpm_memory_fifo__parameterized2__xdcDup__2\'
INFO: [VRFC 10-3107] analyzing entity '\sc_util_v1_0_4_xpm_memory_fifo__parameterized2__xdcDup__3\'
INFO: [VRFC 10-3107] analyzing entity '\sc_util_v1_0_4_xpm_memory_fifo__parameterized8\'
INFO: [VRFC 10-3107] analyzing entity '\sc_util_v1_0_4_xpm_memory_fifo__parameterized8__xdcDup__1\'
INFO: [VRFC 10-3107] analyzing entity '\sc_util_v1_0_4_xpm_memory_fifo__xdcDup__1\'
INFO: [VRFC 10-3107] analyzing entity '\sc_util_v1_0_4_xpm_memory_fifo__xdcDup__10\'
INFO: [VRFC 10-3107] analyzing entity '\sc_util_v1_0_4_xpm_memory_fifo__xdcDup__11\'
INFO: [VRFC 10-3107] analyzing entity '\sc_util_v1_0_4_xpm_memory_fifo__xdcDup__12\'
INFO: [VRFC 10-3107] analyzing entity '\sc_util_v1_0_4_xpm_memory_fifo__xdcDup__13\'
INFO: [VRFC 10-3107] analyzing entity '\sc_util_v1_0_4_xpm_memory_fifo__xdcDup__14\'
INFO: [VRFC 10-3107] analyzing entity '\sc_util_v1_0_4_xpm_memory_fifo__xdcDup__15\'
INFO: [VRFC 10-3107] analyzing entity '\sc_util_v1_0_4_xpm_memory_fifo__xdcDup__2\'
INFO: [VRFC 10-3107] analyzing entity '\sc_util_v1_0_4_xpm_memory_fifo__xdcDup__3\'
INFO: [VRFC 10-3107] analyzing entity '\sc_util_v1_0_4_xpm_memory_fifo__xdcDup__4\'
INFO: [VRFC 10-3107] analyzing entity '\sc_util_v1_0_4_xpm_memory_fifo__xdcDup__5\'
INFO: [VRFC 10-3107] analyzing entity '\sc_util_v1_0_4_xpm_memory_fifo__xdcDup__6\'
INFO: [VRFC 10-3107] analyzing entity '\sc_util_v1_0_4_xpm_memory_fifo__xdcDup__7\'
INFO: [VRFC 10-3107] analyzing entity '\sc_util_v1_0_4_xpm_memory_fifo__xdcDup__8\'
INFO: [VRFC 10-3107] analyzing entity '\sc_util_v1_0_4_xpm_memory_fifo__xdcDup__9\'
INFO: [VRFC 10-3107] analyzing entity 'blk_mem_gen_prim_width'
INFO: [VRFC 10-3107] analyzing entity '\blk_mem_gen_prim_width__parameterized0\'
INFO: [VRFC 10-3107] analyzing entity '\blk_mem_gen_prim_width__parameterized1\'
INFO: [VRFC 10-3107] analyzing entity '\blk_mem_gen_prim_width__parameterized10\'
INFO: [VRFC 10-3107] analyzing entity '\blk_mem_gen_prim_width__parameterized11\'
INFO: [VRFC 10-3107] analyzing entity '\blk_mem_gen_prim_width__parameterized12\'
INFO: [VRFC 10-3107] analyzing entity '\blk_mem_gen_prim_width__parameterized13\'
INFO: [VRFC 10-3107] analyzing entity '\blk_mem_gen_prim_width__parameterized14\'
INFO: [VRFC 10-3107] analyzing entity '\blk_mem_gen_prim_width__parameterized15\'
INFO: [VRFC 10-3107] analyzing entity '\blk_mem_gen_prim_width__parameterized16\'
INFO: [VRFC 10-3107] analyzing entity '\blk_mem_gen_prim_width__parameterized17\'
INFO: [VRFC 10-3107] analyzing entity '\blk_mem_gen_prim_width__parameterized18\'
INFO: [VRFC 10-3107] analyzing entity '\blk_mem_gen_prim_width__parameterized19\'
INFO: [VRFC 10-3107] analyzing entity '\blk_mem_gen_prim_width__parameterized2\'
INFO: [VRFC 10-3107] analyzing entity '\blk_mem_gen_prim_width__parameterized20\'
INFO: [VRFC 10-3107] analyzing entity '\blk_mem_gen_prim_width__parameterized21\'
INFO: [VRFC 10-3107] analyzing entity '\blk_mem_gen_prim_width__parameterized22\'
INFO: [VRFC 10-3107] analyzing entity '\blk_mem_gen_prim_width__parameterized23\'
INFO: [VRFC 10-3107] analyzing entity '\blk_mem_gen_prim_width__parameterized24\'
INFO: [VRFC 10-3107] analyzing entity '\blk_mem_gen_prim_width__parameterized25\'
INFO: [VRFC 10-3107] analyzing entity '\blk_mem_gen_prim_width__parameterized26\'
INFO: [VRFC 10-3107] analyzing entity '\blk_mem_gen_prim_width__parameterized27\'
INFO: [VRFC 10-3107] analyzing entity '\blk_mem_gen_prim_width__parameterized28\'
INFO: [VRFC 10-3107] analyzing entity '\blk_mem_gen_prim_width__parameterized29\'
INFO: [VRFC 10-3107] analyzing entity '\blk_mem_gen_prim_width__parameterized3\'
INFO: [VRFC 10-3107] analyzing entity '\blk_mem_gen_prim_width__parameterized30\'
INFO: [VRFC 10-3107] analyzing entity '\blk_mem_gen_prim_width__parameterized31\'
INFO: [VRFC 10-3107] analyzing entity '\blk_mem_gen_prim_width__parameterized32\'
INFO: [VRFC 10-3107] analyzing entity '\blk_mem_gen_prim_width__parameterized33\'
INFO: [VRFC 10-3107] analyzing entity '\blk_mem_gen_prim_width__parameterized34\'
INFO: [VRFC 10-3107] analyzing entity '\blk_mem_gen_prim_width__parameterized35\'
INFO: [VRFC 10-3107] analyzing entity '\blk_mem_gen_prim_width__parameterized36\'
INFO: [VRFC 10-3107] analyzing entity '\blk_mem_gen_prim_width__parameterized37\'
INFO: [VRFC 10-3107] analyzing entity '\blk_mem_gen_prim_width__parameterized38\'
INFO: [VRFC 10-3107] analyzing entity '\blk_mem_gen_prim_width__parameterized39\'
INFO: [VRFC 10-3107] analyzing entity '\blk_mem_gen_prim_width__parameterized4\'
INFO: [VRFC 10-3107] analyzing entity '\blk_mem_gen_prim_width__parameterized40\'
INFO: [VRFC 10-3107] analyzing entity '\blk_mem_gen_prim_width__parameterized41\'
INFO: [VRFC 10-3107] analyzing entity '\blk_mem_gen_prim_width__parameterized42\'
INFO: [VRFC 10-3107] analyzing entity '\blk_mem_gen_prim_width__parameterized43\'
INFO: [VRFC 10-3107] analyzing entity '\blk_mem_gen_prim_width__parameterized44\'
INFO: [VRFC 10-3107] analyzing entity '\blk_mem_gen_prim_width__parameterized45\'
INFO: [VRFC 10-3107] analyzing entity '\blk_mem_gen_prim_width__parameterized46\'
INFO: [VRFC 10-3107] analyzing entity '\blk_mem_gen_prim_width__parameterized47\'
INFO: [VRFC 10-3107] analyzing entity '\blk_mem_gen_prim_width__parameterized48\'
INFO: [VRFC 10-3107] analyzing entity '\blk_mem_gen_prim_width__parameterized49\'
INFO: [VRFC 10-3107] analyzing entity '\blk_mem_gen_prim_width__parameterized5\'
INFO: [VRFC 10-3107] analyzing entity '\blk_mem_gen_prim_width__parameterized50\'
INFO: [VRFC 10-3107] analyzing entity '\blk_mem_gen_prim_width__parameterized51\'
INFO: [VRFC 10-3107] analyzing entity '\blk_mem_gen_prim_width__parameterized52\'
INFO: [VRFC 10-3107] analyzing entity '\blk_mem_gen_prim_width__parameterized53\'
INFO: [VRFC 10-3107] analyzing entity '\blk_mem_gen_prim_width__parameterized54\'
INFO: [VRFC 10-3107] analyzing entity '\blk_mem_gen_prim_width__parameterized55\'
INFO: [VRFC 10-3107] analyzing entity '\blk_mem_gen_prim_width__parameterized56\'
INFO: [VRFC 10-3107] analyzing entity '\blk_mem_gen_prim_width__parameterized57\'
INFO: [VRFC 10-3107] analyzing entity '\blk_mem_gen_prim_width__parameterized58\'
INFO: [VRFC 10-3107] analyzing entity '\blk_mem_gen_prim_width__parameterized59\'
INFO: [VRFC 10-3107] analyzing entity '\blk_mem_gen_prim_width__parameterized6\'
INFO: [VRFC 10-3107] analyzing entity '\blk_mem_gen_prim_width__parameterized7\'
INFO: [VRFC 10-3107] analyzing entity '\blk_mem_gen_prim_width__parameterized8\'
INFO: [VRFC 10-3107] analyzing entity '\blk_mem_gen_prim_width__parameterized9\'
INFO: [VRFC 10-3107] analyzing entity 'axi_bram_ctrl_top'
INFO: [VRFC 10-3107] analyzing entity 'axi_bram_ctrl_top_40'
INFO: [VRFC 10-3107] analyzing entity 'bd_919a_arsw_0'
INFO: [VRFC 10-3107] analyzing entity 'bd_919a_awsw_0'
INFO: [VRFC 10-3107] analyzing entity 'bd_919a_rsw_0'
INFO: [VRFC 10-3107] analyzing entity 'bd_919a_s01mmu_0'
INFO: [VRFC 10-3107] analyzing entity 'bd_919a_wsw_0'
INFO: [VRFC 10-3107] analyzing entity 'datapath'
INFO: [VRFC 10-3107] analyzing entity 'proc_sys_reset'
INFO: [VRFC 10-3107] analyzing entity '\proc_sys_reset__parameterized1\'
INFO: [VRFC 10-3107] analyzing entity 'slave_attachment'
INFO: [VRFC 10-3107] analyzing entity 'slave_attachment_35'
INFO: [VRFC 10-3107] analyzing entity 'sc_exit_v1_0_17_exit'
INFO: [VRFC 10-3107] analyzing entity 'sc_exit_v1_0_17_exit_590'
INFO: [VRFC 10-3107] analyzing entity '\sc_exit_v1_0_17_exit__parameterized0\'
INFO: [VRFC 10-3107] analyzing entity '\sc_exit_v1_0_17_exit__parameterized0_446\'
INFO: [VRFC 10-3107] analyzing entity '\sc_mmu_v1_0_15_top__xdcDup__1\'
INFO: [VRFC 10-3107] analyzing entity 'sc_node_v1_0_18_fifo'
INFO: [VRFC 10-3107] analyzing entity '\sc_node_v1_0_18_fifo__parameterized2\'
INFO: [VRFC 10-3107] analyzing entity '\sc_node_v1_0_18_fifo__parameterized2__xdcDup__1\'
INFO: [VRFC 10-3107] analyzing entity '\sc_node_v1_0_18_fifo__parameterized2__xdcDup__2\'
INFO: [VRFC 10-3107] analyzing entity '\sc_node_v1_0_18_fifo__parameterized2__xdcDup__3\'
INFO: [VRFC 10-3107] analyzing entity '\sc_node_v1_0_18_fifo__parameterized8\'
INFO: [VRFC 10-3107] analyzing entity '\sc_node_v1_0_18_fifo__parameterized8__xdcDup__1\'
INFO: [VRFC 10-3107] analyzing entity '\sc_node_v1_0_18_fifo__xdcDup__1\'
INFO: [VRFC 10-3107] analyzing entity '\sc_node_v1_0_18_fifo__xdcDup__10\'
INFO: [VRFC 10-3107] analyzing entity '\sc_node_v1_0_18_fifo__xdcDup__11\'
INFO: [VRFC 10-3107] analyzing entity '\sc_node_v1_0_18_fifo__xdcDup__12\'
INFO: [VRFC 10-3107] analyzing entity '\sc_node_v1_0_18_fifo__xdcDup__13\'
INFO: [VRFC 10-3107] analyzing entity '\sc_node_v1_0_18_fifo__xdcDup__14\'
INFO: [VRFC 10-3107] analyzing entity '\sc_node_v1_0_18_fifo__xdcDup__15\'
INFO: [VRFC 10-3107] analyzing entity '\sc_node_v1_0_18_fifo__xdcDup__2\'
INFO: [VRFC 10-3107] analyzing entity '\sc_node_v1_0_18_fifo__xdcDup__3\'
INFO: [VRFC 10-3107] analyzing entity '\sc_node_v1_0_18_fifo__xdcDup__4\'
INFO: [VRFC 10-3107] analyzing entity '\sc_node_v1_0_18_fifo__xdcDup__5\'
INFO: [VRFC 10-3107] analyzing entity '\sc_node_v1_0_18_fifo__xdcDup__6\'
INFO: [VRFC 10-3107] analyzing entity '\sc_node_v1_0_18_fifo__xdcDup__7\'
INFO: [VRFC 10-3107] analyzing entity '\sc_node_v1_0_18_fifo__xdcDup__8\'
INFO: [VRFC 10-3107] analyzing entity '\sc_node_v1_0_18_fifo__xdcDup__9\'
INFO: [VRFC 10-3107] analyzing entity '\sc_node_v1_0_18_si_handler__parameterized0\'
INFO: [VRFC 10-3107] analyzing entity '\sc_node_v1_0_18_si_handler__parameterized0_416\'
INFO: [VRFC 10-3107] analyzing entity '\sc_node_v1_0_18_si_handler__parameterized0_489\'
INFO: [VRFC 10-3107] analyzing entity '\sc_node_v1_0_18_si_handler__parameterized0_560\'
INFO: [VRFC 10-3107] analyzing entity 'sc_si_converter_v1_0_15_splitter'
INFO: [VRFC 10-3107] analyzing entity 'sc_si_converter_v1_0_15_splitter_223'
INFO: [VRFC 10-3107] analyzing entity 'sc_si_converter_v1_0_15_wrap_narrow'
INFO: [VRFC 10-3107] analyzing entity 'sc_si_converter_v1_0_15_wrap_narrow_222'
INFO: [VRFC 10-3107] analyzing entity 'sc_transaction_regulator_v1_0_11_top'
INFO: [VRFC 10-3107] analyzing entity '\sc_transaction_regulator_v1_0_11_top__parameterized0\'
INFO: [VRFC 10-3107] analyzing entity '\sc_util_v1_0_4_xpm_memory_fifo__parameterized0\'
INFO: [VRFC 10-3107] analyzing entity '\sc_util_v1_0_4_xpm_memory_fifo__parameterized0__xdcDup__1\'
INFO: [VRFC 10-3107] analyzing entity '\sc_util_v1_0_4_xpm_memory_fifo__parameterized0__xdcDup__2\'
INFO: [VRFC 10-3107] analyzing entity '\sc_util_v1_0_4_xpm_memory_fifo__parameterized0__xdcDup__3\'
INFO: [VRFC 10-3107] analyzing entity '\sc_util_v1_0_4_xpm_memory_fifo__parameterized0__xdcDup__4\'
INFO: [VRFC 10-3107] analyzing entity '\sc_util_v1_0_4_xpm_memory_fifo__parameterized0__xdcDup__5\'
INFO: [VRFC 10-3107] analyzing entity '\sc_util_v1_0_4_xpm_memory_fifo__parameterized0__xdcDup__6\'
INFO: [VRFC 10-3107] analyzing entity '\sc_util_v1_0_4_xpm_memory_fifo__parameterized0__xdcDup__7\'
INFO: [VRFC 10-3107] analyzing entity '\sc_util_v1_0_4_xpm_memory_fifo__parameterized1\'
INFO: [VRFC 10-3107] analyzing entity '\sc_util_v1_0_4_xpm_memory_fifo__parameterized10\'
INFO: [VRFC 10-3107] analyzing entity '\sc_util_v1_0_4_xpm_memory_fifo__parameterized10__xdcDup__1\'
INFO: [VRFC 10-3107] analyzing entity '\sc_util_v1_0_4_xpm_memory_fifo__parameterized1__xdcDup__1\'
INFO: [VRFC 10-3107] analyzing entity '\sc_util_v1_0_4_xpm_memory_fifo__parameterized1__xdcDup__2\'
INFO: [VRFC 10-3107] analyzing entity '\sc_util_v1_0_4_xpm_memory_fifo__parameterized1__xdcDup__3\'
INFO: [VRFC 10-3107] analyzing entity '\sc_util_v1_0_4_xpm_memory_fifo__parameterized1__xdcDup__4\'
INFO: [VRFC 10-3107] analyzing entity '\sc_util_v1_0_4_xpm_memory_fifo__parameterized1__xdcDup__5\'
INFO: [VRFC 10-3107] analyzing entity '\sc_util_v1_0_4_xpm_memory_fifo__parameterized1__xdcDup__6\'
INFO: [VRFC 10-3107] analyzing entity '\sc_util_v1_0_4_xpm_memory_fifo__parameterized1__xdcDup__7\'
INFO: [VRFC 10-3107] analyzing entity '\sc_util_v1_0_4_xpm_memory_fifo__parameterized3\'
INFO: [VRFC 10-3107] analyzing entity '\sc_util_v1_0_4_xpm_memory_fifo__parameterized3__xdcDup__1\'
INFO: [VRFC 10-3107] analyzing entity '\sc_util_v1_0_4_xpm_memory_fifo__parameterized3__xdcDup__2\'
INFO: [VRFC 10-3107] analyzing entity '\sc_util_v1_0_4_xpm_memory_fifo__parameterized3__xdcDup__3\'
INFO: [VRFC 10-3107] analyzing entity '\sc_util_v1_0_4_xpm_memory_fifo__parameterized4\'
INFO: [VRFC 10-3107] analyzing entity '\sc_util_v1_0_4_xpm_memory_fifo__parameterized4__xdcDup__1\'
INFO: [VRFC 10-3107] analyzing entity '\sc_util_v1_0_4_xpm_memory_fifo__parameterized4__xdcDup__2\'
INFO: [VRFC 10-3107] analyzing entity '\sc_util_v1_0_4_xpm_memory_fifo__parameterized4__xdcDup__3\'
INFO: [VRFC 10-3107] analyzing entity '\sc_util_v1_0_4_xpm_memory_fifo__parameterized4__xdcDup__4\'
INFO: [VRFC 10-3107] analyzing entity '\sc_util_v1_0_4_xpm_memory_fifo__parameterized4__xdcDup__5\'
INFO: [VRFC 10-3107] analyzing entity '\sc_util_v1_0_4_xpm_memory_fifo__parameterized4__xdcDup__6\'
INFO: [VRFC 10-3107] analyzing entity '\sc_util_v1_0_4_xpm_memory_fifo__parameterized4__xdcDup__7\'
INFO: [VRFC 10-3107] analyzing entity '\sc_util_v1_0_4_xpm_memory_fifo__parameterized5\'
INFO: [VRFC 10-3107] analyzing entity '\sc_util_v1_0_4_xpm_memory_fifo__parameterized5__xdcDup__1\'
INFO: [VRFC 10-3107] analyzing entity '\sc_util_v1_0_4_xpm_memory_fifo__parameterized5__xdcDup__2\'
INFO: [VRFC 10-3107] analyzing entity '\sc_util_v1_0_4_xpm_memory_fifo__parameterized5__xdcDup__3\'
INFO: [VRFC 10-3107] analyzing entity '\sc_util_v1_0_4_xpm_memory_fifo__parameterized6\'
INFO: [VRFC 10-3107] analyzing entity '\sc_util_v1_0_4_xpm_memory_fifo__parameterized6__xdcDup__1\'
INFO: [VRFC 10-3107] analyzing entity '\sc_util_v1_0_4_xpm_memory_fifo__parameterized6__xdcDup__2\'
INFO: [VRFC 10-3107] analyzing entity '\sc_util_v1_0_4_xpm_memory_fifo__parameterized6__xdcDup__3\'
INFO: [VRFC 10-3107] analyzing entity '\sc_util_v1_0_4_xpm_memory_fifo__parameterized6__xdcDup__4\'
INFO: [VRFC 10-3107] analyzing entity '\sc_util_v1_0_4_xpm_memory_fifo__parameterized6__xdcDup__5\'
INFO: [VRFC 10-3107] analyzing entity '\sc_util_v1_0_4_xpm_memory_fifo__parameterized7\'
INFO: [VRFC 10-3107] analyzing entity '\sc_util_v1_0_4_xpm_memory_fifo__parameterized7__xdcDup__1\'
INFO: [VRFC 10-3107] analyzing entity '\sc_util_v1_0_4_xpm_memory_fifo__parameterized7__xdcDup__2\'
INFO: [VRFC 10-3107] analyzing entity '\sc_util_v1_0_4_xpm_memory_fifo__parameterized7__xdcDup__3\'
INFO: [VRFC 10-3107] analyzing entity '\sc_util_v1_0_4_xpm_memory_fifo__parameterized9\'
INFO: [VRFC 10-3107] analyzing entity '\sc_util_v1_0_4_xpm_memory_fifo__parameterized9__xdcDup__1\'
INFO: [VRFC 10-3107] analyzing entity 'blk_mem_gen_generic_cstr'
INFO: [VRFC 10-3107] analyzing entity '\blk_mem_gen_generic_cstr__parameterized0\'
INFO: [VRFC 10-3107] analyzing entity 'axi_bram_ctrl'
INFO: [VRFC 10-3107] analyzing entity 'axi_bram_ctrl_39'
INFO: [VRFC 10-3107] analyzing entity 'axi_lite_ipif'
INFO: [VRFC 10-3107] analyzing entity 'axi_lite_ipif_34'
INFO: [VRFC 10-3107] analyzing entity 'bd_919a_psr_aclk_0'
INFO: [VRFC 10-3107] analyzing entity 'bd_919a_s00mmu_0'
INFO: [VRFC 10-3107] analyzing entity 'bd_919a_s00tr_0'
INFO: [VRFC 10-3107] analyzing entity 'bd_919a_s01tr_0'
INFO: [VRFC 10-3107] analyzing entity 'microprocessor'
INFO: [VRFC 10-3107] analyzing entity 'switchboards_imp_1DLISLW'
INFO: [VRFC 10-3107] analyzing entity 'system_rst_clk_wiz_100M_0'
INFO: [VRFC 10-3107] analyzing entity 'sc_exit_v1_0_17_top'
INFO: [VRFC 10-3107] analyzing entity '\sc_exit_v1_0_17_top__parameterized0\'
INFO: [VRFC 10-3107] analyzing entity '\sc_exit_v1_0_17_top__parameterized0__xdcDup__1\'
INFO: [VRFC 10-3107] analyzing entity '\sc_exit_v1_0_17_top__xdcDup__1\'
INFO: [VRFC 10-3107] analyzing entity '\sc_node_v1_0_18_fifo__parameterized0\'
INFO: [VRFC 10-3107] analyzing entity '\sc_node_v1_0_18_fifo__parameterized0__xdcDup__1\'
INFO: [VRFC 10-3107] analyzing entity '\sc_node_v1_0_18_fifo__parameterized0__xdcDup__2\'
INFO: [VRFC 10-3107] analyzing entity '\sc_node_v1_0_18_fifo__parameterized0__xdcDup__3\'
INFO: [VRFC 10-3107] analyzing entity '\sc_node_v1_0_18_fifo__parameterized0__xdcDup__4\'
INFO: [VRFC 10-3107] analyzing entity '\sc_node_v1_0_18_fifo__parameterized0__xdcDup__5\'
INFO: [VRFC 10-3107] analyzing entity '\sc_node_v1_0_18_fifo__parameterized0__xdcDup__6\'
INFO: [VRFC 10-3107] analyzing entity '\sc_node_v1_0_18_fifo__parameterized0__xdcDup__7\'
INFO: [VRFC 10-3107] analyzing entity '\sc_node_v1_0_18_fifo__parameterized1\'
INFO: [VRFC 10-3107] analyzing entity '\sc_node_v1_0_18_fifo__parameterized10\'
INFO: [VRFC 10-3107] analyzing entity '\sc_node_v1_0_18_fifo__parameterized10__xdcDup__1\'
INFO: [VRFC 10-3107] analyzing entity '\sc_node_v1_0_18_fifo__parameterized1__xdcDup__1\'
INFO: [VRFC 10-3107] analyzing entity '\sc_node_v1_0_18_fifo__parameterized1__xdcDup__2\'
INFO: [VRFC 10-3107] analyzing entity '\sc_node_v1_0_18_fifo__parameterized1__xdcDup__3\'
INFO: [VRFC 10-3107] analyzing entity '\sc_node_v1_0_18_fifo__parameterized1__xdcDup__4\'
INFO: [VRFC 10-3107] analyzing entity '\sc_node_v1_0_18_fifo__parameterized1__xdcDup__5\'
INFO: [VRFC 10-3107] analyzing entity '\sc_node_v1_0_18_fifo__parameterized1__xdcDup__6\'
INFO: [VRFC 10-3107] analyzing entity '\sc_node_v1_0_18_fifo__parameterized1__xdcDup__7\'
INFO: [VRFC 10-3107] analyzing entity '\sc_node_v1_0_18_fifo__parameterized3\'
INFO: [VRFC 10-3107] analyzing entity '\sc_node_v1_0_18_fifo__parameterized3__xdcDup__1\'
INFO: [VRFC 10-3107] analyzing entity '\sc_node_v1_0_18_fifo__parameterized3__xdcDup__2\'
INFO: [VRFC 10-3107] analyzing entity '\sc_node_v1_0_18_fifo__parameterized3__xdcDup__3\'
INFO: [VRFC 10-3107] analyzing entity '\sc_node_v1_0_18_fifo__parameterized4\'
INFO: [VRFC 10-3107] analyzing entity '\sc_node_v1_0_18_fifo__parameterized4__xdcDup__1\'
INFO: [VRFC 10-3107] analyzing entity '\sc_node_v1_0_18_fifo__parameterized4__xdcDup__2\'
INFO: [VRFC 10-3107] analyzing entity '\sc_node_v1_0_18_fifo__parameterized4__xdcDup__3\'
INFO: [VRFC 10-3107] analyzing entity '\sc_node_v1_0_18_fifo__parameterized4__xdcDup__4\'
INFO: [VRFC 10-3107] analyzing entity '\sc_node_v1_0_18_fifo__parameterized4__xdcDup__5\'
INFO: [VRFC 10-3107] analyzing entity '\sc_node_v1_0_18_fifo__parameterized4__xdcDup__6\'
INFO: [VRFC 10-3107] analyzing entity '\sc_node_v1_0_18_fifo__parameterized4__xdcDup__7\'
INFO: [VRFC 10-3107] analyzing entity '\sc_node_v1_0_18_fifo__parameterized5\'
INFO: [VRFC 10-3107] analyzing entity '\sc_node_v1_0_18_fifo__parameterized5__xdcDup__1\'
INFO: [VRFC 10-3107] analyzing entity '\sc_node_v1_0_18_fifo__parameterized5__xdcDup__2\'
INFO: [VRFC 10-3107] analyzing entity '\sc_node_v1_0_18_fifo__parameterized5__xdcDup__3\'
INFO: [VRFC 10-3107] analyzing entity '\sc_node_v1_0_18_fifo__parameterized6\'
INFO: [VRFC 10-3107] analyzing entity '\sc_node_v1_0_18_fifo__parameterized6__xdcDup__1\'
INFO: [VRFC 10-3107] analyzing entity '\sc_node_v1_0_18_fifo__parameterized6__xdcDup__2\'
INFO: [VRFC 10-3107] analyzing entity '\sc_node_v1_0_18_fifo__parameterized6__xdcDup__3\'
INFO: [VRFC 10-3107] analyzing entity '\sc_node_v1_0_18_fifo__parameterized6__xdcDup__4\'
INFO: [VRFC 10-3107] analyzing entity '\sc_node_v1_0_18_fifo__parameterized6__xdcDup__5\'
INFO: [VRFC 10-3107] analyzing entity '\sc_node_v1_0_18_fifo__parameterized7\'
INFO: [VRFC 10-3107] analyzing entity '\sc_node_v1_0_18_fifo__parameterized7__xdcDup__1\'
INFO: [VRFC 10-3107] analyzing entity '\sc_node_v1_0_18_fifo__parameterized7__xdcDup__2\'
INFO: [VRFC 10-3107] analyzing entity '\sc_node_v1_0_18_fifo__parameterized7__xdcDup__3\'
INFO: [VRFC 10-3107] analyzing entity '\sc_node_v1_0_18_fifo__parameterized9\'
INFO: [VRFC 10-3107] analyzing entity '\sc_node_v1_0_18_fifo__parameterized9__xdcDup__1\'
INFO: [VRFC 10-3107] analyzing entity '\sc_node_v1_0_18_mi_handler__parameterized6\'
INFO: [VRFC 10-3107] analyzing entity '\sc_node_v1_0_18_mi_handler__parameterized6__xdcDup__1\'
INFO: [VRFC 10-3107] analyzing entity 'sc_si_converter_v1_0_15_top'
INFO: [VRFC 10-3107] analyzing entity '\sc_si_converter_v1_0_15_top__xdcDup__1\'
INFO: [VRFC 10-3107] analyzing entity 'blk_mem_gen_top'
INFO: [VRFC 10-3107] analyzing entity '\blk_mem_gen_top__parameterized0\'
INFO: [VRFC 10-3107] analyzing entity 'axi_gpio'
INFO: [VRFC 10-3107] analyzing entity '\axi_gpio__parameterized1\'
INFO: [VRFC 10-3107] analyzing entity 'bd_919a_m00e_0'
INFO: [VRFC 10-3107] analyzing entity 'bd_919a_m01e_0'
INFO: [VRFC 10-3107] analyzing entity 'bd_919a_m02e_0'
INFO: [VRFC 10-3107] analyzing entity 'bd_919a_m03e_0'
INFO: [VRFC 10-3107] analyzing entity 'bd_919a_s00sic_0'
INFO: [VRFC 10-3107] analyzing entity 'bd_919a_s01sic_0'
INFO: [VRFC 10-3107] analyzing entity 'clk_map_imp_1ESA9AA'
INFO: [VRFC 10-3107] analyzing entity 'system_axi_bram_ctrl_0_0'
INFO: [VRFC 10-3107] analyzing entity 'system_axi_bram_ctrl_1_1'
INFO: [VRFC 10-3107] analyzing entity 'system_microprocessor_0_0'
INFO: [VRFC 10-3107] analyzing entity 'sc_node_v1_0_18_mi_handler'
INFO: [VRFC 10-3107] analyzing entity '\sc_node_v1_0_18_mi_handler__parameterized0\'
INFO: [VRFC 10-3107] analyzing entity '\sc_node_v1_0_18_mi_handler__parameterized0__xdcDup__1\'
INFO: [VRFC 10-3107] analyzing entity '\sc_node_v1_0_18_mi_handler__parameterized0__xdcDup__2\'
INFO: [VRFC 10-3107] analyzing entity '\sc_node_v1_0_18_mi_handler__parameterized0__xdcDup__3\'
INFO: [VRFC 10-3107] analyzing entity '\sc_node_v1_0_18_mi_handler__parameterized1\'
INFO: [VRFC 10-3107] analyzing entity '\sc_node_v1_0_18_mi_handler__parameterized1__xdcDup__1\'
INFO: [VRFC 10-3107] analyzing entity '\sc_node_v1_0_18_mi_handler__parameterized1__xdcDup__2\'
INFO: [VRFC 10-3107] analyzing entity '\sc_node_v1_0_18_mi_handler__parameterized1__xdcDup__3\'
INFO: [VRFC 10-3107] analyzing entity '\sc_node_v1_0_18_mi_handler__parameterized2\'
INFO: [VRFC 10-3107] analyzing entity '\sc_node_v1_0_18_mi_handler__parameterized2__xdcDup__1\'
INFO: [VRFC 10-3107] analyzing entity '\sc_node_v1_0_18_mi_handler__parameterized2__xdcDup__2\'
INFO: [VRFC 10-3107] analyzing entity '\sc_node_v1_0_18_mi_handler__parameterized2__xdcDup__3\'
INFO: [VRFC 10-3107] analyzing entity '\sc_node_v1_0_18_mi_handler__parameterized3\'
INFO: [VRFC 10-3107] analyzing entity '\sc_node_v1_0_18_mi_handler__parameterized3__xdcDup__1\'
INFO: [VRFC 10-3107] analyzing entity '\sc_node_v1_0_18_mi_handler__parameterized3__xdcDup__2\'
INFO: [VRFC 10-3107] analyzing entity '\sc_node_v1_0_18_mi_handler__parameterized3__xdcDup__3\'
INFO: [VRFC 10-3107] analyzing entity '\sc_node_v1_0_18_mi_handler__parameterized4\'
INFO: [VRFC 10-3107] analyzing entity '\sc_node_v1_0_18_mi_handler__parameterized4__xdcDup__1\'
INFO: [VRFC 10-3107] analyzing entity '\sc_node_v1_0_18_mi_handler__parameterized5\'
INFO: [VRFC 10-3107] analyzing entity '\sc_node_v1_0_18_mi_handler__parameterized5__xdcDup__1\'
INFO: [VRFC 10-3107] analyzing entity '\sc_node_v1_0_18_mi_handler__parameterized7\'
INFO: [VRFC 10-3107] analyzing entity '\sc_node_v1_0_18_mi_handler__parameterized7__xdcDup__1\'
INFO: [VRFC 10-3107] analyzing entity '\sc_node_v1_0_18_mi_handler__parameterized8\'
INFO: [VRFC 10-3107] analyzing entity '\sc_node_v1_0_18_mi_handler__parameterized8__xdcDup__1\'
INFO: [VRFC 10-3107] analyzing entity '\sc_node_v1_0_18_mi_handler__xdcDup__1\'
INFO: [VRFC 10-3107] analyzing entity '\sc_node_v1_0_18_mi_handler__xdcDup__2\'
INFO: [VRFC 10-3107] analyzing entity '\sc_node_v1_0_18_mi_handler__xdcDup__3\'
INFO: [VRFC 10-3107] analyzing entity '\sc_node_v1_0_18_si_handler__parameterized3\'
INFO: [VRFC 10-3107] analyzing entity '\sc_node_v1_0_18_si_handler__parameterized3__xdcDup__1\'
INFO: [VRFC 10-3107] analyzing entity '\sc_node_v1_0_18_si_handler__parameterized3__xdcDup__2\'
INFO: [VRFC 10-3107] analyzing entity '\sc_node_v1_0_18_si_handler__parameterized3__xdcDup__3\'
INFO: [VRFC 10-3107] analyzing entity '\sc_node_v1_0_18_top__parameterized6\'
INFO: [VRFC 10-3107] analyzing entity '\sc_node_v1_0_18_top__parameterized6__xdcDup__1\'
INFO: [VRFC 10-3107] analyzing entity 'blk_mem_gen_v8_4_11_synth'
INFO: [VRFC 10-3107] analyzing entity '\blk_mem_gen_v8_4_11_synth__parameterized0\'
INFO: [VRFC 10-3107] analyzing entity 'bd_919a_sbn_0'
INFO: [VRFC 10-3107] analyzing entity 'bd_919a_sbn_1'
INFO: [VRFC 10-3107] analyzing entity 'm00_exit_pipeline_imp_M3NP7D'
INFO: [VRFC 10-3107] analyzing entity 'm01_exit_pipeline_imp_OKM6JD'
INFO: [VRFC 10-3107] analyzing entity 'm02_exit_pipeline_imp_R6JOBD'
INFO: [VRFC 10-3107] analyzing entity 'm03_exit_pipeline_imp_WZDZBT'
INFO: [VRFC 10-3107] analyzing entity 's00_entry_pipeline_imp_1KR8Y8Q'
INFO: [VRFC 10-3107] analyzing entity 's01_entry_pipeline_imp_OEX766'
INFO: [VRFC 10-3107] analyzing entity 'system_axi_gpio_0_0'
INFO: [VRFC 10-3107] analyzing entity 'system_axi_gpio_1_0'
INFO: [VRFC 10-3107] analyzing entity 'sc_node_v1_0_18_top'
INFO: [VRFC 10-3107] analyzing entity '\sc_node_v1_0_18_top__parameterized0\'
INFO: [VRFC 10-3107] analyzing entity '\sc_node_v1_0_18_top__parameterized0__xdcDup__1\'
INFO: [VRFC 10-3107] analyzing entity '\sc_node_v1_0_18_top__parameterized0__xdcDup__2\'
INFO: [VRFC 10-3107] analyzing entity '\sc_node_v1_0_18_top__parameterized0__xdcDup__3\'
INFO: [VRFC 10-3107] analyzing entity '\sc_node_v1_0_18_top__parameterized1\'
INFO: [VRFC 10-3107] analyzing entity '\sc_node_v1_0_18_top__parameterized1__xdcDup__1\'
INFO: [VRFC 10-3107] analyzing entity '\sc_node_v1_0_18_top__parameterized1__xdcDup__2\'
INFO: [VRFC 10-3107] analyzing entity '\sc_node_v1_0_18_top__parameterized1__xdcDup__3\'
INFO: [VRFC 10-3107] analyzing entity '\sc_node_v1_0_18_top__parameterized2\'
INFO: [VRFC 10-3107] analyzing entity '\sc_node_v1_0_18_top__parameterized2__xdcDup__1\'
INFO: [VRFC 10-3107] analyzing entity '\sc_node_v1_0_18_top__parameterized2__xdcDup__2\'
INFO: [VRFC 10-3107] analyzing entity '\sc_node_v1_0_18_top__parameterized2__xdcDup__3\'
INFO: [VRFC 10-3107] analyzing entity '\sc_node_v1_0_18_top__parameterized3\'
INFO: [VRFC 10-3107] analyzing entity '\sc_node_v1_0_18_top__parameterized3__xdcDup__1\'
INFO: [VRFC 10-3107] analyzing entity '\sc_node_v1_0_18_top__parameterized3__xdcDup__2\'
INFO: [VRFC 10-3107] analyzing entity '\sc_node_v1_0_18_top__parameterized3__xdcDup__3\'
INFO: [VRFC 10-3107] analyzing entity '\sc_node_v1_0_18_top__parameterized4\'
INFO: [VRFC 10-3107] analyzing entity '\sc_node_v1_0_18_top__parameterized4__xdcDup__1\'
INFO: [VRFC 10-3107] analyzing entity '\sc_node_v1_0_18_top__parameterized5\'
INFO: [VRFC 10-3107] analyzing entity '\sc_node_v1_0_18_top__parameterized5__xdcDup__1\'
INFO: [VRFC 10-3107] analyzing entity '\sc_node_v1_0_18_top__parameterized7\'
INFO: [VRFC 10-3107] analyzing entity '\sc_node_v1_0_18_top__parameterized7__xdcDup__1\'
INFO: [VRFC 10-3107] analyzing entity '\sc_node_v1_0_18_top__parameterized8\'
INFO: [VRFC 10-3107] analyzing entity '\sc_node_v1_0_18_top__parameterized8__xdcDup__1\'
INFO: [VRFC 10-3107] analyzing entity '\sc_node_v1_0_18_top__xdcDup__1\'
INFO: [VRFC 10-3107] analyzing entity '\sc_node_v1_0_18_top__xdcDup__2\'
INFO: [VRFC 10-3107] analyzing entity '\sc_node_v1_0_18_top__xdcDup__3\'
INFO: [VRFC 10-3107] analyzing entity 'blk_mem_gen_v8_4_11'
INFO: [VRFC 10-3107] analyzing entity '\blk_mem_gen_v8_4_11__parameterized1\'
INFO: [VRFC 10-3107] analyzing entity 'bd_919a_m00arn_0'
INFO: [VRFC 10-3107] analyzing entity 'bd_919a_m00awn_0'
INFO: [VRFC 10-3107] analyzing entity 'bd_919a_m00bn_0'
INFO: [VRFC 10-3107] analyzing entity 'bd_919a_m00rn_0'
INFO: [VRFC 10-3107] analyzing entity 'bd_919a_m00wn_0'
INFO: [VRFC 10-3107] analyzing entity 'bd_919a_m01arn_0'
INFO: [VRFC 10-3107] analyzing entity 'bd_919a_m01awn_0'
INFO: [VRFC 10-3107] analyzing entity 'bd_919a_m01bn_0'
INFO: [VRFC 10-3107] analyzing entity 'bd_919a_m01rn_0'
INFO: [VRFC 10-3107] analyzing entity 'bd_919a_m01wn_0'
INFO: [VRFC 10-3107] analyzing entity 'bd_919a_m02arn_0'
INFO: [VRFC 10-3107] analyzing entity 'bd_919a_m02awn_0'
INFO: [VRFC 10-3107] analyzing entity 'bd_919a_m02bn_0'
INFO: [VRFC 10-3107] analyzing entity 'bd_919a_m02rn_0'
INFO: [VRFC 10-3107] analyzing entity 'bd_919a_m02wn_0'
INFO: [VRFC 10-3107] analyzing entity 'bd_919a_m03arn_0'
INFO: [VRFC 10-3107] analyzing entity 'bd_919a_m03awn_0'
INFO: [VRFC 10-3107] analyzing entity 'bd_919a_m03bn_0'
INFO: [VRFC 10-3107] analyzing entity 'bd_919a_m03rn_0'
INFO: [VRFC 10-3107] analyzing entity 'bd_919a_m03wn_0'
INFO: [VRFC 10-3107] analyzing entity 'bd_919a_sarn_0'
INFO: [VRFC 10-3107] analyzing entity 'bd_919a_sarn_1'
INFO: [VRFC 10-3107] analyzing entity 'bd_919a_sawn_0'
INFO: [VRFC 10-3107] analyzing entity 'bd_919a_sawn_1'
INFO: [VRFC 10-3107] analyzing entity 'bd_919a_srn_0'
INFO: [VRFC 10-3107] analyzing entity 'bd_919a_srn_1'
INFO: [VRFC 10-3107] analyzing entity 'bd_919a_swn_0'
INFO: [VRFC 10-3107] analyzing entity 'bd_919a_swn_1'
INFO: [VRFC 10-3107] analyzing entity 'system_axi_bram_ctrl_0_bram_1'
INFO: [VRFC 10-3107] analyzing entity 'system_blk_mem_gen_0_0'
INFO: [VRFC 10-3107] analyzing entity 'm00_nodes_imp_8RDJLH'
INFO: [VRFC 10-3107] analyzing entity 'm01_nodes_imp_108O9HF'
INFO: [VRFC 10-3107] analyzing entity 'm02_nodes_imp_1YQZIS8'
INFO: [VRFC 10-3107] analyzing entity 'm03_nodes_imp_RQDZFY'
INFO: [VRFC 10-3107] analyzing entity 's00_nodes_imp_1O9PSU8'
INFO: [VRFC 10-3107] analyzing entity 's01_nodes_imp_IXFVHY'
INFO: [VRFC 10-3107] analyzing entity 'bd_919a'
INFO: [VRFC 10-3107] analyzing entity 'system_smartconnect_0_0'
INFO: [VRFC 10-3107] analyzing entity 'system'
INFO: [VRFC 10-3107] analyzing entity 'system_wrapper'
INFO: [VRFC 10-163] Analyzing VHDL file "/home/student/s101153258/riscv_microprocessor/riscv_microprocessor.srcs/sim_1/new/microprocessor_testbench.vhd" into library xil_defaultlib
INFO: [VRFC 10-3107] analyzing entity 'microprocessor_testbench'
