#
# An unexpected error has occurred (11)
#
Stack:
/opt/Xilinx/2025.1/Vivado/tps/lnx64/jre21.0.1_12/lib//server/libjvm.so(+0xe4f55c) [0x76c4c4c4f55c]
/opt/Xilinx/2025.1/Vivado/tps/lnx64/jre21.0.1_12/lib//server/libjvm.so(JVM_handle_linux_signal+0x23e) [0x76c4c4c5002e]
/lib/x86_64-linux-gnu/libc.so.6(+0x45330) [0x76c502e45330]
/opt/Xilinx/2025.1/Vivado/lib/lnx64.o/libxv_wavedata.so(+0x38d35b) [0x76c4d1b8d35b]
/opt/Xilinx/2025.1/Vivado/lib/lnx64.o/libxv_wavedata.so(SimBridge::DataObjMgr::createDrawingBTree(std::vector<SimBridge::IDataObj const*, std::allocator<SimBridge::IDataObj const*> > const&, ISIM::IGuiStatus*, bool)+0x211) [0x76c4d1b8d971]
/opt/Xilinx/2025.1/Vivado/lib/lnx64.o/libxv_wavedata.so(SimBridge::DataReader::getTransitions(SimBridge::IDataObj const*, long long, long long, long long, SimBridge::ValueFormat const&, std::vector<SimBridge::Transition, std::allocator<SimBridge::Transition> >&) const+0x6f) [0x76c4d1bc492f]
/opt/Xilinx/2025.1/Vivado/lib/lnx64.o/libxv_wavedata.so(SG_Model::ModelImp::getTransitions(SimBridge::IDataObj const*, SG_Model::IDatabase*, long long, long long, long long, SimBridge::ValueFormat const&, bool, std::vector<SimBridge::Transition, std::allocator<SimBridge::Transition> >&) const+0xb7) [0x76c4d1a54657]
/opt/Xilinx/2025.1/Vivado/lib/lnx64.o/libxv_wavedata.so(SG_Model::Model::getTransitions(SG_Model::WVDataObject const*, long long, long long, long long, SimBridge::ValueFormat const&, bool, std::vector<SimBridge::Transition, std::allocator<SimBridge::Transition> >&) const+0x128) [0x76c4d1a55ec8]
/opt/Xilinx/2025.1/Vivado/lib/lnx64.o/libxv_wavedata.so(+0x3fd126) [0x76c4d1bfd126]
/opt/Xilinx/2025.1/Vivado/lib/lnx64.o/libxv_wavedata.so(SG_Model::WaveformRender::render(SG_Model::WVDataObject const&)+0x2b4) [0x76c4d1bf9bc4]
/opt/Xilinx/2025.1/Vivado/lib/lnx64.o/libxv_wavedata.so(WaveViewer::WVWaveformPanel::WaveformTraverser::drawWaveform(SG_Model::WVDataObject const*, int, int)+0x394) [0x76c4d1a98c54]
/opt/Xilinx/2025.1/Vivado/lib/lnx64.o/libxv_wavedata.so(WaveViewer::WVWaveformPanel::WaveformTraverser::handleItemSize(WaveViewer::WVTreeWVObjectModel::ITraverseHandler::TraverseItem const&)+0x54) [0x76c4d1a98f24]
/opt/Xilinx/2025.1/Vivado/lib/lnx64.o/libxv_wavedata.so(WaveViewer::WVTreeWVObjectModel::traverseYRange(SG_Model::WVDataObject const*, WaveViewer::WVTreeWVObjectModel::ITraverseHandler&, int, int, int&, int&) const+0x20d) [0x76c4d1aa093d]
/opt/Xilinx/2025.1/Vivado/lib/lnx64.o/libxv_wavedata.so(WaveViewer::WVTreeWVObjectModel::traverseYRange(SG_Model::WVDataObject const*, WaveViewer::WVTreeWVObjectModel::ITraverseHandler&, int, int, int&, int&) const+0x288) [0x76c4d1aa09b8]
/opt/Xilinx/2025.1/Vivado/lib/lnx64.o/libxv_wavedata.so(WaveViewer::WVTreeWVObjectModel::traverseYRange(WaveViewer::WVTreeWVObjectModel::ITraverseHandler&, int, int) const+0x58) [0x76c4d1aa0af8]
/opt/Xilinx/2025.1/Vivado/lib/lnx64.o/libxv_wavedata.so(WaveViewer::WVWaveformPanel::getGraphics(HDGDStringStream&, long&)+0x3de) [0x76c4d1a9822e]
/opt/Xilinx/2025.1/Vivado/lib/lnx64.o/libxv_wavedata.so(WVExecutiveImp::getGraphicsDataSize()+0x9a) [0x76c4d1b0b42a]
/opt/Xilinx/2025.1/Vivado/lib/lnx64.o/libxv_wavedata.so(WVExecutive::getGraphicsDataSize()+0x18) [0x76c4d1b0b8c8]
/opt/Xilinx/2025.1/Vivado/lib/lnx64.o/libxv_wavedata.so(Java_ui_views_waveform_waveformi_WVExecutive_1getGraphicsDataSize+0x1c) [0x76c4d1b7a59c]
[0x76c4b3a6b980]
