#
# An unexpected error has occurred (11)
#
Stack:
/opt/Xilinx/2025.1/Vivado/tps/lnx64/jre21.0.1_12/lib//server/libjvm.so(+0xe4f55c) [0x7a04f344f55c]
/opt/Xilinx/2025.1/Vivado/tps/lnx64/jre21.0.1_12/lib//server/libjvm.so(JVM_handle_linux_signal+0x23e) [0x7a04f345002e]
/lib/x86_64-linux-gnu/libc.so.6(+0x45330) [0x7a0531645330]
/opt/Xilinx/2025.1/Vivado/lib/lnx64.o/libxv_wavedata.so(+0x38d35b) [0x7a050038d35b]
/opt/Xilinx/2025.1/Vivado/lib/lnx64.o/libxv_wavedata.so(SimBridge::DataObjMgr::createDrawingBTree(std::vector<SimBridge::IDataObj const*, std::allocator<SimBridge::IDataObj const*> > const&, ISIM::IGuiStatus*, bool)+0x211) [0x7a050038d971]
/opt/Xilinx/2025.1/Vivado/lib/lnx64.o/libxv_wavedata.so(SimBridge::DataReader::getTransitions(SimBridge::IDataObj const*, long long, long long, long long, SimBridge::ValueFormat const&, std::vector<SimBridge::Transition, std::allocator<SimBridge::Transition> >&) const+0x6f) [0x7a05003c492f]
/opt/Xilinx/2025.1/Vivado/lib/lnx64.o/libxv_wavedata.so(SG_Model::ModelImp::getTransitions(SimBridge::IDataObj const*, SG_Model::IDatabase*, long long, long long, long long, SimBridge::ValueFormat const&, bool, std::vector<SimBridge::Transition, std::allocator<SimBridge::Transition> >&) const+0xb7) [0x7a0500254657]
/opt/Xilinx/2025.1/Vivado/lib/lnx64.o/libxv_wavedata.so(SG_Model::Model::getTransitions(SG_Model::WVDataObject const*, long long, long long, long long, SimBridge::ValueFormat const&, bool, std::vector<SimBridge::Transition, std::allocator<SimBridge::Transition> >&) const+0x128) [0x7a0500255ec8]
/opt/Xilinx/2025.1/Vivado/lib/lnx64.o/libxv_wavedata.so(+0x3fd126) [0x7a05003fd126]
/opt/Xilinx/2025.1/Vivado/lib/lnx64.o/libxv_wavedata.so(SG_Model::WaveformRender::render(SG_Model::WVDataObject const&)+0x2b4) [0x7a05003f9bc4]
/opt/Xilinx/2025.1/Vivado/lib/lnx64.o/libxv_wavedata.so(WaveViewer::WVWaveformPanel::WaveformTraverser::drawWaveform(SG_Model::WVDataObject const*, int, int)+0x394) [0x7a0500298c54]
/opt/Xilinx/2025.1/Vivado/lib/lnx64.o/libxv_wavedata.so(WaveViewer::WVWaveformPanel::WaveformTraverser::handleItemSize(WaveViewer::WVTreeWVObjectModel::ITraverseHandler::TraverseItem const&)+0x54) [0x7a0500298f24]
/opt/Xilinx/2025.1/Vivado/lib/lnx64.o/libxv_wavedata.so(WaveViewer::WVTreeWVObjectModel::traverseYRange(SG_Model::WVDataObject const*, WaveViewer::WVTreeWVObjectModel::ITraverseHandler&, int, int, int&, int&) const+0x20d) [0x7a05002a093d]
/opt/Xilinx/2025.1/Vivado/lib/lnx64.o/libxv_wavedata.so(WaveViewer::WVTreeWVObjectModel::traverseYRange(SG_Model::WVDataObject const*, WaveViewer::WVTreeWVObjectModel::ITraverseHandler&, int, int, int&, int&) const+0x288) [0x7a05002a09b8]
/opt/Xilinx/2025.1/Vivado/lib/lnx64.o/libxv_wavedata.so(WaveViewer::WVTreeWVObjectModel::traverseYRange(WaveViewer::WVTreeWVObjectModel::ITraverseHandler&, int, int) const+0x58) [0x7a05002a0af8]
/opt/Xilinx/2025.1/Vivado/lib/lnx64.o/libxv_wavedata.so(WaveViewer::WVWaveformPanel::getGraphics(HDGDStringStream&, long&)+0x3de) [0x7a050029822e]
/opt/Xilinx/2025.1/Vivado/lib/lnx64.o/libxv_wavedata.so(WVExecutiveImp::getGraphicsDataSize()+0x9a) [0x7a050030b42a]
/opt/Xilinx/2025.1/Vivado/lib/lnx64.o/libxv_wavedata.so(WVExecutive::getGraphicsDataSize()+0x18) [0x7a050030b8c8]
/opt/Xilinx/2025.1/Vivado/lib/lnx64.o/libxv_wavedata.so(Java_ui_views_waveform_waveformi_WVExecutive_1getGraphicsDataSize+0x1c) [0x7a050037a59c]
[0x7a04e3d7ba6a]
