INFO: [VRFC 10-163] Analyzing VHDL file "/home/student/s101153258/riscv_microprocessor/riscv_microprocessor.srcs/sources_1/imports/new/generic_shifter.vhdl" into library xil_defaultlib
INFO: [VRFC 10-3107] analyzing entity 'generic_shifter'
INFO: [VRFC 10-163] Analyzing VHDL file "/home/student/s101153258/riscv_microprocessor/riscv_microprocessor.srcs/sources_1/new/RISCV_package.vhd" into library xil_defaultlib
INFO: [VRFC 10-163] Analyzing VHDL file "/home/student/s101153258/riscv_microprocessor/riscv_microprocessor.srcs/sources_1/new/alu.vhd" into library xil_defaultlib
INFO: [VRFC 10-3107] analyzing entity 'alu'
INFO: [VRFC 10-163] Analyzing VHDL file "/home/student/s101153258/riscv_microprocessor/riscv_microprocessor.srcs/sources_1/new/branch_test_unit.vhd" into library xil_defaultlib
INFO: [VRFC 10-3107] analyzing entity 'branch_test_unit'
INFO: [VRFC 10-163] Analyzing VHDL file "/home/student/s101153258/riscv_microprocessor/riscv_microprocessor.srcs/sources_1/imports/new/decoder_pkg.vhd" into library xil_defaultlib
INFO: [VRFC 10-163] Analyzing VHDL file "/home/student/s101153258/riscv_microprocessor/riscv_microprocessor.srcs/sources_1/imports/new/generic_register.vhd" into library xil_defaultlib
INFO: [VRFC 10-3107] analyzing entity 'generic_register'
INFO: [VRFC 10-163] Analyzing VHDL file "/home/student/s101153258/riscv_microprocessor/riscv_microprocessor.srcs/sources_1/new/register_file.vhd" into library xil_defaultlib
INFO: [VRFC 10-3107] analyzing entity 'register_file'
INFO: [VRFC 10-163] Analyzing VHDL file "/home/student/s101153258/riscv_microprocessor/riscv_microprocessor.srcs/sources_1/new/program_counter.vhd" into library xil_defaultlib
INFO: [VRFC 10-3107] analyzing entity 'program_counter'
INFO: [VRFC 10-163] Analyzing VHDL file "/home/student/s101153258/riscv_microprocessor/riscv_microprocessor.srcs/sources_1/new/datapath.vhd" into library xil_defaultlib
INFO: [VRFC 10-3107] analyzing entity 'datapath'
INFO: [VRFC 10-163] Analyzing VHDL file "/home/student/s101153258/riscv_microprocessor/riscv_microprocessor.srcs/sources_1/new/decoder.vhd" into library xil_defaultlib
INFO: [VRFC 10-3107] analyzing entity 'decoder'
INFO: [VRFC 10-163] Analyzing VHDL file "/home/student/s101153258/riscv_microprocessor/riscv_microprocessor.srcs/sim_1/new/register_file_testbench.vhd" into library xil_defaultlib
INFO: [VRFC 10-3107] analyzing entity 'register_file_testbench'
INFO: [VRFC 10-163] Analyzing VHDL file "/home/student/s101153258/riscv_microprocessor/riscv_microprocessor.srcs/sim_1/new/program_counter_testbench.vhd" into library xil_defaultlib
INFO: [VRFC 10-3107] analyzing entity 'program_counter_testbench'
INFO: [VRFC 10-163] Analyzing VHDL file "/home/student/s101153258/riscv_microprocessor/riscv_microprocessor.srcs/sim_1/new/btu_testbench.vhd" into library xil_defaultlib
INFO: [VRFC 10-3107] analyzing entity 'btu_testbench'
INFO: [VRFC 10-163] Analyzing VHDL file "/home/student/s101153258/riscv_microprocessor/riscv_microprocessor.srcs/sim_1/new/alu_testbench.vhd" into library xil_defaultlib
INFO: [VRFC 10-3107] analyzing entity 'alu_testbench'
INFO: [VRFC 10-163] Analyzing VHDL file "/home/student/s101153258/riscv_microprocessor/riscv_microprocessor.srcs/sim_1/imports/ceng-442-test-benches/fullish_test.vhdl" into library xil_defaultlib
INFO: [VRFC 10-3107] analyzing entity 'datapath_tb'
INFO: [VRFC 10-163] Analyzing VHDL file "/home/student/s101153258/riscv_microprocessor/riscv_microprocessor.srcs/sim_1/imports/s101153258/RISCV_instruction_decoder_testbench.vhdl" into library xil_defaultlib
INFO: [VRFC 10-3107] analyzing entity 'RISCV_Inst_Dec_tb'
